

================================================================
== Vitis HLS Report for 'sha256_transform'
================================================================
* Date:           Mon Jun  9 13:31:56 2025

* Version:        2024.2 (Build 5238294 on Nov  8 2024)
* Project:        sha256_top
* Solution:       hls (Vivado IP Flow Target)
* Product family: zynquplus
* Target device:  xczu7ev-ffvc1156-2-e


================================================================
== Performance Estimates
================================================================
+ Timing: 
    * Summary: 
    +--------+----------+----------+------------+
    |  Clock |  Target  | Estimated| Uncertainty|
    +--------+----------+----------+------------+
    |ap_clk  |  10.00 ns|  3.411 ns|     2.70 ns|
    +--------+----------+----------+------------+

+ Latency: 
    * Summary: 
    +---------+---------+----------+----------+-----+-----+---------+
    |  Latency (cycles) |  Latency (absolute) |  Interval | Pipeline|
    |   min   |   max   |    min   |    max   | min | max |   Type  |
    +---------+---------+----------+----------+-----+-----+---------+
    |      126|      126|  1.260 us|  1.260 us|  126|  126|       no|
    +---------+---------+----------+----------+-----+-----+---------+

    + Detail: 
        * Instance: 
        N/A

        * Loop: 
        N/A

============================================================
+ Verbose Summary: Synthesis Manager
============================================================
InlineROM: 1
ExposeGlobal: 0
============================================================
+ Verbose Summary: CDFG Model
============================================================
IsTopModel: 0
ResetActiveHigh: 1
IsCombinational: 0
IsDatapathOnly: 0
HasWiredReturn: 1
HasMFsm: 0
HasVarLatency: 1
IsPipeline: 0
IsRtlPipelined: 0
IsInstanceOverlapped: 0
IsDontTouch: 0
HasImplIP: 0
IsGatedGlobalClock: 0


============================================================
+ Verbose Summary: Schedule
============================================================
* Number of FSM states : 10
* Pipeline : 0
* Dataflow Pipeline: 0

* FSM state transitions: 
1 --> 2 
2 --> 3 
3 --> 4 
4 --> 5 
5 --> 6 
6 --> 7 
7 --> 8 
8 --> 9 
9 --> 10 
10 --> 

* FSM state operations: 

State 1 <SV = 0> <Delay = 0.67>
ST_1 : Operation 11 [1/1] (0.00ns)   --->   "%h_1_loc = alloca i64 1"   --->   Operation 11 'alloca' 'h_1_loc' <Predicate = true> <Delay = 0.00>
ST_1 : Operation 12 [1/1] (0.00ns)   --->   "%g_3_loc = alloca i64 1"   --->   Operation 12 'alloca' 'g_3_loc' <Predicate = true> <Delay = 0.00>
ST_1 : Operation 13 [1/1] (0.00ns)   --->   "%f_3_loc = alloca i64 1"   --->   Operation 13 'alloca' 'f_3_loc' <Predicate = true> <Delay = 0.00>
ST_1 : Operation 14 [1/1] (0.00ns)   --->   "%e_3_loc = alloca i64 1"   --->   Operation 14 'alloca' 'e_3_loc' <Predicate = true> <Delay = 0.00>
ST_1 : Operation 15 [1/1] (0.00ns)   --->   "%d_1_loc = alloca i64 1"   --->   Operation 15 'alloca' 'd_1_loc' <Predicate = true> <Delay = 0.00>
ST_1 : Operation 16 [1/1] (0.00ns)   --->   "%c_3_loc = alloca i64 1"   --->   Operation 16 'alloca' 'c_3_loc' <Predicate = true> <Delay = 0.00>
ST_1 : Operation 17 [1/1] (0.00ns)   --->   "%b_3_loc = alloca i64 1"   --->   Operation 17 'alloca' 'b_3_loc' <Predicate = true> <Delay = 0.00>
ST_1 : Operation 18 [1/1] (0.00ns)   --->   "%a_3_loc = alloca i64 1"   --->   Operation 18 'alloca' 'a_3_loc' <Predicate = true> <Delay = 0.00>
ST_1 : Operation 19 [1/1] (0.00ns)   --->   "%m_63_load_loc = alloca i64 1"   --->   Operation 19 'alloca' 'm_63_load_loc' <Predicate = true> <Delay = 0.00>
ST_1 : Operation 20 [1/1] (0.00ns)   --->   "%m_62_load_loc = alloca i64 1"   --->   Operation 20 'alloca' 'm_62_load_loc' <Predicate = true> <Delay = 0.00>
ST_1 : Operation 21 [1/1] (0.00ns)   --->   "%m_61_load_loc = alloca i64 1"   --->   Operation 21 'alloca' 'm_61_load_loc' <Predicate = true> <Delay = 0.00>
ST_1 : Operation 22 [1/1] (0.00ns)   --->   "%m_60_load_loc = alloca i64 1"   --->   Operation 22 'alloca' 'm_60_load_loc' <Predicate = true> <Delay = 0.00>
ST_1 : Operation 23 [1/1] (0.00ns)   --->   "%m_59_load_loc = alloca i64 1"   --->   Operation 23 'alloca' 'm_59_load_loc' <Predicate = true> <Delay = 0.00>
ST_1 : Operation 24 [1/1] (0.00ns)   --->   "%m_58_load_loc = alloca i64 1"   --->   Operation 24 'alloca' 'm_58_load_loc' <Predicate = true> <Delay = 0.00>
ST_1 : Operation 25 [1/1] (0.00ns)   --->   "%m_57_load_loc = alloca i64 1"   --->   Operation 25 'alloca' 'm_57_load_loc' <Predicate = true> <Delay = 0.00>
ST_1 : Operation 26 [1/1] (0.00ns)   --->   "%m_56_load_loc = alloca i64 1"   --->   Operation 26 'alloca' 'm_56_load_loc' <Predicate = true> <Delay = 0.00>
ST_1 : Operation 27 [1/1] (0.00ns)   --->   "%m_55_load_loc = alloca i64 1"   --->   Operation 27 'alloca' 'm_55_load_loc' <Predicate = true> <Delay = 0.00>
ST_1 : Operation 28 [1/1] (0.00ns)   --->   "%m_54_load_loc = alloca i64 1"   --->   Operation 28 'alloca' 'm_54_load_loc' <Predicate = true> <Delay = 0.00>
ST_1 : Operation 29 [1/1] (0.00ns)   --->   "%m_53_load_loc = alloca i64 1"   --->   Operation 29 'alloca' 'm_53_load_loc' <Predicate = true> <Delay = 0.00>
ST_1 : Operation 30 [1/1] (0.00ns)   --->   "%m_52_load_loc = alloca i64 1"   --->   Operation 30 'alloca' 'm_52_load_loc' <Predicate = true> <Delay = 0.00>
ST_1 : Operation 31 [1/1] (0.00ns)   --->   "%m_51_load_loc = alloca i64 1"   --->   Operation 31 'alloca' 'm_51_load_loc' <Predicate = true> <Delay = 0.00>
ST_1 : Operation 32 [1/1] (0.00ns)   --->   "%m_50_load_loc = alloca i64 1"   --->   Operation 32 'alloca' 'm_50_load_loc' <Predicate = true> <Delay = 0.00>
ST_1 : Operation 33 [1/1] (0.00ns)   --->   "%m_49_load_loc = alloca i64 1"   --->   Operation 33 'alloca' 'm_49_load_loc' <Predicate = true> <Delay = 0.00>
ST_1 : Operation 34 [1/1] (0.00ns)   --->   "%m_48_load_loc = alloca i64 1"   --->   Operation 34 'alloca' 'm_48_load_loc' <Predicate = true> <Delay = 0.00>
ST_1 : Operation 35 [1/1] (0.00ns)   --->   "%m_47_load_loc = alloca i64 1"   --->   Operation 35 'alloca' 'm_47_load_loc' <Predicate = true> <Delay = 0.00>
ST_1 : Operation 36 [1/1] (0.00ns)   --->   "%m_46_load_loc = alloca i64 1"   --->   Operation 36 'alloca' 'm_46_load_loc' <Predicate = true> <Delay = 0.00>
ST_1 : Operation 37 [1/1] (0.00ns)   --->   "%m_45_load_loc = alloca i64 1"   --->   Operation 37 'alloca' 'm_45_load_loc' <Predicate = true> <Delay = 0.00>
ST_1 : Operation 38 [1/1] (0.00ns)   --->   "%m_44_load_loc = alloca i64 1"   --->   Operation 38 'alloca' 'm_44_load_loc' <Predicate = true> <Delay = 0.00>
ST_1 : Operation 39 [1/1] (0.00ns)   --->   "%m_43_load_loc = alloca i64 1"   --->   Operation 39 'alloca' 'm_43_load_loc' <Predicate = true> <Delay = 0.00>
ST_1 : Operation 40 [1/1] (0.00ns)   --->   "%m_42_load_loc = alloca i64 1"   --->   Operation 40 'alloca' 'm_42_load_loc' <Predicate = true> <Delay = 0.00>
ST_1 : Operation 41 [1/1] (0.00ns)   --->   "%m_41_load_loc = alloca i64 1"   --->   Operation 41 'alloca' 'm_41_load_loc' <Predicate = true> <Delay = 0.00>
ST_1 : Operation 42 [1/1] (0.00ns)   --->   "%m_40_load_loc = alloca i64 1"   --->   Operation 42 'alloca' 'm_40_load_loc' <Predicate = true> <Delay = 0.00>
ST_1 : Operation 43 [1/1] (0.00ns)   --->   "%m_39_load_loc = alloca i64 1"   --->   Operation 43 'alloca' 'm_39_load_loc' <Predicate = true> <Delay = 0.00>
ST_1 : Operation 44 [1/1] (0.00ns)   --->   "%m_38_load_loc = alloca i64 1"   --->   Operation 44 'alloca' 'm_38_load_loc' <Predicate = true> <Delay = 0.00>
ST_1 : Operation 45 [1/1] (0.00ns)   --->   "%m_37_load_loc = alloca i64 1"   --->   Operation 45 'alloca' 'm_37_load_loc' <Predicate = true> <Delay = 0.00>
ST_1 : Operation 46 [1/1] (0.00ns)   --->   "%m_36_load_loc = alloca i64 1"   --->   Operation 46 'alloca' 'm_36_load_loc' <Predicate = true> <Delay = 0.00>
ST_1 : Operation 47 [1/1] (0.00ns)   --->   "%m_35_load_loc = alloca i64 1"   --->   Operation 47 'alloca' 'm_35_load_loc' <Predicate = true> <Delay = 0.00>
ST_1 : Operation 48 [1/1] (0.00ns)   --->   "%m_34_load_loc = alloca i64 1"   --->   Operation 48 'alloca' 'm_34_load_loc' <Predicate = true> <Delay = 0.00>
ST_1 : Operation 49 [1/1] (0.00ns)   --->   "%m_33_load_loc = alloca i64 1"   --->   Operation 49 'alloca' 'm_33_load_loc' <Predicate = true> <Delay = 0.00>
ST_1 : Operation 50 [1/1] (0.00ns)   --->   "%m_32_load_loc = alloca i64 1"   --->   Operation 50 'alloca' 'm_32_load_loc' <Predicate = true> <Delay = 0.00>
ST_1 : Operation 51 [1/1] (0.00ns)   --->   "%m_31_load_loc = alloca i64 1"   --->   Operation 51 'alloca' 'm_31_load_loc' <Predicate = true> <Delay = 0.00>
ST_1 : Operation 52 [1/1] (0.00ns)   --->   "%m_30_load_loc = alloca i64 1"   --->   Operation 52 'alloca' 'm_30_load_loc' <Predicate = true> <Delay = 0.00>
ST_1 : Operation 53 [1/1] (0.00ns)   --->   "%m_29_load_loc = alloca i64 1"   --->   Operation 53 'alloca' 'm_29_load_loc' <Predicate = true> <Delay = 0.00>
ST_1 : Operation 54 [1/1] (0.00ns)   --->   "%m_28_load_loc = alloca i64 1"   --->   Operation 54 'alloca' 'm_28_load_loc' <Predicate = true> <Delay = 0.00>
ST_1 : Operation 55 [1/1] (0.00ns)   --->   "%m_27_load_loc = alloca i64 1"   --->   Operation 55 'alloca' 'm_27_load_loc' <Predicate = true> <Delay = 0.00>
ST_1 : Operation 56 [1/1] (0.00ns)   --->   "%m_26_load_loc = alloca i64 1"   --->   Operation 56 'alloca' 'm_26_load_loc' <Predicate = true> <Delay = 0.00>
ST_1 : Operation 57 [1/1] (0.00ns)   --->   "%m_25_load_loc = alloca i64 1"   --->   Operation 57 'alloca' 'm_25_load_loc' <Predicate = true> <Delay = 0.00>
ST_1 : Operation 58 [1/1] (0.00ns)   --->   "%m_24_load_loc = alloca i64 1"   --->   Operation 58 'alloca' 'm_24_load_loc' <Predicate = true> <Delay = 0.00>
ST_1 : Operation 59 [1/1] (0.00ns)   --->   "%m_23_load_loc = alloca i64 1"   --->   Operation 59 'alloca' 'm_23_load_loc' <Predicate = true> <Delay = 0.00>
ST_1 : Operation 60 [1/1] (0.00ns)   --->   "%m_22_load_loc = alloca i64 1"   --->   Operation 60 'alloca' 'm_22_load_loc' <Predicate = true> <Delay = 0.00>
ST_1 : Operation 61 [1/1] (0.00ns)   --->   "%m_21_load_loc = alloca i64 1"   --->   Operation 61 'alloca' 'm_21_load_loc' <Predicate = true> <Delay = 0.00>
ST_1 : Operation 62 [1/1] (0.00ns)   --->   "%m_20_load_loc = alloca i64 1"   --->   Operation 62 'alloca' 'm_20_load_loc' <Predicate = true> <Delay = 0.00>
ST_1 : Operation 63 [1/1] (0.00ns)   --->   "%m_19_load_loc = alloca i64 1"   --->   Operation 63 'alloca' 'm_19_load_loc' <Predicate = true> <Delay = 0.00>
ST_1 : Operation 64 [1/1] (0.00ns)   --->   "%m_18_load_loc = alloca i64 1"   --->   Operation 64 'alloca' 'm_18_load_loc' <Predicate = true> <Delay = 0.00>
ST_1 : Operation 65 [1/1] (0.00ns)   --->   "%m_17_load_loc = alloca i64 1"   --->   Operation 65 'alloca' 'm_17_load_loc' <Predicate = true> <Delay = 0.00>
ST_1 : Operation 66 [1/1] (0.00ns)   --->   "%m_16_load_loc = alloca i64 1"   --->   Operation 66 'alloca' 'm_16_load_loc' <Predicate = true> <Delay = 0.00>
ST_1 : Operation 67 [1/1] (0.00ns)   --->   "%state_addr = getelementptr i32 %state, i64 0, i64 0"   --->   Operation 67 'getelementptr' 'state_addr' <Predicate = true> <Delay = 0.00>
ST_1 : Operation 68 [2/2] (0.67ns)   --->   "%a = load i3 %state_addr" [../src/sha256.c:24]   --->   Operation 68 'load' 'a' <Predicate = true> <Delay = 0.67> <CoreInst = "RAM">   --->   Core 82 'RAM' <Latency = 1> <II = 1> <Delay = 0.67> <Storage> <Opcode : 'load' 'store'> <Ports = 2> <Width = 32> <Depth = 8> <RAM>
ST_1 : Operation 69 [1/1] (0.00ns)   --->   "%state_addr_1 = getelementptr i32 %state, i64 0, i64 1" [../src/sha256.c:25]   --->   Operation 69 'getelementptr' 'state_addr_1' <Predicate = true> <Delay = 0.00>
ST_1 : Operation 70 [2/2] (0.67ns)   --->   "%b = load i3 %state_addr_1" [../src/sha256.c:25]   --->   Operation 70 'load' 'b' <Predicate = true> <Delay = 0.67> <CoreInst = "RAM">   --->   Core 82 'RAM' <Latency = 1> <II = 1> <Delay = 0.67> <Storage> <Opcode : 'load' 'store'> <Ports = 2> <Width = 32> <Depth = 8> <RAM>

State 2 <SV = 1> <Delay = 0.67>
ST_2 : Operation 71 [1/2] ( I:0.67ns O:0.67ns )   --->   "%a = load i3 %state_addr" [../src/sha256.c:24]   --->   Operation 71 'load' 'a' <Predicate = true> <Delay = 0.67> <CoreInst = "RAM">   --->   Core 82 'RAM' <Latency = 1> <II = 1> <Delay = 0.67> <Storage> <Opcode : 'load' 'store'> <Ports = 2> <Width = 32> <Depth = 8> <RAM>
ST_2 : Operation 72 [1/2] ( I:0.67ns O:0.67ns )   --->   "%b = load i3 %state_addr_1" [../src/sha256.c:25]   --->   Operation 72 'load' 'b' <Predicate = true> <Delay = 0.67> <CoreInst = "RAM">   --->   Core 82 'RAM' <Latency = 1> <II = 1> <Delay = 0.67> <Storage> <Opcode : 'load' 'store'> <Ports = 2> <Width = 32> <Depth = 8> <RAM>
ST_2 : Operation 73 [1/1] (0.00ns)   --->   "%state_addr_2 = getelementptr i32 %state, i64 0, i64 2" [../src/sha256.c:26]   --->   Operation 73 'getelementptr' 'state_addr_2' <Predicate = true> <Delay = 0.00>
ST_2 : Operation 74 [2/2] (0.67ns)   --->   "%c = load i3 %state_addr_2" [../src/sha256.c:26]   --->   Operation 74 'load' 'c' <Predicate = true> <Delay = 0.67> <CoreInst = "RAM">   --->   Core 82 'RAM' <Latency = 1> <II = 1> <Delay = 0.67> <Storage> <Opcode : 'load' 'store'> <Ports = 2> <Width = 32> <Depth = 8> <RAM>
ST_2 : Operation 75 [1/1] (0.00ns)   --->   "%state_addr_3 = getelementptr i32 %state, i64 0, i64 3" [../src/sha256.c:27]   --->   Operation 75 'getelementptr' 'state_addr_3' <Predicate = true> <Delay = 0.00>
ST_2 : Operation 76 [2/2] (0.67ns)   --->   "%d = load i3 %state_addr_3" [../src/sha256.c:27]   --->   Operation 76 'load' 'd' <Predicate = true> <Delay = 0.67> <CoreInst = "RAM">   --->   Core 82 'RAM' <Latency = 1> <II = 1> <Delay = 0.67> <Storage> <Opcode : 'load' 'store'> <Ports = 2> <Width = 32> <Depth = 8> <RAM>

State 3 <SV = 2> <Delay = 2.78>
ST_3 : Operation 77 [1/1] (0.00ns)   --->   "%data_63_val_read = read i8 @_ssdm_op_Read.ap_auto.i8, i8 %data_63_val"   --->   Operation 77 'read' 'data_63_val_read' <Predicate = true> <Delay = 0.00>
ST_3 : Operation 78 [1/1] (0.00ns)   --->   "%data_62_val_read = read i8 @_ssdm_op_Read.ap_auto.i8, i8 %data_62_val"   --->   Operation 78 'read' 'data_62_val_read' <Predicate = true> <Delay = 0.00>
ST_3 : Operation 79 [1/1] (0.00ns)   --->   "%data_61_val_read = read i8 @_ssdm_op_Read.ap_auto.i8, i8 %data_61_val"   --->   Operation 79 'read' 'data_61_val_read' <Predicate = true> <Delay = 0.00>
ST_3 : Operation 80 [1/1] (0.00ns)   --->   "%data_60_val_read = read i8 @_ssdm_op_Read.ap_auto.i8, i8 %data_60_val"   --->   Operation 80 'read' 'data_60_val_read' <Predicate = true> <Delay = 0.00>
ST_3 : Operation 81 [1/1] (0.00ns)   --->   "%data_59_val_read = read i8 @_ssdm_op_Read.ap_auto.i8, i8 %data_59_val"   --->   Operation 81 'read' 'data_59_val_read' <Predicate = true> <Delay = 0.00>
ST_3 : Operation 82 [1/1] (0.00ns)   --->   "%data_58_val_read = read i8 @_ssdm_op_Read.ap_auto.i8, i8 %data_58_val"   --->   Operation 82 'read' 'data_58_val_read' <Predicate = true> <Delay = 0.00>
ST_3 : Operation 83 [1/1] (0.00ns)   --->   "%data_57_val_read = read i8 @_ssdm_op_Read.ap_auto.i8, i8 %data_57_val"   --->   Operation 83 'read' 'data_57_val_read' <Predicate = true> <Delay = 0.00>
ST_3 : Operation 84 [1/1] (0.00ns)   --->   "%data_56_val_read = read i8 @_ssdm_op_Read.ap_auto.i8, i8 %data_56_val"   --->   Operation 84 'read' 'data_56_val_read' <Predicate = true> <Delay = 0.00>
ST_3 : Operation 85 [1/1] (0.00ns)   --->   "%data_55_val_read = read i8 @_ssdm_op_Read.ap_auto.i8, i8 %data_55_val"   --->   Operation 85 'read' 'data_55_val_read' <Predicate = true> <Delay = 0.00>
ST_3 : Operation 86 [1/1] (0.00ns)   --->   "%data_54_val_read = read i8 @_ssdm_op_Read.ap_auto.i8, i8 %data_54_val"   --->   Operation 86 'read' 'data_54_val_read' <Predicate = true> <Delay = 0.00>
ST_3 : Operation 87 [1/1] (0.00ns)   --->   "%data_53_val_read = read i8 @_ssdm_op_Read.ap_auto.i8, i8 %data_53_val"   --->   Operation 87 'read' 'data_53_val_read' <Predicate = true> <Delay = 0.00>
ST_3 : Operation 88 [1/1] (0.00ns)   --->   "%data_52_val_read = read i8 @_ssdm_op_Read.ap_auto.i8, i8 %data_52_val"   --->   Operation 88 'read' 'data_52_val_read' <Predicate = true> <Delay = 0.00>
ST_3 : Operation 89 [1/1] (0.00ns)   --->   "%data_51_val_read = read i8 @_ssdm_op_Read.ap_auto.i8, i8 %data_51_val"   --->   Operation 89 'read' 'data_51_val_read' <Predicate = true> <Delay = 0.00>
ST_3 : Operation 90 [1/1] (0.00ns)   --->   "%data_50_val_read = read i8 @_ssdm_op_Read.ap_auto.i8, i8 %data_50_val"   --->   Operation 90 'read' 'data_50_val_read' <Predicate = true> <Delay = 0.00>
ST_3 : Operation 91 [1/1] (0.00ns)   --->   "%data_49_val_read = read i8 @_ssdm_op_Read.ap_auto.i8, i8 %data_49_val"   --->   Operation 91 'read' 'data_49_val_read' <Predicate = true> <Delay = 0.00>
ST_3 : Operation 92 [1/1] (0.00ns)   --->   "%data_48_val_read = read i8 @_ssdm_op_Read.ap_auto.i8, i8 %data_48_val"   --->   Operation 92 'read' 'data_48_val_read' <Predicate = true> <Delay = 0.00>
ST_3 : Operation 93 [1/1] (0.00ns)   --->   "%data_47_val_read = read i8 @_ssdm_op_Read.ap_auto.i8, i8 %data_47_val"   --->   Operation 93 'read' 'data_47_val_read' <Predicate = true> <Delay = 0.00>
ST_3 : Operation 94 [1/1] (0.00ns)   --->   "%data_46_val_read = read i8 @_ssdm_op_Read.ap_auto.i8, i8 %data_46_val"   --->   Operation 94 'read' 'data_46_val_read' <Predicate = true> <Delay = 0.00>
ST_3 : Operation 95 [1/1] (0.00ns)   --->   "%data_45_val_read = read i8 @_ssdm_op_Read.ap_auto.i8, i8 %data_45_val"   --->   Operation 95 'read' 'data_45_val_read' <Predicate = true> <Delay = 0.00>
ST_3 : Operation 96 [1/1] (0.00ns)   --->   "%data_44_val_read = read i8 @_ssdm_op_Read.ap_auto.i8, i8 %data_44_val"   --->   Operation 96 'read' 'data_44_val_read' <Predicate = true> <Delay = 0.00>
ST_3 : Operation 97 [1/1] (0.00ns)   --->   "%data_43_val_read = read i8 @_ssdm_op_Read.ap_auto.i8, i8 %data_43_val"   --->   Operation 97 'read' 'data_43_val_read' <Predicate = true> <Delay = 0.00>
ST_3 : Operation 98 [1/1] (0.00ns)   --->   "%data_42_val_read = read i8 @_ssdm_op_Read.ap_auto.i8, i8 %data_42_val"   --->   Operation 98 'read' 'data_42_val_read' <Predicate = true> <Delay = 0.00>
ST_3 : Operation 99 [1/1] (0.00ns)   --->   "%data_41_val_read = read i8 @_ssdm_op_Read.ap_auto.i8, i8 %data_41_val"   --->   Operation 99 'read' 'data_41_val_read' <Predicate = true> <Delay = 0.00>
ST_3 : Operation 100 [1/1] (0.00ns)   --->   "%data_40_val_read = read i8 @_ssdm_op_Read.ap_auto.i8, i8 %data_40_val"   --->   Operation 100 'read' 'data_40_val_read' <Predicate = true> <Delay = 0.00>
ST_3 : Operation 101 [1/1] (0.00ns)   --->   "%data_39_val_read = read i8 @_ssdm_op_Read.ap_auto.i8, i8 %data_39_val"   --->   Operation 101 'read' 'data_39_val_read' <Predicate = true> <Delay = 0.00>
ST_3 : Operation 102 [1/1] (0.00ns)   --->   "%data_38_val_read = read i8 @_ssdm_op_Read.ap_auto.i8, i8 %data_38_val"   --->   Operation 102 'read' 'data_38_val_read' <Predicate = true> <Delay = 0.00>
ST_3 : Operation 103 [1/1] (0.00ns)   --->   "%data_37_val_read = read i8 @_ssdm_op_Read.ap_auto.i8, i8 %data_37_val"   --->   Operation 103 'read' 'data_37_val_read' <Predicate = true> <Delay = 0.00>
ST_3 : Operation 104 [1/1] (0.00ns)   --->   "%data_36_val_read = read i8 @_ssdm_op_Read.ap_auto.i8, i8 %data_36_val"   --->   Operation 104 'read' 'data_36_val_read' <Predicate = true> <Delay = 0.00>
ST_3 : Operation 105 [1/1] (0.00ns)   --->   "%data_35_val_read = read i8 @_ssdm_op_Read.ap_auto.i8, i8 %data_35_val"   --->   Operation 105 'read' 'data_35_val_read' <Predicate = true> <Delay = 0.00>
ST_3 : Operation 106 [1/1] (0.00ns)   --->   "%data_34_val_read = read i8 @_ssdm_op_Read.ap_auto.i8, i8 %data_34_val"   --->   Operation 106 'read' 'data_34_val_read' <Predicate = true> <Delay = 0.00>
ST_3 : Operation 107 [1/1] (0.00ns)   --->   "%data_33_val_read = read i8 @_ssdm_op_Read.ap_auto.i8, i8 %data_33_val"   --->   Operation 107 'read' 'data_33_val_read' <Predicate = true> <Delay = 0.00>
ST_3 : Operation 108 [1/1] (0.00ns)   --->   "%data_32_val_read = read i8 @_ssdm_op_Read.ap_auto.i8, i8 %data_32_val"   --->   Operation 108 'read' 'data_32_val_read' <Predicate = true> <Delay = 0.00>
ST_3 : Operation 109 [1/1] (0.00ns)   --->   "%data_31_val_read = read i8 @_ssdm_op_Read.ap_auto.i8, i8 %data_31_val"   --->   Operation 109 'read' 'data_31_val_read' <Predicate = true> <Delay = 0.00>
ST_3 : Operation 110 [1/1] (0.00ns)   --->   "%data_30_val_read = read i8 @_ssdm_op_Read.ap_auto.i8, i8 %data_30_val"   --->   Operation 110 'read' 'data_30_val_read' <Predicate = true> <Delay = 0.00>
ST_3 : Operation 111 [1/1] (0.00ns)   --->   "%data_29_val_read = read i8 @_ssdm_op_Read.ap_auto.i8, i8 %data_29_val"   --->   Operation 111 'read' 'data_29_val_read' <Predicate = true> <Delay = 0.00>
ST_3 : Operation 112 [1/1] (0.00ns)   --->   "%data_28_val_read = read i8 @_ssdm_op_Read.ap_auto.i8, i8 %data_28_val"   --->   Operation 112 'read' 'data_28_val_read' <Predicate = true> <Delay = 0.00>
ST_3 : Operation 113 [1/1] (0.00ns)   --->   "%data_27_val_read = read i8 @_ssdm_op_Read.ap_auto.i8, i8 %data_27_val"   --->   Operation 113 'read' 'data_27_val_read' <Predicate = true> <Delay = 0.00>
ST_3 : Operation 114 [1/1] (0.00ns)   --->   "%data_26_val_read = read i8 @_ssdm_op_Read.ap_auto.i8, i8 %data_26_val"   --->   Operation 114 'read' 'data_26_val_read' <Predicate = true> <Delay = 0.00>
ST_3 : Operation 115 [1/1] (0.00ns)   --->   "%data_25_val_read = read i8 @_ssdm_op_Read.ap_auto.i8, i8 %data_25_val"   --->   Operation 115 'read' 'data_25_val_read' <Predicate = true> <Delay = 0.00>
ST_3 : Operation 116 [1/1] (0.00ns)   --->   "%data_24_val_read = read i8 @_ssdm_op_Read.ap_auto.i8, i8 %data_24_val"   --->   Operation 116 'read' 'data_24_val_read' <Predicate = true> <Delay = 0.00>
ST_3 : Operation 117 [1/1] (0.00ns)   --->   "%data_23_val_read = read i8 @_ssdm_op_Read.ap_auto.i8, i8 %data_23_val"   --->   Operation 117 'read' 'data_23_val_read' <Predicate = true> <Delay = 0.00>
ST_3 : Operation 118 [1/1] (0.00ns)   --->   "%data_22_val_read = read i8 @_ssdm_op_Read.ap_auto.i8, i8 %data_22_val"   --->   Operation 118 'read' 'data_22_val_read' <Predicate = true> <Delay = 0.00>
ST_3 : Operation 119 [1/1] (0.00ns)   --->   "%data_21_val_read = read i8 @_ssdm_op_Read.ap_auto.i8, i8 %data_21_val"   --->   Operation 119 'read' 'data_21_val_read' <Predicate = true> <Delay = 0.00>
ST_3 : Operation 120 [1/1] (0.00ns)   --->   "%data_20_val_read = read i8 @_ssdm_op_Read.ap_auto.i8, i8 %data_20_val"   --->   Operation 120 'read' 'data_20_val_read' <Predicate = true> <Delay = 0.00>
ST_3 : Operation 121 [1/1] (0.00ns)   --->   "%data_19_val_read = read i8 @_ssdm_op_Read.ap_auto.i8, i8 %data_19_val"   --->   Operation 121 'read' 'data_19_val_read' <Predicate = true> <Delay = 0.00>
ST_3 : Operation 122 [1/1] (0.00ns)   --->   "%data_18_val_read = read i8 @_ssdm_op_Read.ap_auto.i8, i8 %data_18_val"   --->   Operation 122 'read' 'data_18_val_read' <Predicate = true> <Delay = 0.00>
ST_3 : Operation 123 [1/1] (0.00ns)   --->   "%data_17_val_read = read i8 @_ssdm_op_Read.ap_auto.i8, i8 %data_17_val"   --->   Operation 123 'read' 'data_17_val_read' <Predicate = true> <Delay = 0.00>
ST_3 : Operation 124 [1/1] (0.00ns)   --->   "%data_16_val_read = read i8 @_ssdm_op_Read.ap_auto.i8, i8 %data_16_val"   --->   Operation 124 'read' 'data_16_val_read' <Predicate = true> <Delay = 0.00>
ST_3 : Operation 125 [1/1] (0.00ns)   --->   "%data_15_val_read = read i8 @_ssdm_op_Read.ap_auto.i8, i8 %data_15_val"   --->   Operation 125 'read' 'data_15_val_read' <Predicate = true> <Delay = 0.00>
ST_3 : Operation 126 [1/1] (0.00ns)   --->   "%data_14_val_read = read i8 @_ssdm_op_Read.ap_auto.i8, i8 %data_14_val"   --->   Operation 126 'read' 'data_14_val_read' <Predicate = true> <Delay = 0.00>
ST_3 : Operation 127 [1/1] (0.00ns)   --->   "%data_13_val_read = read i8 @_ssdm_op_Read.ap_auto.i8, i8 %data_13_val"   --->   Operation 127 'read' 'data_13_val_read' <Predicate = true> <Delay = 0.00>
ST_3 : Operation 128 [1/1] (0.00ns)   --->   "%data_12_val_read = read i8 @_ssdm_op_Read.ap_auto.i8, i8 %data_12_val"   --->   Operation 128 'read' 'data_12_val_read' <Predicate = true> <Delay = 0.00>
ST_3 : Operation 129 [1/1] (0.00ns)   --->   "%data_11_val_read = read i8 @_ssdm_op_Read.ap_auto.i8, i8 %data_11_val"   --->   Operation 129 'read' 'data_11_val_read' <Predicate = true> <Delay = 0.00>
ST_3 : Operation 130 [1/1] (0.00ns)   --->   "%data_10_val_read = read i8 @_ssdm_op_Read.ap_auto.i8, i8 %data_10_val"   --->   Operation 130 'read' 'data_10_val_read' <Predicate = true> <Delay = 0.00>
ST_3 : Operation 131 [1/1] (0.00ns)   --->   "%data_9_val_read = read i8 @_ssdm_op_Read.ap_auto.i8, i8 %data_9_val"   --->   Operation 131 'read' 'data_9_val_read' <Predicate = true> <Delay = 0.00>
ST_3 : Operation 132 [1/1] (0.00ns)   --->   "%data_8_val_read = read i8 @_ssdm_op_Read.ap_auto.i8, i8 %data_8_val"   --->   Operation 132 'read' 'data_8_val_read' <Predicate = true> <Delay = 0.00>
ST_3 : Operation 133 [1/1] (0.00ns)   --->   "%data_7_val_read = read i8 @_ssdm_op_Read.ap_auto.i8, i8 %data_7_val"   --->   Operation 133 'read' 'data_7_val_read' <Predicate = true> <Delay = 0.00>
ST_3 : Operation 134 [1/1] (0.00ns)   --->   "%data_6_val_read = read i8 @_ssdm_op_Read.ap_auto.i8, i8 %data_6_val"   --->   Operation 134 'read' 'data_6_val_read' <Predicate = true> <Delay = 0.00>
ST_3 : Operation 135 [1/1] (0.00ns)   --->   "%data_5_val_read = read i8 @_ssdm_op_Read.ap_auto.i8, i8 %data_5_val"   --->   Operation 135 'read' 'data_5_val_read' <Predicate = true> <Delay = 0.00>
ST_3 : Operation 136 [1/1] (0.00ns)   --->   "%data_4_val_read = read i8 @_ssdm_op_Read.ap_auto.i8, i8 %data_4_val"   --->   Operation 136 'read' 'data_4_val_read' <Predicate = true> <Delay = 0.00>
ST_3 : Operation 137 [1/1] (0.00ns)   --->   "%data_3_val_read = read i8 @_ssdm_op_Read.ap_auto.i8, i8 %data_3_val"   --->   Operation 137 'read' 'data_3_val_read' <Predicate = true> <Delay = 0.00>
ST_3 : Operation 138 [1/1] (0.00ns)   --->   "%data_2_val_read = read i8 @_ssdm_op_Read.ap_auto.i8, i8 %data_2_val"   --->   Operation 138 'read' 'data_2_val_read' <Predicate = true> <Delay = 0.00>
ST_3 : Operation 139 [1/1] (0.00ns)   --->   "%data_1_val_read = read i8 @_ssdm_op_Read.ap_auto.i8, i8 %data_1_val"   --->   Operation 139 'read' 'data_1_val_read' <Predicate = true> <Delay = 0.00>
ST_3 : Operation 140 [1/1] (0.00ns)   --->   "%data_0_val_read = read i8 @_ssdm_op_Read.ap_auto.i8, i8 %data_0_val"   --->   Operation 140 'read' 'data_0_val_read' <Predicate = true> <Delay = 0.00>
ST_3 : Operation 141 [1/1] (0.00ns)   --->   "%or_ln16_2 = bitconcatenate i32 @_ssdm_op_BitConcatenate.i32.i8.i8.i8.i8, i8 %data_0_val_read, i8 %data_1_val_read, i8 %data_2_val_read, i8 %data_3_val_read" [../src/sha256.c:16]   --->   Operation 141 'bitconcatenate' 'or_ln16_2' <Predicate = true> <Delay = 0.00>
ST_3 : Operation 142 [1/1] (0.00ns)   --->   "%or_ln16_5 = bitconcatenate i32 @_ssdm_op_BitConcatenate.i32.i8.i8.i8.i8, i8 %data_4_val_read, i8 %data_5_val_read, i8 %data_6_val_read, i8 %data_7_val_read" [../src/sha256.c:16]   --->   Operation 142 'bitconcatenate' 'or_ln16_5' <Predicate = true> <Delay = 0.00>
ST_3 : Operation 143 [1/1] (0.00ns)   --->   "%or_ln16_8 = bitconcatenate i32 @_ssdm_op_BitConcatenate.i32.i8.i8.i8.i8, i8 %data_8_val_read, i8 %data_9_val_read, i8 %data_10_val_read, i8 %data_11_val_read" [../src/sha256.c:16]   --->   Operation 143 'bitconcatenate' 'or_ln16_8' <Predicate = true> <Delay = 0.00>
ST_3 : Operation 144 [1/1] (0.00ns)   --->   "%or_ln16_s = bitconcatenate i32 @_ssdm_op_BitConcatenate.i32.i8.i8.i8.i8, i8 %data_12_val_read, i8 %data_13_val_read, i8 %data_14_val_read, i8 %data_15_val_read" [../src/sha256.c:16]   --->   Operation 144 'bitconcatenate' 'or_ln16_s' <Predicate = true> <Delay = 0.00>
ST_3 : Operation 145 [1/1] (0.00ns)   --->   "%or_ln16_1 = bitconcatenate i32 @_ssdm_op_BitConcatenate.i32.i8.i8.i8.i8, i8 %data_16_val_read, i8 %data_17_val_read, i8 %data_18_val_read, i8 %data_19_val_read" [../src/sha256.c:16]   --->   Operation 145 'bitconcatenate' 'or_ln16_1' <Predicate = true> <Delay = 0.00>
ST_3 : Operation 146 [1/1] (0.00ns)   --->   "%or_ln16_3 = bitconcatenate i32 @_ssdm_op_BitConcatenate.i32.i8.i8.i8.i8, i8 %data_20_val_read, i8 %data_21_val_read, i8 %data_22_val_read, i8 %data_23_val_read" [../src/sha256.c:16]   --->   Operation 146 'bitconcatenate' 'or_ln16_3' <Predicate = true> <Delay = 0.00>
ST_3 : Operation 147 [1/1] (0.00ns)   --->   "%or_ln16_4 = bitconcatenate i32 @_ssdm_op_BitConcatenate.i32.i8.i8.i8.i8, i8 %data_24_val_read, i8 %data_25_val_read, i8 %data_26_val_read, i8 %data_27_val_read" [../src/sha256.c:16]   --->   Operation 147 'bitconcatenate' 'or_ln16_4' <Predicate = true> <Delay = 0.00>
ST_3 : Operation 148 [1/1] (0.00ns)   --->   "%or_ln16_6 = bitconcatenate i32 @_ssdm_op_BitConcatenate.i32.i8.i8.i8.i8, i8 %data_28_val_read, i8 %data_29_val_read, i8 %data_30_val_read, i8 %data_31_val_read" [../src/sha256.c:16]   --->   Operation 148 'bitconcatenate' 'or_ln16_6' <Predicate = true> <Delay = 0.00>
ST_3 : Operation 149 [1/1] (0.00ns)   --->   "%or_ln16_7 = bitconcatenate i32 @_ssdm_op_BitConcatenate.i32.i8.i8.i8.i8, i8 %data_32_val_read, i8 %data_33_val_read, i8 %data_34_val_read, i8 %data_35_val_read" [../src/sha256.c:16]   --->   Operation 149 'bitconcatenate' 'or_ln16_7' <Predicate = true> <Delay = 0.00>
ST_3 : Operation 150 [1/1] (0.00ns)   --->   "%or_ln16_9 = bitconcatenate i32 @_ssdm_op_BitConcatenate.i32.i8.i8.i8.i8, i8 %data_36_val_read, i8 %data_37_val_read, i8 %data_38_val_read, i8 %data_39_val_read" [../src/sha256.c:16]   --->   Operation 150 'bitconcatenate' 'or_ln16_9' <Predicate = true> <Delay = 0.00>
ST_3 : Operation 151 [1/1] (0.00ns)   --->   "%or_ln16_10 = bitconcatenate i32 @_ssdm_op_BitConcatenate.i32.i8.i8.i8.i8, i8 %data_40_val_read, i8 %data_41_val_read, i8 %data_42_val_read, i8 %data_43_val_read" [../src/sha256.c:16]   --->   Operation 151 'bitconcatenate' 'or_ln16_10' <Predicate = true> <Delay = 0.00>
ST_3 : Operation 152 [1/1] (0.00ns)   --->   "%or_ln16_11 = bitconcatenate i32 @_ssdm_op_BitConcatenate.i32.i8.i8.i8.i8, i8 %data_44_val_read, i8 %data_45_val_read, i8 %data_46_val_read, i8 %data_47_val_read" [../src/sha256.c:16]   --->   Operation 152 'bitconcatenate' 'or_ln16_11' <Predicate = true> <Delay = 0.00>
ST_3 : Operation 153 [1/1] (0.00ns)   --->   "%or_ln16_12 = bitconcatenate i32 @_ssdm_op_BitConcatenate.i32.i8.i8.i8.i8, i8 %data_48_val_read, i8 %data_49_val_read, i8 %data_50_val_read, i8 %data_51_val_read" [../src/sha256.c:16]   --->   Operation 153 'bitconcatenate' 'or_ln16_12' <Predicate = true> <Delay = 0.00>
ST_3 : Operation 154 [1/1] (0.00ns)   --->   "%or_ln16_13 = bitconcatenate i32 @_ssdm_op_BitConcatenate.i32.i8.i8.i8.i8, i8 %data_52_val_read, i8 %data_53_val_read, i8 %data_54_val_read, i8 %data_55_val_read" [../src/sha256.c:16]   --->   Operation 154 'bitconcatenate' 'or_ln16_13' <Predicate = true> <Delay = 0.00>
ST_3 : Operation 155 [1/1] (0.00ns)   --->   "%or_ln16_14 = bitconcatenate i32 @_ssdm_op_BitConcatenate.i32.i8.i8.i8.i8, i8 %data_56_val_read, i8 %data_57_val_read, i8 %data_58_val_read, i8 %data_59_val_read" [../src/sha256.c:16]   --->   Operation 155 'bitconcatenate' 'or_ln16_14' <Predicate = true> <Delay = 0.00>
ST_3 : Operation 156 [1/1] (0.00ns)   --->   "%or_ln16_15 = bitconcatenate i32 @_ssdm_op_BitConcatenate.i32.i8.i8.i8.i8, i8 %data_60_val_read, i8 %data_61_val_read, i8 %data_62_val_read, i8 %data_63_val_read" [../src/sha256.c:16]   --->   Operation 156 'bitconcatenate' 'or_ln16_15' <Predicate = true> <Delay = 0.00>
ST_3 : Operation 157 [2/2] (2.78ns)   --->   "%call_ln16 = call void @sha256_transform_Pipeline_VITIS_LOOP_19_2, i32 %or_ln16_14, i32 %or_ln16_15, i32 %or_ln16_9, i32 %or_ln16_10, i32 %or_ln16_11, i32 %or_ln16_12, i32 %or_ln16_13, i32 %or_ln16_5, i32 %or_ln16_8, i32 %or_ln16_s, i32 %or_ln16_1, i32 %or_ln16_3, i32 %or_ln16_4, i32 %or_ln16_6, i32 %or_ln16_7, i32 %or_ln16_2, i32 %m_16_load_loc, i32 %m_17_load_loc, i32 %m_18_load_loc, i32 %m_19_load_loc, i32 %m_20_load_loc, i32 %m_21_load_loc, i32 %m_22_load_loc, i32 %m_23_load_loc, i32 %m_24_load_loc, i32 %m_25_load_loc, i32 %m_26_load_loc, i32 %m_27_load_loc, i32 %m_28_load_loc, i32 %m_29_load_loc, i32 %m_30_load_loc, i32 %m_31_load_loc, i32 %m_32_load_loc, i32 %m_33_load_loc, i32 %m_34_load_loc, i32 %m_35_load_loc, i32 %m_36_load_loc, i32 %m_37_load_loc, i32 %m_38_load_loc, i32 %m_39_load_loc, i32 %m_40_load_loc, i32 %m_41_load_loc, i32 %m_42_load_loc, i32 %m_43_load_loc, i32 %m_44_load_loc, i32 %m_45_load_loc, i32 %m_46_load_loc, i32 %m_47_load_loc, i32 %m_48_load_loc, i32 %m_49_load_loc, i32 %m_50_load_loc, i32 %m_51_load_loc, i32 %m_52_load_loc, i32 %m_53_load_loc, i32 %m_54_load_loc, i32 %m_55_load_loc, i32 %m_56_load_loc, i32 %m_57_load_loc, i32 %m_58_load_loc, i32 %m_59_load_loc, i32 %m_60_load_loc, i32 %m_61_load_loc, i32 %m_62_load_loc, i32 %m_63_load_loc" [../src/sha256.c:16]   --->   Operation 157 'call' 'call_ln16' <Predicate = true> <Delay = 2.78> <CoreType = "Generic">   --->   Generic Core
ST_3 : Operation 158 [1/2] ( I:0.67ns O:0.67ns )   --->   "%c = load i3 %state_addr_2" [../src/sha256.c:26]   --->   Operation 158 'load' 'c' <Predicate = true> <Delay = 0.67> <CoreInst = "RAM">   --->   Core 82 'RAM' <Latency = 1> <II = 1> <Delay = 0.67> <Storage> <Opcode : 'load' 'store'> <Ports = 2> <Width = 32> <Depth = 8> <RAM>
ST_3 : Operation 159 [1/2] ( I:0.67ns O:0.67ns )   --->   "%d = load i3 %state_addr_3" [../src/sha256.c:27]   --->   Operation 159 'load' 'd' <Predicate = true> <Delay = 0.67> <CoreInst = "RAM">   --->   Core 82 'RAM' <Latency = 1> <II = 1> <Delay = 0.67> <Storage> <Opcode : 'load' 'store'> <Ports = 2> <Width = 32> <Depth = 8> <RAM>
ST_3 : Operation 160 [1/1] (0.00ns)   --->   "%state_addr_4 = getelementptr i32 %state, i64 0, i64 4" [../src/sha256.c:28]   --->   Operation 160 'getelementptr' 'state_addr_4' <Predicate = true> <Delay = 0.00>
ST_3 : Operation 161 [2/2] (0.67ns)   --->   "%e = load i3 %state_addr_4" [../src/sha256.c:28]   --->   Operation 161 'load' 'e' <Predicate = true> <Delay = 0.67> <CoreInst = "RAM">   --->   Core 82 'RAM' <Latency = 1> <II = 1> <Delay = 0.67> <Storage> <Opcode : 'load' 'store'> <Ports = 2> <Width = 32> <Depth = 8> <RAM>
ST_3 : Operation 162 [1/1] (0.00ns)   --->   "%state_addr_5 = getelementptr i32 %state, i64 0, i64 5" [../src/sha256.c:29]   --->   Operation 162 'getelementptr' 'state_addr_5' <Predicate = true> <Delay = 0.00>
ST_3 : Operation 163 [2/2] (0.67ns)   --->   "%f = load i3 %state_addr_5" [../src/sha256.c:29]   --->   Operation 163 'load' 'f' <Predicate = true> <Delay = 0.67> <CoreInst = "RAM">   --->   Core 82 'RAM' <Latency = 1> <II = 1> <Delay = 0.67> <Storage> <Opcode : 'load' 'store'> <Ports = 2> <Width = 32> <Depth = 8> <RAM>

State 4 <SV = 3> <Delay = 1.62>
ST_4 : Operation 164 [1/2] (1.62ns)   --->   "%call_ln16 = call void @sha256_transform_Pipeline_VITIS_LOOP_19_2, i32 %or_ln16_14, i32 %or_ln16_15, i32 %or_ln16_9, i32 %or_ln16_10, i32 %or_ln16_11, i32 %or_ln16_12, i32 %or_ln16_13, i32 %or_ln16_5, i32 %or_ln16_8, i32 %or_ln16_s, i32 %or_ln16_1, i32 %or_ln16_3, i32 %or_ln16_4, i32 %or_ln16_6, i32 %or_ln16_7, i32 %or_ln16_2, i32 %m_16_load_loc, i32 %m_17_load_loc, i32 %m_18_load_loc, i32 %m_19_load_loc, i32 %m_20_load_loc, i32 %m_21_load_loc, i32 %m_22_load_loc, i32 %m_23_load_loc, i32 %m_24_load_loc, i32 %m_25_load_loc, i32 %m_26_load_loc, i32 %m_27_load_loc, i32 %m_28_load_loc, i32 %m_29_load_loc, i32 %m_30_load_loc, i32 %m_31_load_loc, i32 %m_32_load_loc, i32 %m_33_load_loc, i32 %m_34_load_loc, i32 %m_35_load_loc, i32 %m_36_load_loc, i32 %m_37_load_loc, i32 %m_38_load_loc, i32 %m_39_load_loc, i32 %m_40_load_loc, i32 %m_41_load_loc, i32 %m_42_load_loc, i32 %m_43_load_loc, i32 %m_44_load_loc, i32 %m_45_load_loc, i32 %m_46_load_loc, i32 %m_47_load_loc, i32 %m_48_load_loc, i32 %m_49_load_loc, i32 %m_50_load_loc, i32 %m_51_load_loc, i32 %m_52_load_loc, i32 %m_53_load_loc, i32 %m_54_load_loc, i32 %m_55_load_loc, i32 %m_56_load_loc, i32 %m_57_load_loc, i32 %m_58_load_loc, i32 %m_59_load_loc, i32 %m_60_load_loc, i32 %m_61_load_loc, i32 %m_62_load_loc, i32 %m_63_load_loc" [../src/sha256.c:16]   --->   Operation 164 'call' 'call_ln16' <Predicate = true> <Delay = 1.62> <CoreType = "Generic">   --->   Generic Core
ST_4 : Operation 165 [1/2] ( I:0.67ns O:0.67ns )   --->   "%e = load i3 %state_addr_4" [../src/sha256.c:28]   --->   Operation 165 'load' 'e' <Predicate = true> <Delay = 0.67> <CoreInst = "RAM">   --->   Core 82 'RAM' <Latency = 1> <II = 1> <Delay = 0.67> <Storage> <Opcode : 'load' 'store'> <Ports = 2> <Width = 32> <Depth = 8> <RAM>
ST_4 : Operation 166 [1/2] ( I:0.67ns O:0.67ns )   --->   "%f = load i3 %state_addr_5" [../src/sha256.c:29]   --->   Operation 166 'load' 'f' <Predicate = true> <Delay = 0.67> <CoreInst = "RAM">   --->   Core 82 'RAM' <Latency = 1> <II = 1> <Delay = 0.67> <Storage> <Opcode : 'load' 'store'> <Ports = 2> <Width = 32> <Depth = 8> <RAM>
ST_4 : Operation 167 [1/1] (0.00ns)   --->   "%state_addr_6 = getelementptr i32 %state, i64 0, i64 6" [../src/sha256.c:30]   --->   Operation 167 'getelementptr' 'state_addr_6' <Predicate = true> <Delay = 0.00>
ST_4 : Operation 168 [2/2] (0.67ns)   --->   "%g = load i3 %state_addr_6" [../src/sha256.c:30]   --->   Operation 168 'load' 'g' <Predicate = true> <Delay = 0.67> <CoreInst = "RAM">   --->   Core 82 'RAM' <Latency = 1> <II = 1> <Delay = 0.67> <Storage> <Opcode : 'load' 'store'> <Ports = 2> <Width = 32> <Depth = 8> <RAM>
ST_4 : Operation 169 [1/1] (0.00ns)   --->   "%state_addr_7 = getelementptr i32 %state, i64 0, i64 7" [../src/sha256.c:31]   --->   Operation 169 'getelementptr' 'state_addr_7' <Predicate = true> <Delay = 0.00>
ST_4 : Operation 170 [2/2] (0.67ns)   --->   "%h = load i3 %state_addr_7" [../src/sha256.c:31]   --->   Operation 170 'load' 'h' <Predicate = true> <Delay = 0.67> <CoreInst = "RAM">   --->   Core 82 'RAM' <Latency = 1> <II = 1> <Delay = 0.67> <Storage> <Opcode : 'load' 'store'> <Ports = 2> <Width = 32> <Depth = 8> <RAM>

State 5 <SV = 4> <Delay = 1.53>
ST_5 : Operation 171 [1/1] (0.00ns)   --->   "%m_16_load = load i32 %m_16_load_loc"   --->   Operation 171 'load' 'm_16_load' <Predicate = true> <Delay = 0.00>
ST_5 : Operation 172 [1/1] (0.00ns)   --->   "%m_17_load = load i32 %m_17_load_loc"   --->   Operation 172 'load' 'm_17_load' <Predicate = true> <Delay = 0.00>
ST_5 : Operation 173 [1/1] (0.00ns)   --->   "%m_18_load = load i32 %m_18_load_loc"   --->   Operation 173 'load' 'm_18_load' <Predicate = true> <Delay = 0.00>
ST_5 : Operation 174 [1/1] (0.00ns)   --->   "%m_19_load = load i32 %m_19_load_loc"   --->   Operation 174 'load' 'm_19_load' <Predicate = true> <Delay = 0.00>
ST_5 : Operation 175 [1/1] (0.00ns)   --->   "%m_20_load = load i32 %m_20_load_loc"   --->   Operation 175 'load' 'm_20_load' <Predicate = true> <Delay = 0.00>
ST_5 : Operation 176 [1/1] (0.00ns)   --->   "%m_21_load = load i32 %m_21_load_loc"   --->   Operation 176 'load' 'm_21_load' <Predicate = true> <Delay = 0.00>
ST_5 : Operation 177 [1/1] (0.00ns)   --->   "%m_22_load = load i32 %m_22_load_loc"   --->   Operation 177 'load' 'm_22_load' <Predicate = true> <Delay = 0.00>
ST_5 : Operation 178 [1/1] (0.00ns)   --->   "%m_23_load = load i32 %m_23_load_loc"   --->   Operation 178 'load' 'm_23_load' <Predicate = true> <Delay = 0.00>
ST_5 : Operation 179 [1/1] (0.00ns)   --->   "%m_24_load = load i32 %m_24_load_loc"   --->   Operation 179 'load' 'm_24_load' <Predicate = true> <Delay = 0.00>
ST_5 : Operation 180 [1/1] (0.00ns)   --->   "%m_25_load = load i32 %m_25_load_loc"   --->   Operation 180 'load' 'm_25_load' <Predicate = true> <Delay = 0.00>
ST_5 : Operation 181 [1/1] (0.00ns)   --->   "%m_26_load = load i32 %m_26_load_loc"   --->   Operation 181 'load' 'm_26_load' <Predicate = true> <Delay = 0.00>
ST_5 : Operation 182 [1/1] (0.00ns)   --->   "%m_27_load = load i32 %m_27_load_loc"   --->   Operation 182 'load' 'm_27_load' <Predicate = true> <Delay = 0.00>
ST_5 : Operation 183 [1/1] (0.00ns)   --->   "%m_28_load = load i32 %m_28_load_loc"   --->   Operation 183 'load' 'm_28_load' <Predicate = true> <Delay = 0.00>
ST_5 : Operation 184 [1/1] (0.00ns)   --->   "%m_29_load = load i32 %m_29_load_loc"   --->   Operation 184 'load' 'm_29_load' <Predicate = true> <Delay = 0.00>
ST_5 : Operation 185 [1/1] (0.00ns)   --->   "%m_30_load = load i32 %m_30_load_loc"   --->   Operation 185 'load' 'm_30_load' <Predicate = true> <Delay = 0.00>
ST_5 : Operation 186 [1/1] (0.00ns)   --->   "%m_31_load = load i32 %m_31_load_loc"   --->   Operation 186 'load' 'm_31_load' <Predicate = true> <Delay = 0.00>
ST_5 : Operation 187 [1/1] (0.00ns)   --->   "%m_32_load = load i32 %m_32_load_loc"   --->   Operation 187 'load' 'm_32_load' <Predicate = true> <Delay = 0.00>
ST_5 : Operation 188 [1/1] (0.00ns)   --->   "%m_33_load = load i32 %m_33_load_loc"   --->   Operation 188 'load' 'm_33_load' <Predicate = true> <Delay = 0.00>
ST_5 : Operation 189 [1/1] (0.00ns)   --->   "%m_34_load = load i32 %m_34_load_loc"   --->   Operation 189 'load' 'm_34_load' <Predicate = true> <Delay = 0.00>
ST_5 : Operation 190 [1/1] (0.00ns)   --->   "%m_35_load = load i32 %m_35_load_loc"   --->   Operation 190 'load' 'm_35_load' <Predicate = true> <Delay = 0.00>
ST_5 : Operation 191 [1/1] (0.00ns)   --->   "%m_36_load = load i32 %m_36_load_loc"   --->   Operation 191 'load' 'm_36_load' <Predicate = true> <Delay = 0.00>
ST_5 : Operation 192 [1/1] (0.00ns)   --->   "%m_37_load = load i32 %m_37_load_loc"   --->   Operation 192 'load' 'm_37_load' <Predicate = true> <Delay = 0.00>
ST_5 : Operation 193 [1/1] (0.00ns)   --->   "%m_38_load = load i32 %m_38_load_loc"   --->   Operation 193 'load' 'm_38_load' <Predicate = true> <Delay = 0.00>
ST_5 : Operation 194 [1/1] (0.00ns)   --->   "%m_39_load = load i32 %m_39_load_loc"   --->   Operation 194 'load' 'm_39_load' <Predicate = true> <Delay = 0.00>
ST_5 : Operation 195 [1/1] (0.00ns)   --->   "%m_40_load = load i32 %m_40_load_loc"   --->   Operation 195 'load' 'm_40_load' <Predicate = true> <Delay = 0.00>
ST_5 : Operation 196 [1/1] (0.00ns)   --->   "%m_41_load = load i32 %m_41_load_loc"   --->   Operation 196 'load' 'm_41_load' <Predicate = true> <Delay = 0.00>
ST_5 : Operation 197 [1/1] (0.00ns)   --->   "%m_42_load = load i32 %m_42_load_loc"   --->   Operation 197 'load' 'm_42_load' <Predicate = true> <Delay = 0.00>
ST_5 : Operation 198 [1/1] (0.00ns)   --->   "%m_43_load = load i32 %m_43_load_loc"   --->   Operation 198 'load' 'm_43_load' <Predicate = true> <Delay = 0.00>
ST_5 : Operation 199 [1/1] (0.00ns)   --->   "%m_44_load = load i32 %m_44_load_loc"   --->   Operation 199 'load' 'm_44_load' <Predicate = true> <Delay = 0.00>
ST_5 : Operation 200 [1/1] (0.00ns)   --->   "%m_45_load = load i32 %m_45_load_loc"   --->   Operation 200 'load' 'm_45_load' <Predicate = true> <Delay = 0.00>
ST_5 : Operation 201 [1/1] (0.00ns)   --->   "%m_46_load = load i32 %m_46_load_loc"   --->   Operation 201 'load' 'm_46_load' <Predicate = true> <Delay = 0.00>
ST_5 : Operation 202 [1/1] (0.00ns)   --->   "%m_47_load = load i32 %m_47_load_loc"   --->   Operation 202 'load' 'm_47_load' <Predicate = true> <Delay = 0.00>
ST_5 : Operation 203 [1/1] (0.00ns)   --->   "%m_48_load = load i32 %m_48_load_loc"   --->   Operation 203 'load' 'm_48_load' <Predicate = true> <Delay = 0.00>
ST_5 : Operation 204 [1/1] (0.00ns)   --->   "%m_49_load = load i32 %m_49_load_loc"   --->   Operation 204 'load' 'm_49_load' <Predicate = true> <Delay = 0.00>
ST_5 : Operation 205 [1/1] (0.00ns)   --->   "%m_50_load = load i32 %m_50_load_loc"   --->   Operation 205 'load' 'm_50_load' <Predicate = true> <Delay = 0.00>
ST_5 : Operation 206 [1/1] (0.00ns)   --->   "%m_51_load = load i32 %m_51_load_loc"   --->   Operation 206 'load' 'm_51_load' <Predicate = true> <Delay = 0.00>
ST_5 : Operation 207 [1/1] (0.00ns)   --->   "%m_52_load = load i32 %m_52_load_loc"   --->   Operation 207 'load' 'm_52_load' <Predicate = true> <Delay = 0.00>
ST_5 : Operation 208 [1/1] (0.00ns)   --->   "%m_53_load = load i32 %m_53_load_loc"   --->   Operation 208 'load' 'm_53_load' <Predicate = true> <Delay = 0.00>
ST_5 : Operation 209 [1/1] (0.00ns)   --->   "%m_54_load = load i32 %m_54_load_loc"   --->   Operation 209 'load' 'm_54_load' <Predicate = true> <Delay = 0.00>
ST_5 : Operation 210 [1/1] (0.00ns)   --->   "%m_55_load = load i32 %m_55_load_loc"   --->   Operation 210 'load' 'm_55_load' <Predicate = true> <Delay = 0.00>
ST_5 : Operation 211 [1/1] (0.00ns)   --->   "%m_56_load = load i32 %m_56_load_loc"   --->   Operation 211 'load' 'm_56_load' <Predicate = true> <Delay = 0.00>
ST_5 : Operation 212 [1/1] (0.00ns)   --->   "%m_57_load = load i32 %m_57_load_loc"   --->   Operation 212 'load' 'm_57_load' <Predicate = true> <Delay = 0.00>
ST_5 : Operation 213 [1/1] (0.00ns)   --->   "%m_58_load = load i32 %m_58_load_loc"   --->   Operation 213 'load' 'm_58_load' <Predicate = true> <Delay = 0.00>
ST_5 : Operation 214 [1/1] (0.00ns)   --->   "%m_59_load = load i32 %m_59_load_loc"   --->   Operation 214 'load' 'm_59_load' <Predicate = true> <Delay = 0.00>
ST_5 : Operation 215 [1/1] (0.00ns)   --->   "%m_60_load = load i32 %m_60_load_loc"   --->   Operation 215 'load' 'm_60_load' <Predicate = true> <Delay = 0.00>
ST_5 : Operation 216 [1/1] (0.00ns)   --->   "%m_61_load = load i32 %m_61_load_loc"   --->   Operation 216 'load' 'm_61_load' <Predicate = true> <Delay = 0.00>
ST_5 : Operation 217 [1/1] (0.00ns)   --->   "%m_62_load = load i32 %m_62_load_loc"   --->   Operation 217 'load' 'm_62_load' <Predicate = true> <Delay = 0.00>
ST_5 : Operation 218 [1/1] (0.00ns)   --->   "%m_63_load = load i32 %m_63_load_loc"   --->   Operation 218 'load' 'm_63_load' <Predicate = true> <Delay = 0.00>
ST_5 : Operation 219 [1/2] ( I:0.67ns O:0.67ns )   --->   "%g = load i3 %state_addr_6" [../src/sha256.c:30]   --->   Operation 219 'load' 'g' <Predicate = true> <Delay = 0.67> <CoreInst = "RAM">   --->   Core 82 'RAM' <Latency = 1> <II = 1> <Delay = 0.67> <Storage> <Opcode : 'load' 'store'> <Ports = 2> <Width = 32> <Depth = 8> <RAM>
ST_5 : Operation 220 [1/2] ( I:0.67ns O:0.67ns )   --->   "%h = load i3 %state_addr_7" [../src/sha256.c:31]   --->   Operation 220 'load' 'h' <Predicate = true> <Delay = 0.67> <CoreInst = "RAM">   --->   Core 82 'RAM' <Latency = 1> <II = 1> <Delay = 0.67> <Storage> <Opcode : 'load' 'store'> <Ports = 2> <Width = 32> <Depth = 8> <RAM>
ST_5 : Operation 221 [2/2] (0.85ns)   --->   "%call_ln24 = call void @sha256_transform_Pipeline_VITIS_LOOP_33_3, i32 %a, i32 %b, i32 %c, i32 %d, i32 %e, i32 %f, i32 %g, i32 %h, i32 %or_ln16_2, i32 %or_ln16_5, i32 %or_ln16_8, i32 %or_ln16_s, i32 %or_ln16_1, i32 %or_ln16_3, i32 %or_ln16_4, i32 %or_ln16_6, i32 %or_ln16_7, i32 %or_ln16_9, i32 %or_ln16_10, i32 %or_ln16_11, i32 %or_ln16_12, i32 %or_ln16_13, i32 %or_ln16_14, i32 %or_ln16_15, i32 %m_16_load, i32 %m_17_load, i32 %m_18_load, i32 %m_19_load, i32 %m_20_load, i32 %m_21_load, i32 %m_22_load, i32 %m_23_load, i32 %m_24_load, i32 %m_25_load, i32 %m_26_load, i32 %m_27_load, i32 %m_28_load, i32 %m_29_load, i32 %m_30_load, i32 %m_31_load, i32 %m_32_load, i32 %m_33_load, i32 %m_34_load, i32 %m_35_load, i32 %m_36_load, i32 %m_37_load, i32 %m_38_load, i32 %m_39_load, i32 %m_40_load, i32 %m_41_load, i32 %m_42_load, i32 %m_43_load, i32 %m_44_load, i32 %m_45_load, i32 %m_46_load, i32 %m_47_load, i32 %m_48_load, i32 %m_49_load, i32 %m_50_load, i32 %m_51_load, i32 %m_52_load, i32 %m_53_load, i32 %m_54_load, i32 %m_55_load, i32 %m_56_load, i32 %m_57_load, i32 %m_58_load, i32 %m_59_load, i32 %m_60_load, i32 %m_61_load, i32 %m_62_load, i32 %m_63_load, i32 %a_3_loc, i32 %b_3_loc, i32 %c_3_loc, i32 %d_1_loc, i32 %e_3_loc, i32 %f_3_loc, i32 %g_3_loc, i32 %h_1_loc, i32 %k" [../src/sha256.c:24]   --->   Operation 221 'call' 'call_ln24' <Predicate = true> <Delay = 0.85> <CoreType = "Generic">   --->   Generic Core

State 6 <SV = 5> <Delay = 0.00>
ST_6 : Operation 222 [1/2] (0.00ns)   --->   "%call_ln24 = call void @sha256_transform_Pipeline_VITIS_LOOP_33_3, i32 %a, i32 %b, i32 %c, i32 %d, i32 %e, i32 %f, i32 %g, i32 %h, i32 %or_ln16_2, i32 %or_ln16_5, i32 %or_ln16_8, i32 %or_ln16_s, i32 %or_ln16_1, i32 %or_ln16_3, i32 %or_ln16_4, i32 %or_ln16_6, i32 %or_ln16_7, i32 %or_ln16_9, i32 %or_ln16_10, i32 %or_ln16_11, i32 %or_ln16_12, i32 %or_ln16_13, i32 %or_ln16_14, i32 %or_ln16_15, i32 %m_16_load, i32 %m_17_load, i32 %m_18_load, i32 %m_19_load, i32 %m_20_load, i32 %m_21_load, i32 %m_22_load, i32 %m_23_load, i32 %m_24_load, i32 %m_25_load, i32 %m_26_load, i32 %m_27_load, i32 %m_28_load, i32 %m_29_load, i32 %m_30_load, i32 %m_31_load, i32 %m_32_load, i32 %m_33_load, i32 %m_34_load, i32 %m_35_load, i32 %m_36_load, i32 %m_37_load, i32 %m_38_load, i32 %m_39_load, i32 %m_40_load, i32 %m_41_load, i32 %m_42_load, i32 %m_43_load, i32 %m_44_load, i32 %m_45_load, i32 %m_46_load, i32 %m_47_load, i32 %m_48_load, i32 %m_49_load, i32 %m_50_load, i32 %m_51_load, i32 %m_52_load, i32 %m_53_load, i32 %m_54_load, i32 %m_55_load, i32 %m_56_load, i32 %m_57_load, i32 %m_58_load, i32 %m_59_load, i32 %m_60_load, i32 %m_61_load, i32 %m_62_load, i32 %m_63_load, i32 %a_3_loc, i32 %b_3_loc, i32 %c_3_loc, i32 %d_1_loc, i32 %e_3_loc, i32 %f_3_loc, i32 %g_3_loc, i32 %h_1_loc, i32 %k" [../src/sha256.c:24]   --->   Operation 222 'call' 'call_ln24' <Predicate = true> <Delay = 0.00> <CoreType = "Generic">   --->   Generic Core

State 7 <SV = 6> <Delay = 1.69>
ST_7 : Operation 223 [1/1] (0.00ns)   --->   "%a_3_loc_load = load i32 %a_3_loc"   --->   Operation 223 'load' 'a_3_loc_load' <Predicate = true> <Delay = 0.00>
ST_7 : Operation 224 [1/1] (0.00ns)   --->   "%b_3_loc_load = load i32 %b_3_loc"   --->   Operation 224 'load' 'b_3_loc_load' <Predicate = true> <Delay = 0.00>
ST_7 : Operation 225 [1/1] (1.01ns)   --->   "%add_ln47 = add i32 %a, i32 %a_3_loc_load" [../src/sha256.c:47]   --->   Operation 225 'add' 'add_ln47' <Predicate = true> <Delay = 1.01> <CoreInst = "Adder">   --->   Core 1 'Adder' <Latency = 0> <II = 1> <Delay = 1.01> <FuncUnit> <Opcode : 'add' 'sub'> <InPorts = 2> <OutPorts = 1>
ST_7 : Operation 226 [1/1] ( I:0.67ns O:0.67ns )   --->   "%store_ln47 = store i32 %add_ln47, i3 %state_addr" [../src/sha256.c:47]   --->   Operation 226 'store' 'store_ln47' <Predicate = true> <Delay = 0.67> <CoreInst = "RAM">   --->   Core 82 'RAM' <Latency = 1> <II = 1> <Delay = 0.67> <Storage> <Opcode : 'load' 'store'> <Ports = 2> <Width = 32> <Depth = 8> <RAM>
ST_7 : Operation 227 [1/1] (1.01ns)   --->   "%add_ln48 = add i32 %b, i32 %b_3_loc_load" [../src/sha256.c:48]   --->   Operation 227 'add' 'add_ln48' <Predicate = true> <Delay = 1.01> <CoreInst = "Adder">   --->   Core 1 'Adder' <Latency = 0> <II = 1> <Delay = 1.01> <FuncUnit> <Opcode : 'add' 'sub'> <InPorts = 2> <OutPorts = 1>
ST_7 : Operation 228 [1/1] ( I:0.67ns O:0.67ns )   --->   "%store_ln48 = store i32 %add_ln48, i3 %state_addr_1" [../src/sha256.c:48]   --->   Operation 228 'store' 'store_ln48' <Predicate = true> <Delay = 0.67> <CoreInst = "RAM">   --->   Core 82 'RAM' <Latency = 1> <II = 1> <Delay = 0.67> <Storage> <Opcode : 'load' 'store'> <Ports = 2> <Width = 32> <Depth = 8> <RAM>

State 8 <SV = 7> <Delay = 1.69>
ST_8 : Operation 229 [1/1] (0.00ns)   --->   "%c_3_loc_load = load i32 %c_3_loc"   --->   Operation 229 'load' 'c_3_loc_load' <Predicate = true> <Delay = 0.00>
ST_8 : Operation 230 [1/1] (0.00ns)   --->   "%d_1_loc_load = load i32 %d_1_loc"   --->   Operation 230 'load' 'd_1_loc_load' <Predicate = true> <Delay = 0.00>
ST_8 : Operation 231 [1/1] (1.01ns)   --->   "%add_ln49 = add i32 %c, i32 %c_3_loc_load" [../src/sha256.c:49]   --->   Operation 231 'add' 'add_ln49' <Predicate = true> <Delay = 1.01> <CoreInst = "Adder">   --->   Core 1 'Adder' <Latency = 0> <II = 1> <Delay = 1.01> <FuncUnit> <Opcode : 'add' 'sub'> <InPorts = 2> <OutPorts = 1>
ST_8 : Operation 232 [1/1] ( I:0.67ns O:0.67ns )   --->   "%store_ln49 = store i32 %add_ln49, i3 %state_addr_2" [../src/sha256.c:49]   --->   Operation 232 'store' 'store_ln49' <Predicate = true> <Delay = 0.67> <CoreInst = "RAM">   --->   Core 82 'RAM' <Latency = 1> <II = 1> <Delay = 0.67> <Storage> <Opcode : 'load' 'store'> <Ports = 2> <Width = 32> <Depth = 8> <RAM>
ST_8 : Operation 233 [1/1] (1.01ns)   --->   "%add_ln50 = add i32 %d, i32 %d_1_loc_load" [../src/sha256.c:50]   --->   Operation 233 'add' 'add_ln50' <Predicate = true> <Delay = 1.01> <CoreInst = "Adder">   --->   Core 1 'Adder' <Latency = 0> <II = 1> <Delay = 1.01> <FuncUnit> <Opcode : 'add' 'sub'> <InPorts = 2> <OutPorts = 1>
ST_8 : Operation 234 [1/1] ( I:0.67ns O:0.67ns )   --->   "%store_ln50 = store i32 %add_ln50, i3 %state_addr_3" [../src/sha256.c:50]   --->   Operation 234 'store' 'store_ln50' <Predicate = true> <Delay = 0.67> <CoreInst = "RAM">   --->   Core 82 'RAM' <Latency = 1> <II = 1> <Delay = 0.67> <Storage> <Opcode : 'load' 'store'> <Ports = 2> <Width = 32> <Depth = 8> <RAM>

State 9 <SV = 8> <Delay = 1.69>
ST_9 : Operation 235 [1/1] (0.00ns)   --->   "%e_3_loc_load = load i32 %e_3_loc"   --->   Operation 235 'load' 'e_3_loc_load' <Predicate = true> <Delay = 0.00>
ST_9 : Operation 236 [1/1] (0.00ns)   --->   "%f_3_loc_load = load i32 %f_3_loc"   --->   Operation 236 'load' 'f_3_loc_load' <Predicate = true> <Delay = 0.00>
ST_9 : Operation 237 [1/1] (1.01ns)   --->   "%add_ln51 = add i32 %e, i32 %e_3_loc_load" [../src/sha256.c:51]   --->   Operation 237 'add' 'add_ln51' <Predicate = true> <Delay = 1.01> <CoreInst = "Adder">   --->   Core 1 'Adder' <Latency = 0> <II = 1> <Delay = 1.01> <FuncUnit> <Opcode : 'add' 'sub'> <InPorts = 2> <OutPorts = 1>
ST_9 : Operation 238 [1/1] ( I:0.67ns O:0.67ns )   --->   "%store_ln51 = store i32 %add_ln51, i3 %state_addr_4" [../src/sha256.c:51]   --->   Operation 238 'store' 'store_ln51' <Predicate = true> <Delay = 0.67> <CoreInst = "RAM">   --->   Core 82 'RAM' <Latency = 1> <II = 1> <Delay = 0.67> <Storage> <Opcode : 'load' 'store'> <Ports = 2> <Width = 32> <Depth = 8> <RAM>
ST_9 : Operation 239 [1/1] (1.01ns)   --->   "%add_ln52 = add i32 %f, i32 %f_3_loc_load" [../src/sha256.c:52]   --->   Operation 239 'add' 'add_ln52' <Predicate = true> <Delay = 1.01> <CoreInst = "Adder">   --->   Core 1 'Adder' <Latency = 0> <II = 1> <Delay = 1.01> <FuncUnit> <Opcode : 'add' 'sub'> <InPorts = 2> <OutPorts = 1>
ST_9 : Operation 240 [1/1] ( I:0.67ns O:0.67ns )   --->   "%store_ln52 = store i32 %add_ln52, i3 %state_addr_5" [../src/sha256.c:52]   --->   Operation 240 'store' 'store_ln52' <Predicate = true> <Delay = 0.67> <CoreInst = "RAM">   --->   Core 82 'RAM' <Latency = 1> <II = 1> <Delay = 0.67> <Storage> <Opcode : 'load' 'store'> <Ports = 2> <Width = 32> <Depth = 8> <RAM>

State 10 <SV = 9> <Delay = 1.69>
ST_10 : Operation 241 [1/1] (0.00ns)   --->   "%g_3_loc_load = load i32 %g_3_loc"   --->   Operation 241 'load' 'g_3_loc_load' <Predicate = true> <Delay = 0.00>
ST_10 : Operation 242 [1/1] (0.00ns)   --->   "%h_1_loc_load = load i32 %h_1_loc"   --->   Operation 242 'load' 'h_1_loc_load' <Predicate = true> <Delay = 0.00>
ST_10 : Operation 243 [1/1] (1.01ns)   --->   "%add_ln53 = add i32 %g, i32 %g_3_loc_load" [../src/sha256.c:53]   --->   Operation 243 'add' 'add_ln53' <Predicate = true> <Delay = 1.01> <CoreInst = "Adder">   --->   Core 1 'Adder' <Latency = 0> <II = 1> <Delay = 1.01> <FuncUnit> <Opcode : 'add' 'sub'> <InPorts = 2> <OutPorts = 1>
ST_10 : Operation 244 [1/1] ( I:0.67ns O:0.67ns )   --->   "%store_ln53 = store i32 %add_ln53, i3 %state_addr_6" [../src/sha256.c:53]   --->   Operation 244 'store' 'store_ln53' <Predicate = true> <Delay = 0.67> <CoreInst = "RAM">   --->   Core 82 'RAM' <Latency = 1> <II = 1> <Delay = 0.67> <Storage> <Opcode : 'load' 'store'> <Ports = 2> <Width = 32> <Depth = 8> <RAM>
ST_10 : Operation 245 [1/1] (1.01ns)   --->   "%add_ln54 = add i32 %h, i32 %h_1_loc_load" [../src/sha256.c:54]   --->   Operation 245 'add' 'add_ln54' <Predicate = true> <Delay = 1.01> <CoreInst = "Adder">   --->   Core 1 'Adder' <Latency = 0> <II = 1> <Delay = 1.01> <FuncUnit> <Opcode : 'add' 'sub'> <InPorts = 2> <OutPorts = 1>
ST_10 : Operation 246 [1/1] ( I:0.67ns O:0.67ns )   --->   "%store_ln54 = store i32 %add_ln54, i3 %state_addr_7" [../src/sha256.c:54]   --->   Operation 246 'store' 'store_ln54' <Predicate = true> <Delay = 0.67> <CoreInst = "RAM">   --->   Core 82 'RAM' <Latency = 1> <II = 1> <Delay = 0.67> <Storage> <Opcode : 'load' 'store'> <Ports = 2> <Width = 32> <Depth = 8> <RAM>
ST_10 : Operation 247 [1/1] (0.00ns)   --->   "%ret_ln55 = ret" [../src/sha256.c:55]   --->   Operation 247 'ret' 'ret_ln55' <Predicate = true> <Delay = 0.00>


============================================================
+ Verbose Summary: Timing violations
============================================================
Target clock period: 10.000ns, clock uncertainty: 2.700ns.

 <State 1>: 0.677ns
The critical path consists of the following:
	'getelementptr' operation 3 bit ('state_addr') [252]  (0.000 ns)
	'load' operation 32 bit ('a', ../src/sha256.c:24) on array 'state' [253]  (0.677 ns)

 <State 2>: 0.677ns
The critical path consists of the following:
	'load' operation 32 bit ('a', ../src/sha256.c:24) on array 'state' [253]  (0.677 ns)

 <State 3>: 2.783ns
The critical path consists of the following:
	wire read operation ('data_63_val_read') on port 'data_63_val' [67]  (0.000 ns)
	'call' operation 0 bit ('call_ln16', ../src/sha256.c:16) to 'sha256_transform_Pipeline_VITIS_LOOP_19_2' [203]  (2.783 ns)

 <State 4>: 1.627ns
The critical path consists of the following:
	'call' operation 0 bit ('call_ln16', ../src/sha256.c:16) to 'sha256_transform_Pipeline_VITIS_LOOP_19_2' [203]  (1.627 ns)

 <State 5>: 1.531ns
The critical path consists of the following:
	'load' operation 32 bit ('g', ../src/sha256.c:30) on array 'state' [265]  (0.677 ns)
	'call' operation 0 bit ('call_ln24', ../src/sha256.c:24) to 'sha256_transform_Pipeline_VITIS_LOOP_33_3' [268]  (0.854 ns)

 <State 6>: 0.000ns
The critical path consists of the following:

 <State 7>: 1.693ns
The critical path consists of the following:
	'load' operation 32 bit ('a_3_loc_load') on local variable 'a_3_loc' [269]  (0.000 ns)
	'add' operation 32 bit ('add_ln47', ../src/sha256.c:47) [277]  (1.016 ns)
	'store' operation 0 bit ('store_ln47', ../src/sha256.c:47) of variable 'add_ln47', ../src/sha256.c:47 on array 'state' [278]  (0.677 ns)

 <State 8>: 1.693ns
The critical path consists of the following:
	'load' operation 32 bit ('c_3_loc_load') on local variable 'c_3_loc' [271]  (0.000 ns)
	'add' operation 32 bit ('add_ln49', ../src/sha256.c:49) [281]  (1.016 ns)
	'store' operation 0 bit ('store_ln49', ../src/sha256.c:49) of variable 'add_ln49', ../src/sha256.c:49 on array 'state' [282]  (0.677 ns)

 <State 9>: 1.693ns
The critical path consists of the following:
	'load' operation 32 bit ('e_3_loc_load') on local variable 'e_3_loc' [273]  (0.000 ns)
	'add' operation 32 bit ('add_ln51', ../src/sha256.c:51) [285]  (1.016 ns)
	'store' operation 0 bit ('store_ln51', ../src/sha256.c:51) of variable 'add_ln51', ../src/sha256.c:51 on array 'state' [286]  (0.677 ns)

 <State 10>: 1.693ns
The critical path consists of the following:
	'load' operation 32 bit ('g_3_loc_load') on local variable 'g_3_loc' [275]  (0.000 ns)
	'add' operation 32 bit ('add_ln53', ../src/sha256.c:53) [289]  (1.016 ns)
	'store' operation 0 bit ('store_ln53', ../src/sha256.c:53) of variable 'add_ln53', ../src/sha256.c:53 on array 'state' [290]  (0.677 ns)


============================================================
+ Verbose Summary: Binding
============================================================
N/A
* FSMD analyzer results:
  - Output states:
 - Input state : 
  - Chain level:
	State 1
	State 2
	State 3
	State 4
	State 5
	State 6
	State 7
	State 8
	State 9
	State 10


============================================================
+ Verbose Summary: Datapath Resource usage 
============================================================
N/A
