#-----------------------------------------------------------
# Vivado v2024.2 (64-bit)
# SW Build 5239630 on Fri Nov 08 22:35:27 MST 2024
# IP Build 5239520 on Sun Nov 10 16:12:51 MST 2024
# SharedData Build 5239561 on Fri Nov 08 14:39:27 MST 2024
# Start of session at: Mon Jun  9 13:33:56 2025
# Process ID         : 9100
# Current directory  : D:/Clouds/Dropbox/Vivado_Project/Final/ZCU104/Vitis_HLS/hls_component/sha256_top/hls/impl/ip
# Command line       : vivado.exe -notrace -mode batch -source run_ippack.tcl
# Log file           : D:/Clouds/Dropbox/Vivado_Project/Final/ZCU104/Vitis_HLS/hls_component/sha256_top/hls/impl/ip/vivado.log
# Journal file       : D:/Clouds/Dropbox/Vivado_Project/Final/ZCU104/Vitis_HLS/hls_component/sha256_top/hls/impl/ip\vivado.jou
# Running On         : BERNA-R7X3D
# Platform           : Windows Server 2016 or Windows 10
# Operating System   : 19045
# Processor Detail   : AMD Ryzen 7 5800X3D 8-Core Processor           
# CPU Frequency      : 3400 MHz
# CPU Physical cores : 8
# CPU Logical cores  : 16
# Host memory        : 34270 MB
# Swap memory        : 21474 MB
# Total Virtual      : 55744 MB
# Available Virtual  : 15566 MB
#-----------------------------------------------------------
source run_ippack.tcl -notrace
INFO: calling package_hls_ip ip_types=vitis sysgen json_file=D:/Clouds/Dropbox/Vivado_Project/Final/ZCU104/Vitis_HLS/hls_component/sha256_top/hls/hls_data.json outdir=D:/Clouds/Dropbox/Vivado_Project/Final/ZCU104/Vitis_HLS/hls_component/sha256_top/hls/impl/ip srcdir=D:/Clouds/Dropbox/Vivado_Project/Final/ZCU104/Vitis_HLS/hls_component/sha256_top/hls sort_interfaces_ports=false
INFO: Copied 1 ipmisc file(s) to D:/Clouds/Dropbox/Vivado_Project/Final/ZCU104/Vitis_HLS/hls_component/sha256_top/hls/impl/ip/misc
INFO: Copied 19 verilog file(s) to D:/Clouds/Dropbox/Vivado_Project/Final/ZCU104/Vitis_HLS/hls_component/sha256_top/hls/impl/ip/hdl/verilog
INFO: Copied 18 vhdl file(s) to D:/Clouds/Dropbox/Vivado_Project/Final/ZCU104/Vitis_HLS/hls_component/sha256_top/hls/impl/ip/hdl/vhdl
INFO: Copied 10 swdriver file(s) to D:/Clouds/Dropbox/Vivado_Project/Final/ZCU104/Vitis_HLS/hls_component/sha256_top/hls/impl/ip/drivers
INFO: Import ports from HDL: D:/Clouds/Dropbox/Vivado_Project/Final/ZCU104/Vitis_HLS/hls_component/sha256_top/hls/impl/ip/hdl/vhdl/sha256_top.vhd (sha256_top)
INFO: Add axi4lite interface s_axi_control
INFO: Add clock interface ap_clk
INFO: Add reset interface ap_rst_n
INFO: Add interrupt interface interrupt
INFO: [IP_Flow 19-234] Refreshing IP repositories
INFO: [IP_Flow 19-1704] No user IP repositories specified
INFO: [IP_Flow 19-2313] Loaded Vivado IP repository 'B:/Xilinx/Vivado/2024.2/data/ip'.
INFO: Add data interface ap_busy_out
INFO: Calling post_process_vitis to specialize IP
INFO: Calling post_process_sysgen to specialize IP
Generating sysgen info xml from json file
INFO: Created IP D:/Clouds/Dropbox/Vivado_Project/Final/ZCU104/Vitis_HLS/hls_component/sha256_top/hls/impl/ip/component.xml
INFO: Created IP archive D:/Clouds/Dropbox/Vivado_Project/Final/ZCU104/Vitis_HLS/hls_component/sha256_top/hls/impl/ip/xilinx_com_hls_sha256_top_1_0.zip
INFO: [Common 17-206] Exiting Vivado at Mon Jun  9 13:34:02 2025...
