

================================================================
== Synthesis Summary Report of 'sha256_top'
================================================================
+ General Information: 
    * Date:           Mon Jun  9 13:32:04 2025
    * Version:        2024.2 (Build 5238294 on Nov  8 2024)
    * Project:        sha256_top
    * Solution:       hls (Vivado IP Flow Target)
    * Product family: zynquplus
    * Target device:  xczu7ev-ffvc1156-2-e
    

+ Performance & Resource Estimates: 
    
    PS: '+' for module; 'o' for loop; '*' for dataflow
    +------------------------------------------------+------+------+---------+-----------+----------+---------+------+----------+---------+----+------------+------------+-----+
    |                     Modules                    | Issue|      | Latency |  Latency  | Iteration|         | Trip |          |         |    |            |            |     |
    |                     & Loops                    | Type | Slack| (cycles)|    (ns)   |  Latency | Interval| Count| Pipelined|  BRAM   | DSP|     FF     |     LUT    | URAM|
    +------------------------------------------------+------+------+---------+-----------+----------+---------+------+----------+---------+----+------------+------------+-----+
    |+ sha256_top                                    |     -|  2.96|        -|          -|         -|        -|     -|        no|  2 (~0%)|   -|  11104 (2%)|  15974 (6%)|    -|
    | + sha256_top_Pipeline_1                        |     -|  5.40|       10|    100.000|         -|       10|     -|        no|        -|   -|     6 (~0%)|    51 (~0%)|    -|
    |  o Loop 1                                      |     -|  7.30|        8|     80.000|         1|        1|     8|       yes|        -|   -|           -|           -|    -|
    | + sha256_final                                 |     -|  3.89|        -|          -|         -|        -|     -|        no|  1 (~0%)|   -|  4202 (~0%)|   6433 (2%)|    -|
    |  + sha256_final_Pipeline_VITIS_LOOP_103_1      |     -|  5.67|        -|          -|         -|        -|     -|        no|        -|   -|     9 (~0%)|    55 (~0%)|    -|
    |   o VITIS_LOOP_103_1                           |     -|  7.30|        -|          -|         1|        1|     -|       yes|        -|   -|           -|           -|    -|
    |  + sha256_final_Pipeline_VITIS_LOOP_106_2      |     -|  4.90|        -|          -|         -|        -|     -|        no|        -|   -|     9 (~0%)|    56 (~0%)|    -|
    |   o VITIS_LOOP_106_2                           |     -|  7.30|        -|          -|         1|        1|     -|       yes|        -|   -|           -|           -|    -|
    |  + sha256_final_Pipeline_VITIS_LOOP_111_3      |     -|  5.67|       58|    580.000|         -|       58|     -|        no|        -|   -|     8 (~0%)|    53 (~0%)|    -|
    |   o VITIS_LOOP_111_3                           |     -|  7.30|       56|    560.000|         1|        1|    56|       yes|        -|   -|           -|           -|    -|
    |  + sha256_transform                            |     -|  3.89|      126|  1.260e+03|         -|      126|     -|        no|  1 (~0%)|   -|  2625 (~0%)|   2711 (1%)|    -|
    |   + sha256_transform_Pipeline_VITIS_LOOP_19_2  |     -|  4.09|       50|    500.000|         -|       50|     -|        no|        -|   -|  1545 (~0%)|  1163 (~0%)|    -|
    |    o VITIS_LOOP_19_2                           |     -|  7.30|       48|    480.000|         1|        1|    48|       yes|        -|   -|           -|           -|    -|
    |   + sha256_transform_Pipeline_VITIS_LOOP_33_3  |     -|  3.89|       67|    670.000|         -|       67|     -|        no|  1 (~0%)|   -|   300 (~0%)|  1027 (~0%)|    -|
    |    o VITIS_LOOP_33_3                           |     -|  7.30|       65|    650.000|         2|        1|    64|       yes|        -|   -|           -|           -|    -|
    | + sha256_top_Pipeline_VITIS_LOOP_52_4          |     -|  5.67|       66|    660.000|         -|       66|     -|        no|        -|   -|     9 (~0%)|   952 (~0%)|    -|
    |  o VITIS_LOOP_52_4                             |     -|  7.30|       64|    640.000|         1|        1|    64|       yes|        -|   -|           -|           -|    -|
    | o VITIS_LOOP_77_1                              |     -|  7.30|    10320|  1.032e+05|       129|        -|    80|        no|        -|   -|           -|           -|    -|
    |  + sha256_transform                            |     -|  3.89|      126|  1.260e+03|         -|      126|     -|        no|  1 (~0%)|   -|  2625 (~0%)|   2711 (1%)|    -|
    |   + sha256_transform_Pipeline_VITIS_LOOP_19_2  |     -|  4.09|       50|    500.000|         -|       50|     -|        no|        -|   -|  1545 (~0%)|  1163 (~0%)|    -|
    |    o VITIS_LOOP_19_2                           |     -|  7.30|       48|    480.000|         1|        1|    48|       yes|        -|   -|           -|           -|    -|
    |   + sha256_transform_Pipeline_VITIS_LOOP_33_3  |     -|  3.89|       67|    670.000|         -|       67|     -|        no|  1 (~0%)|   -|   300 (~0%)|  1027 (~0%)|    -|
    |    o VITIS_LOOP_33_3                           |     -|  7.30|       65|    650.000|         2|        1|    64|       yes|        -|   -|           -|           -|    -|
    | o VITIS_LOOP_77_1                              |     -|  7.30|     4128|  4.128e+04|       129|        -|    32|        no|        -|   -|           -|           -|    -|
    +------------------------------------------------+------+------+---------+-----------+----------+---------+------+----------+---------+----+------------+------------+-----+


================================================================
== HW Interfaces
================================================================
* S_AXILITE Interfaces
+---------------+------------+---------------+--------+----------+
| Interface     | Data Width | Address Width | Offset | Register |
+---------------+------------+---------------+--------+----------+
| s_axi_control | 32         | 10            | 256    | 0        |
+---------------+------------+---------------+--------+----------+

* S_AXILITE Registers
+---------------+----------+--------+-------+--------+----------------------------------+----------------------------------------------------------------------+
| Interface     | Register | Offset | Width | Access | Description                      | Bit Fields                                                           |
+---------------+----------+--------+-------+--------+----------------------------------+----------------------------------------------------------------------+
| s_axi_control | CTRL     | 0x00   | 32    | RW     | Control signals                  | 0=AP_START 1=AP_DONE 2=AP_IDLE 3=AP_READY 7=AUTO_RESTART 9=INTERRUPT |
| s_axi_control | GIER     | 0x04   | 32    | RW     | Global Interrupt Enable Register | 0=Enable                                                             |
| s_axi_control | IP_IER   | 0x08   | 32    | RW     | IP Interrupt Enable Register     | 0=CHAN0_INT_EN 1=CHAN1_INT_EN                                        |
| s_axi_control | IP_ISR   | 0x0c   | 32    | RW     | IP Interrupt Status Register     | 0=CHAN0_INT_ST 1=CHAN1_INT_ST                                        |
+---------------+----------+--------+-------+--------+----------------------------------+----------------------------------------------------------------------+

* Other Ports
+-------------+---------+-----------+----------+
| Port        | Mode    | Direction | Bitwidth |
+-------------+---------+-----------+----------+
| ap_busy_out | ap_none | out       | 1        |
+-------------+---------+-----------+----------+

* TOP LEVEL CONTROL
+-----------+------------+-----------+
| Interface | Type       | Ports     |
+-----------+------------+-----------+
| ap_clk    | clock      | ap_clk    |
| ap_rst_n  | reset      | ap_rst_n  |
| interrupt | interrupt  | interrupt |
| ap_ctrl   | ap_ctrl_hs |           |
+-----------+------------+-----------+


================================================================
== SW I/O Information
================================================================
* Top Function Arguments
+-------------+-----------+---------------+
| Argument    | Direction | Datatype      |
+-------------+-----------+---------------+
| header      | in        | unsigned int* |
| hash_result | out       | unsigned int* |
| ap_busy_out | out       | pointer       |
+-------------+-----------+---------------+

* SW-to-HW Mapping
+-------------+---------------+---------+--------------------------------------+
| Argument    | HW Interface  | HW Type | HW Info                              |
+-------------+---------------+---------+--------------------------------------+
| header      | s_axi_control | memory  | name=header offset=256 range=128     |
| hash_result | s_axi_control | memory  | name=hash_result offset=512 range=32 |
| ap_busy_out | ap_busy_out   | port    |                                      |
+-------------+---------------+---------+--------------------------------------+


================================================================
== Bind Op Report
================================================================
+-------------------------------------------------------------------------------------------------------+-----+--------+---------------+-----------+--------------------------+---------+
| Name                                                                                                  | DSP | Pragma | Variable      | Op        | Impl                     | Latency |
+-------------------------------------------------------------------------------------------------------+-----+--------+---------------+-----------+--------------------------+---------+
| + sha256_top                                                                                          | 0   |        |               |           |                          |         |
|   icmp_ln77_fu_3189_p2                                                                                |     |        | icmp_ln77     | seteq     | auto                     | 0       |
|   add_ln77_fu_3195_p2                                                                                 |     |        | add_ln77      | add       | fabric                   | 0       |
|   sparsemux_161_7_8_1_1_U535                                                                          |     |        | tmp           | sparsemux | compactencoding_dontcare | 0       |
|   add_ln80_fu_3454_p2                                                                                 |     |        | add_ln80      | add       | fabric                   | 0       |
|   icmp_ln81_fu_3464_p2                                                                                |     |        | icmp_ln81     | seteq     | auto                     | 0       |
|   icmp_ln83_fu_4110_p2                                                                                |     |        | icmp_ln83     | setgt     | auto                     | 0       |
|   grp_fu_2248_p2                                                                                      |     |        | add_ln83      | add       | fabric                   | 0       |
|   select_ln83_fu_4116_p3                                                                              |     |        | select_ln83   | select    | auto_sel                 | 0       |
|   add_ln83_1_fu_4124_p2                                                                               |     |        | add_ln83_1    | add       | fabric                   | 0       |
|   xor_ln87_fu_4518_p2                                                                                 |     |        | xor_ln87      | xor       | auto                     | 0       |
|   icmp_ln87_fu_4528_p2                                                                                |     |        | icmp_ln87     | setgt     | auto                     | 0       |
|   grp_fu_2248_p2                                                                                      |     |        | add_ln87      | add       | fabric                   | 0       |
|   bitlen_fu_4534_p3                                                                                   |     |        | bitlen        | select    | auto_sel                 | 0       |
|   bitlen_1_fu_4543_p2                                                                                 |     |        | bitlen_1      | add       | fabric                   | 0       |
|   icmp_ln77_1_fu_4809_p2                                                                              |     |        | icmp_ln77_1   | seteq     | auto                     | 0       |
|   add_ln77_1_fu_4815_p2                                                                               |     |        | add_ln77_1    | add       | fabric                   | 0       |
|   sparsemux_65_5_8_1_1_U536                                                                           |     |        | tmp_5         | sparsemux | compactencoding_dontcare | 0       |
|   add_ln80_1_fu_4962_p2                                                                               |     |        | add_ln80_1    | add       | fabric                   | 0       |
|   icmp_ln81_1_fu_4972_p2                                                                              |     |        | icmp_ln81_1   | seteq     | auto                     | 0       |
|   icmp_ln83_1_fu_5621_p2                                                                              |     |        | icmp_ln83_1   | setgt     | auto                     | 0       |
|   add_ln83_2_fu_5627_p2                                                                               |     |        | add_ln83_2    | add       | fabric                   | 0       |
|   select_ln83_1_fu_5633_p3                                                                            |     |        | select_ln83_1 | select    | auto_sel                 | 0       |
|   select_ln83_2_fu_5641_p3                                                                            |     |        | select_ln83_2 | select    | auto_sel                 | 0       |
|   add_ln83_3_fu_5649_p2                                                                               |     |        | add_ln83_3    | add       | fabric                   | 0       |
|   xor_ln87_1_fu_6026_p2                                                                               |     |        | xor_ln87_1    | xor       | auto                     | 0       |
|   icmp_ln87_1_fu_6036_p2                                                                              |     |        | icmp_ln87_1   | setgt     | auto                     | 0       |
|   add_ln87_2_fu_6042_p2                                                                               |     |        | add_ln87_2    | add       | fabric                   | 0       |
|   bitlen_2_fu_6048_p3                                                                                 |     |        | bitlen_2      | select    | auto_sel                 | 0       |
|   bitlen_3_fu_6057_p2                                                                                 |     |        | bitlen_3      | add       | fabric                   | 0       |
|  + sha256_top_Pipeline_1                                                                              | 0   |        |               |           |                          |         |
|    exitcond3174_fu_50_p2                                                                              |     |        | exitcond3174  | seteq     | auto                     | 0       |
|    empty_19_fu_56_p2                                                                                  |     |        | empty_19      | add       | fabric                   | 0       |
|  + sha256_transform (grp_sha256_transform_fu_1679)                                                    | 0   |        |               |           |                          |         |
|    add_ln47_fu_1407_p2                                                                                |     |        | add_ln47      | add       | fabric                   | 0       |
|    add_ln48_fu_1413_p2                                                                                |     |        | add_ln48      | add       | fabric                   | 0       |
|    add_ln49_fu_1425_p2                                                                                |     |        | add_ln49      | add       | fabric                   | 0       |
|    add_ln50_fu_1431_p2                                                                                |     |        | add_ln50      | add       | fabric                   | 0       |
|    add_ln51_fu_1443_p2                                                                                |     |        | add_ln51      | add       | fabric                   | 0       |
|    add_ln52_fu_1449_p2                                                                                |     |        | add_ln52      | add       | fabric                   | 0       |
|    add_ln53_fu_1461_p2                                                                                |     |        | add_ln53      | add       | fabric                   | 0       |
|    add_ln54_fu_1467_p2                                                                                |     |        | add_ln54      | add       | fabric                   | 0       |
|    + sha256_transform_Pipeline_VITIS_LOOP_19_2 (grp_sha256_transform_Pipeline_VITIS_LOOP_19_2_fu_845) | 0   |        |               |           |                          |         |
|      icmp_ln19_fu_926_p2                                                                              |     |        | icmp_ln19     | seteq     | auto                     | 0       |
|      sparsemux_97_6_32_1_1_U2                                                                         |     |        | tmp           | sparsemux | compactencoding_dontcare | 0       |
|      sparsemux_97_6_32_1_1_U3                                                                         |     |        | tmp_1         | sparsemux | compactencoding_dontcare | 0       |
|      sparsemux_97_6_32_1_1_U4                                                                         |     |        | tmp_2         | sparsemux | compactencoding_dontcare | 0       |
|      sparsemux_97_6_32_1_1_U5                                                                         |     |        | tmp_3         | sparsemux | compactencoding_dontcare | 0       |
|      xor_ln21_fu_1990_p2                                                                              |     |        | xor_ln21      | xor       | auto                     | 0       |
|      xor_ln21_1_fu_1996_p2                                                                            |     |        | xor_ln21_1    | xor       | auto                     | 0       |
|      xor_ln21_2_fu_2002_p2                                                                            |     |        | xor_ln21_2    | xor       | auto                     | 0       |
|      xor_ln21_3_fu_2008_p2                                                                            |     |        | xor_ln21_3    | xor       | auto                     | 0       |
|      add_ln21_fu_2014_p2                                                                              |     |        | add_ln21      | add       | fabric                   | 0       |
|      add_ln19_fu_2272_p2                                                                              |     |        | add_ln19      | add       | fabric                   | 0       |
|    + sha256_transform_Pipeline_VITIS_LOOP_33_3 (grp_sha256_transform_Pipeline_VITIS_LOOP_33_3_fu_913) | 0   |        |               |           |                          |         |
|      icmp_ln33_fu_947_p2                                                                              |     |        | icmp_ln33     | seteq     | auto                     | 0       |
|      add_ln33_fu_953_p2                                                                               |     |        | add_ln33      | add       | fabric                   | 0       |
|      sparsemux_129_6_32_1_1_U71                                                                       |     |        | tmp_4         | sparsemux | compactencoding_dontcare | 0       |
|      xor_ln35_fu_1309_p2                                                                              |     |        | xor_ln35      | xor       | auto                     | 0       |
|      and_ln35_fu_1331_p2                                                                              |     |        | and_ln35      | and       | auto                     | 0       |
|      and_ln35_1_fu_1337_p2                                                                            |     |        | and_ln35_1    | and       | auto                     | 0       |
|      xor_ln35_1_fu_1351_p2                                                                            |     |        | xor_ln35_1    | xor       | auto                     | 0       |
|      xor_ln35_2_fu_1357_p2                                                                            |     |        | xor_ln35_2    | xor       | auto                     | 0       |
|      xor_ln35_3_fu_1363_p2                                                                            |     |        | xor_ln35_3    | xor       | auto                     | 0       |
|      e_2_fu_1434_p2                                                                                   |     |        | e_2           | add       | fabric                   | 0       |
|      xor_ln44_fu_1440_p2                                                                              |     |        | xor_ln44      | xor       | auto                     | 0       |
|      and_ln44_fu_1446_p2                                                                              |     |        | and_ln44      | and       | auto                     | 0       |
|      and_ln44_1_fu_1452_p2                                                                            |     |        | and_ln44_1    | and       | auto                     | 0       |
|      xor_ln44_1_fu_1474_p2                                                                            |     |        | xor_ln44_1    | xor       | auto                     | 0       |
|      xor_ln44_2_fu_1488_p2                                                                            |     |        | xor_ln44_2    | xor       | auto                     | 0       |
|      xor_ln44_3_fu_1494_p2                                                                            |     |        | xor_ln44_3    | xor       | auto                     | 0       |
|  + sha256_final                                                                                       | 0   |        |               |           |                          |         |
|    icmp_ln101_fu_2173_p2                                                                              |     |        | icmp_ln101    | setlt     | auto                     | 0       |
|   + sha256_final_Pipeline_VITIS_LOOP_103_1                                                            | 0   |        |               |           |                          |         |
|     icmp_ln103_fu_718_p2                                                                              |     |        | icmp_ln103    | seteq     | auto                     | 0       |
|     i_fu_724_p2                                                                                       |     |        | i             | add       | fabric                   | 0       |
|   + sha256_final_Pipeline_VITIS_LOOP_106_2                                                            | 0   |        |               |           |                          |         |
|     i_fu_134_p2                                                                                       |     |        | i             | add       | fabric                   | 0       |
|     icmp_ln106_fu_140_p2                                                                              |     |        | icmp_ln106    | seteq     | auto                     | 0       |
|   + sha256_final_Pipeline_VITIS_LOOP_111_3                                                            | 0   |        |               |           |                          |         |
|     icmp_ln111_fu_706_p2                                                                              |     |        | icmp_ln111    | seteq     | auto                     | 0       |
|     add_ln111_fu_712_p2                                                                               |     |        | add_ln111     | add       | fabric                   | 0       |
|   + sha256_transform (grp_sha256_transform_fu_1693)                                                   | 0   |        |               |           |                          |         |
|     add_ln47_fu_1407_p2                                                                               |     |        | add_ln47      | add       | fabric                   | 0       |
|     add_ln48_fu_1413_p2                                                                               |     |        | add_ln48      | add       | fabric                   | 0       |
|     add_ln49_fu_1425_p2                                                                               |     |        | add_ln49      | add       | fabric                   | 0       |
|     add_ln50_fu_1431_p2                                                                               |     |        | add_ln50      | add       | fabric                   | 0       |
|     add_ln51_fu_1443_p2                                                                               |     |        | add_ln51      | add       | fabric                   | 0       |
|     add_ln52_fu_1449_p2                                                                               |     |        | add_ln52      | add       | fabric                   | 0       |
|     add_ln53_fu_1461_p2                                                                               |     |        | add_ln53      | add       | fabric                   | 0       |
|     add_ln54_fu_1467_p2                                                                               |     |        | add_ln54      | add       | fabric                   | 0       |
|    + sha256_transform_Pipeline_VITIS_LOOP_19_2 (grp_sha256_transform_Pipeline_VITIS_LOOP_19_2_fu_845) | 0   |        |               |           |                          |         |
|      icmp_ln19_fu_926_p2                                                                              |     |        | icmp_ln19     | seteq     | auto                     | 0       |
|      sparsemux_97_6_32_1_1_U2                                                                         |     |        | tmp           | sparsemux | compactencoding_dontcare | 0       |
|      sparsemux_97_6_32_1_1_U3                                                                         |     |        | tmp_1         | sparsemux | compactencoding_dontcare | 0       |
|      sparsemux_97_6_32_1_1_U4                                                                         |     |        | tmp_2         | sparsemux | compactencoding_dontcare | 0       |
|      sparsemux_97_6_32_1_1_U5                                                                         |     |        | tmp_3         | sparsemux | compactencoding_dontcare | 0       |
|      xor_ln21_fu_1990_p2                                                                              |     |        | xor_ln21      | xor       | auto                     | 0       |
|      xor_ln21_1_fu_1996_p2                                                                            |     |        | xor_ln21_1    | xor       | auto                     | 0       |
|      xor_ln21_2_fu_2002_p2                                                                            |     |        | xor_ln21_2    | xor       | auto                     | 0       |
|      xor_ln21_3_fu_2008_p2                                                                            |     |        | xor_ln21_3    | xor       | auto                     | 0       |
|      add_ln21_fu_2014_p2                                                                              |     |        | add_ln21      | add       | fabric                   | 0       |
|      add_ln19_fu_2272_p2                                                                              |     |        | add_ln19      | add       | fabric                   | 0       |
|    + sha256_transform_Pipeline_VITIS_LOOP_33_3 (grp_sha256_transform_Pipeline_VITIS_LOOP_33_3_fu_913) | 0   |        |               |           |                          |         |
|      icmp_ln33_fu_947_p2                                                                              |     |        | icmp_ln33     | seteq     | auto                     | 0       |
|      add_ln33_fu_953_p2                                                                               |     |        | add_ln33      | add       | fabric                   | 0       |
|      sparsemux_129_6_32_1_1_U71                                                                       |     |        | tmp_4         | sparsemux | compactencoding_dontcare | 0       |
|      xor_ln35_fu_1309_p2                                                                              |     |        | xor_ln35      | xor       | auto                     | 0       |
|      and_ln35_fu_1331_p2                                                                              |     |        | and_ln35      | and       | auto                     | 0       |
|      and_ln35_1_fu_1337_p2                                                                            |     |        | and_ln35_1    | and       | auto                     | 0       |
|      xor_ln35_1_fu_1351_p2                                                                            |     |        | xor_ln35_1    | xor       | auto                     | 0       |
|      xor_ln35_2_fu_1357_p2                                                                            |     |        | xor_ln35_2    | xor       | auto                     | 0       |
|      xor_ln35_3_fu_1363_p2                                                                            |     |        | xor_ln35_3    | xor       | auto                     | 0       |
|      e_2_fu_1434_p2                                                                                   |     |        | e_2           | add       | fabric                   | 0       |
|      xor_ln44_fu_1440_p2                                                                              |     |        | xor_ln44      | xor       | auto                     | 0       |
|      and_ln44_fu_1446_p2                                                                              |     |        | and_ln44      | and       | auto                     | 0       |
|      and_ln44_1_fu_1452_p2                                                                            |     |        | and_ln44_1    | and       | auto                     | 0       |
|      xor_ln44_1_fu_1474_p2                                                                            |     |        | xor_ln44_1    | xor       | auto                     | 0       |
|      xor_ln44_2_fu_1488_p2                                                                            |     |        | xor_ln44_2    | xor       | auto                     | 0       |
|      xor_ln44_3_fu_1494_p2                                                                            |     |        | xor_ln44_3    | xor       | auto                     | 0       |
|  + sha256_top_Pipeline_VITIS_LOOP_52_4                                                                | 0   |        |               |           |                          |         |
|    icmp_ln52_fu_1190_p2                                                                               |     |        | icmp_ln52     | seteq     | auto                     | 0       |
|    add_ln52_fu_1196_p2                                                                                |     |        | add_ln52      | add       | fabric                   | 0       |
+-------------------------------------------------------------------------------------------------------+-----+--------+---------------+-----------+--------------------------+---------+


================================================================
== Storage Report
================================================================
+-------------------------------------------------------------------------------------------------------+---------------+-----------+------+------+--------+----------+------+---------+------------------+
| Name                                                                                                  | Usage         | Type      | BRAM | URAM | Pragma | Variable | Impl | Latency | Bitwidth, Depth, |
|                                                                                                       |               |           |      |      |        |          |      |         | Banks            |
+-------------------------------------------------------------------------------------------------------+---------------+-----------+------+------+--------+----------+------+---------+------------------+
| + sha256_top                                                                                          |               |           | 2    | 0    |        |          |      |         |                  |
|   control_s_axi_U                                                                                     | interface     | s_axilite |      |      |        |          |      |         |                  |
|   state_U                                                                                             | ram_t2p array |           |      |      |        | state    | auto | 1       | 32, 8, 1         |
|  + sha256_transform (grp_sha256_transform_fu_1679)                                                    |               |           | 1    | 0    |        |          |      |         |                  |
|    + sha256_transform_Pipeline_VITIS_LOOP_33_3 (grp_sha256_transform_Pipeline_VITIS_LOOP_33_3_fu_913) |               |           | 1    | 0    |        |          |      |         |                  |
|      k_U                                                                                              | rom_1p        |           | 1    |      |        | k        | auto | 1       | 32, 64, 1        |
|  + sha256_final                                                                                       |               |           | 1    | 0    |        |          |      |         |                  |
|   + sha256_transform (grp_sha256_transform_fu_1693)                                                   |               |           | 1    | 0    |        |          |      |         |                  |
|    + sha256_transform_Pipeline_VITIS_LOOP_33_3 (grp_sha256_transform_Pipeline_VITIS_LOOP_33_3_fu_913) |               |           | 1    | 0    |        |          |      |         |                  |
|      k_U                                                                                              | rom_1p        |           | 1    |      |        | k        | auto | 1       | 32, 64, 1        |
+-------------------------------------------------------------------------------------------------------+---------------+-----------+------+------+--------+----------+------+---------+------------------+


================================================================
== Pragma Report
================================================================
* Valid Pragma Syntax
+-----------------+--------------------------------------------------------+----------------------------------------------------+
| Type            | Options                                                | Location                                           |
+-----------------+--------------------------------------------------------+----------------------------------------------------+
| array_partition | variable=data complete dim=1                           | ../src/sha256.c:11 in sha256_transform, data       |
| array_partition | variable=m complete dim=1                              | ../src/sha256.c:12 in sha256_transform, m          |
| unroll          |                                                        | ../src/sha256.c:15 in sha256_transform             |
| pipeline        | II=1                                                   | ../src/sha256.c:20 in sha256_transform             |
| pipeline        | II=1                                                   | ../src/sha256.c:34 in sha256_transform             |
| inline          |                                                        | ../src/sha256.c:60 in sha256_init                  |
| unroll          |                                                        | ../src/sha256.c:128 in sha256_final                |
| interface       | s_axilite port=header bundle=control offset=0x100      | ../src/sha256_top.c:9 in sha256_top, header        |
| interface       | s_axilite port=hash_result bundle=control offset=0x200 | ../src/sha256_top.c:10 in sha256_top, hash_result  |
| interface       | s_axilite port=return bundle=control                   | ../src/sha256_top.c:11 in sha256_top, return       |
| interface       | ap_none port=ap_busy_out                               | ../src/sha256_top.c:13 in sha256_top, ap_busy_out  |
| array_partition | variable=hash1 complete dim=1                          | ../src/sha256_top.c:19 in sha256_top, hash1        |
| array_partition | variable=hash2 complete dim=1                          | ../src/sha256_top.c:20 in sha256_top, hash2        |
| array_partition | variable=header_bytes complete dim=1                   | ../src/sha256_top.c:21 in sha256_top, header_bytes |
| dependence      | variable=header inter false                            | ../src/sha256_top.c:23 in sha256_top, header       |
| dependence      | variable=hash_result inter false                       | ../src/sha256_top.c:24 in sha256_top, hash_result  |
| unroll          |                                                        | ../src/sha256_top.c:30 in sha256_top               |
| unroll          |                                                        | ../src/sha256_top.c:65 in sha256_top               |
+-----------------+--------------------------------------------------------+----------------------------------------------------+


