================================================================
== Design Size Report
================================================================

* Total Instructions per Compilation Phase
+---------------+-----------------------------+--------------+----------------------------------------------------------------------------------------+
| Phase         | Step                        | Instructions | Description                                                                            |
+---------------+-----------------------------+--------------+----------------------------------------------------------------------------------------+
| Compile/Link  |                             | 2,308        | After all functions are compiled and linked into a single design                       |
|               |                             |              |                                                                                        |
| Unroll/Inline |                             |              | After user unroll and inline pragmas are applied                                       |
|               | (1) unroll                  | 4,451        | user unroll pragmas are applied                                                        |
|               | (2) simplification          | 3,840        | simplification of applied user unroll pragmas                                          |
|               | (3) inline                  | 3,797        | user inline pragmas are applied                                                        |
|               | (4) simplification          | 3,792        | simplification of applied user inline pragmas                                          |
|               |                             |              |                                                                                        |
| Array/Struct  |                             |              | After user array partition and struct aggregate/disaggregate pragmas are applied       |
|               | (1) array partition         | 9,095        | user array partition pragmas are applied                                               |
|               | (2) simplification          | 8,025        | simplification of applied user array partition & struct aggregate/disaggregate pragmas |
|               | (3) aggregate/disaggregate  | 8,025        | user struct aggregate/disaggregate pragmas are applied                                 |
|               | (4) array reshape           | 8,025        | apply array reshape pragmas                                                            |
|               | (5) access patterns         | 8,855        | array access pattern optmizations                                                      |
|               |                             |              |                                                                                        |
| Performance   |                             |              | After transformations are applied to meet performance pragma targets                   |
|               | (1) loop simplification     | 8,650        | loop and instruction simplification                                                    |
|               | (2) parallelization         | 7,995        | loops are unrolled or pipelined to meet performance targets                            |
|               | (3) array partition         | 7,993        | arrays are partitioned to meet performance targets                                     |
|               | (4) simplification          | 7,983        | simplification of design after performance transformations                             |
|               |                             |              |                                                                                        |
| HW Transforms |                             |              | After hardware transfomations                                                          |
|               | (1) lowering                | 7,892        | initial conversion to HW specific instructions                                         |
|               | (2) optimizations           | 7,969        | high level synthesis optimizations                                                     |
+---------------+-----------------------------+--------------+----------------------------------------------------------------------------------------+

* Instructions per Function for each Compilation Phase
+----------------------+----------------+-----------------+-----------------+-----------------+-----------------+-----------------+
| Function             | Location       | Compile/Link    | Unroll/Inline   | Array/Struct    | Performance     | HW Transforms   |
+----------------------+----------------+-----------------+-----------------+-----------------+-----------------+-----------------+
| + sha256_top         | sha256_top.c:4 | 2,308           | 3,792           | 8,855           | 7,983           | 7,969           |
|    sha256_init       | sha256.c:59    |   34 (2 calls)  |                 |                 |                 |                 |
|  + sha256_update     | sha256.c:76    |  642 (2 calls)  |                 |                 |                 |                 |
|     sha256_transform | sha256.c:9     |  528 (2 calls)  |                 |                 |                 |                 |
|  + sha256_final      | sha256.c:97    | 1,434 (2 calls) | 2,212 (2 calls) | 5,110 (2 calls) | 4,918 (2 calls) | 4,896 (2 calls) |
|     sha256_transform | sha256.c:9     | 1,056 (4 calls) | 1,792 (4 calls) | 3,384 (4 calls) | 2,968 (4 calls) | 2,932 (4 calls) |
|    sha256_transform  | sha256.c:9     |                 |  896 (2 calls)  | 1,692 (2 calls) | 1,484 (2 calls) | 1,466 (2 calls) |
+----------------------+----------------+-----------------+-----------------+-----------------+-----------------+-----------------+

* Design Size Message Settings
+---------------------------------------------+--------+------------------------------------------------------------------+
| Message Setting                             | Value  | Description                                                      |
+---------------------------------------------+--------+------------------------------------------------------------------+
| config_compile -design_size_maximum_warning | 100000 | Show a warning when total design instructions exceeds this value |
+---------------------------------------------+--------+------------------------------------------------------------------+


