

================================================================
== Vitis HLS Report for 'sha256_transform'
================================================================
* Date:           Mon Jun  9 13:32:01 2025

* Version:        2024.2 (Build 5238294 on Nov  8 2024)
* Project:        sha256_top
* Solution:       hls (Vivado IP Flow Target)
* Product family: zynquplus
* Target device:  xczu7ev-ffvc1156-2-e


================================================================
== Performance Estimates
================================================================
+ Timing: 
    * Summary: 
    +--------+----------+----------+------------+
    |  Clock |  Target  | Estimated| Uncertainty|
    +--------+----------+----------+------------+
    |ap_clk  |  10.00 ns|  3.411 ns|     2.70 ns|
    +--------+----------+----------+------------+

+ Latency: 
    * Summary: 
    +---------+---------+----------+----------+-----+-----+---------+
    |  Latency (cycles) |  Latency (absolute) |  Interval | Pipeline|
    |   min   |   max   |    min   |    max   | min | max |   Type  |
    +---------+---------+----------+----------+-----+-----+---------+
    |      126|      126|  1.260 us|  1.260 us|  126|  126|       no|
    +---------+---------+----------+----------+-----+-----+---------+

    + Detail: 
        * Instance: 
        +------------------------------------------------------+-------------------------------------------+---------+---------+----------+----------+-----+-----+------------------------------------------------+
        |                                                      |                                           |  Latency (cycles) |  Latency (absolute) |  Interval |                    Pipeline                    |
        |                       Instance                       |                   Module                  |   min   |   max   |    min   |    max   | min | max |                      Type                      |
        +------------------------------------------------------+-------------------------------------------+---------+---------+----------+----------+-----+-----+------------------------------------------------+
        |grp_sha256_transform_Pipeline_VITIS_LOOP_19_2_fu_845  |sha256_transform_Pipeline_VITIS_LOOP_19_2  |       50|       50|  0.500 us|  0.500 us|   49|   49|  loop auto-rewind stp (delay=0 clock cycles(s))|
        |grp_sha256_transform_Pipeline_VITIS_LOOP_33_3_fu_913  |sha256_transform_Pipeline_VITIS_LOOP_33_3  |       67|       67|  0.670 us|  0.670 us|   65|   65|  loop auto-rewind stp (delay=0 clock cycles(s))|
        +------------------------------------------------------+-------------------------------------------+---------+---------+----------+----------+-----+-----+------------------------------------------------+

        * Loop: 
        N/A



================================================================
== Utilization Estimates
================================================================
* Summary: 
+-----------------+---------+------+--------+--------+-----+
|       Name      | BRAM_18K|  DSP |   FF   |   LUT  | URAM|
+-----------------+---------+------+--------+--------+-----+
|DSP              |        -|     -|       -|       -|    -|
|Expression       |        -|     -|       0|     312|    -|
|FIFO             |        -|     -|       -|       -|    -|
|Instance         |        1|     -|    1845|    2190|    -|
|Memory           |        -|     -|       -|       -|    -|
|Multiplexer      |        -|     -|       0|     209|    -|
|Register         |        -|     -|     780|       -|    -|
+-----------------+---------+------+--------+--------+-----+
|Total            |        1|     0|    2625|    2711|    0|
+-----------------+---------+------+--------+--------+-----+
|Available        |      624|  1728|  460800|  230400|   96|
+-----------------+---------+------+--------+--------+-----+
|Utilization (%)  |       ~0|     0|      ~0|       1|    0|
+-----------------+---------+------+--------+--------+-----+

+ Detail: 
    * Instance: 
    +------------------------------------------------------+-------------------------------------------+---------+----+------+------+-----+
    |                       Instance                       |                   Module                  | BRAM_18K| DSP|  FF  |  LUT | URAM|
    +------------------------------------------------------+-------------------------------------------+---------+----+------+------+-----+
    |grp_sha256_transform_Pipeline_VITIS_LOOP_19_2_fu_845  |sha256_transform_Pipeline_VITIS_LOOP_19_2  |        0|   0|  1545|  1163|    0|
    |grp_sha256_transform_Pipeline_VITIS_LOOP_33_3_fu_913  |sha256_transform_Pipeline_VITIS_LOOP_33_3  |        1|   0|   300|  1027|    0|
    +------------------------------------------------------+-------------------------------------------+---------+----+------+------+-----+
    |Total                                                 |                                           |        1|   0|  1845|  2190|    0|
    +------------------------------------------------------+-------------------------------------------+---------+----+------+------+-----+

    * DSP: 
    N/A

    * Memory: 
    N/A

    * FIFO: 
    N/A

    * Expression: 
    +---------------------+----------+----+---+----+------------+------------+
    |    Variable Name    | Operation| DSP| FF| LUT| Bitwidth P0| Bitwidth P1|
    +---------------------+----------+----+---+----+------------+------------+
    |add_ln47_fu_1407_p2  |         +|   0|  0|  39|          32|          32|
    |add_ln48_fu_1413_p2  |         +|   0|  0|  39|          32|          32|
    |add_ln49_fu_1425_p2  |         +|   0|  0|  39|          32|          32|
    |add_ln50_fu_1431_p2  |         +|   0|  0|  39|          32|          32|
    |add_ln51_fu_1443_p2  |         +|   0|  0|  39|          32|          32|
    |add_ln52_fu_1449_p2  |         +|   0|  0|  39|          32|          32|
    |add_ln53_fu_1461_p2  |         +|   0|  0|  39|          32|          32|
    |add_ln54_fu_1467_p2  |         +|   0|  0|  39|          32|          32|
    +---------------------+----------+----+---+----+------------+------------+
    |Total                |          |   0|  0| 312|         256|         256|
    +---------------------+----------+----+---+----+------------+------------+

    * Multiplexer: 
    +----------------------+----+-----------+-----+-----------+
    |         Name         | LUT| Input Size| Bits| Total Bits|
    +----------------------+----+-----------+-----+-----------+
    |ap_NS_fsm             |  59|         11|    1|         11|
    |state_address0_local  |  49|          9|    3|         27|
    |state_address1_local  |  49|          9|    3|         27|
    |state_d0_local        |  26|          5|   32|        160|
    |state_d1_local        |  26|          5|   32|        160|
    +----------------------+----+-----------+-----+-----------+
    |Total                 | 209|         39|   71|        385|
    +----------------------+----+-----------+-----+-----------+

    * Register: 
    +-------------------------------------------------------------------+----+----+-----+-----------+
    |                                Name                               | FF | LUT| Bits| Const Bits|
    +-------------------------------------------------------------------+----+----+-----+-----------+
    |a_reg_1819                                                         |  32|   0|   32|          0|
    |ap_CS_fsm                                                          |  10|   0|   10|          0|
    |b_reg_1825                                                         |  32|   0|   32|          0|
    |c_reg_1937                                                         |  32|   0|   32|          0|
    |d_reg_1943                                                         |  32|   0|   32|          0|
    |e_reg_1959                                                         |  32|   0|   32|          0|
    |f_reg_1965                                                         |  32|   0|   32|          0|
    |g_reg_2125                                                         |  32|   0|   32|          0|
    |grp_sha256_transform_Pipeline_VITIS_LOOP_19_2_fu_845_ap_start_reg  |   1|   0|    1|          0|
    |grp_sha256_transform_Pipeline_VITIS_LOOP_33_3_fu_913_ap_start_reg  |   1|   0|    1|          0|
    |h_reg_2131                                                         |  32|   0|   32|          0|
    |or_ln16_10_reg_1901                                                |  32|   0|   32|          0|
    |or_ln16_11_reg_1907                                                |  32|   0|   32|          0|
    |or_ln16_12_reg_1913                                                |  32|   0|   32|          0|
    |or_ln16_13_reg_1919                                                |  32|   0|   32|          0|
    |or_ln16_14_reg_1925                                                |  32|   0|   32|          0|
    |or_ln16_15_reg_1931                                                |  32|   0|   32|          0|
    |or_ln16_1_reg_1865                                                 |  32|   0|   32|          0|
    |or_ln16_2_reg_1841                                                 |  32|   0|   32|          0|
    |or_ln16_3_reg_1871                                                 |  32|   0|   32|          0|
    |or_ln16_4_reg_1877                                                 |  32|   0|   32|          0|
    |or_ln16_5_reg_1847                                                 |  32|   0|   32|          0|
    |or_ln16_6_reg_1883                                                 |  32|   0|   32|          0|
    |or_ln16_7_reg_1889                                                 |  32|   0|   32|          0|
    |or_ln16_8_reg_1853                                                 |  32|   0|   32|          0|
    |or_ln16_9_reg_1895                                                 |  32|   0|   32|          0|
    |or_ln16_s_reg_1859                                                 |  32|   0|   32|          0|
    +-------------------------------------------------------------------+----+----+-----+-----------+
    |Total                                                              | 780|   0|  780|          0|
    +-------------------------------------------------------------------+----+----+-----+-----------+



================================================================
== Interface
================================================================
* Summary: 
+----------------+-----+-----+------------+------------------+--------------+
|    RTL Ports   | Dir | Bits|  Protocol  |   Source Object  |    C Type    |
+----------------+-----+-----+------------+------------------+--------------+
|ap_clk          |   in|    1|  ap_ctrl_hs|  sha256_transform|  return value|
|ap_rst          |   in|    1|  ap_ctrl_hs|  sha256_transform|  return value|
|ap_start        |   in|    1|  ap_ctrl_hs|  sha256_transform|  return value|
|ap_done         |  out|    1|  ap_ctrl_hs|  sha256_transform|  return value|
|ap_idle         |  out|    1|  ap_ctrl_hs|  sha256_transform|  return value|
|ap_ready        |  out|    1|  ap_ctrl_hs|  sha256_transform|  return value|
|state_address0  |  out|    3|   ap_memory|             state|         array|
|state_ce0       |  out|    1|   ap_memory|             state|         array|
|state_we0       |  out|    1|   ap_memory|             state|         array|
|state_d0        |  out|   32|   ap_memory|             state|         array|
|state_q0        |   in|   32|   ap_memory|             state|         array|
|state_address1  |  out|    3|   ap_memory|             state|         array|
|state_ce1       |  out|    1|   ap_memory|             state|         array|
|state_we1       |  out|    1|   ap_memory|             state|         array|
|state_d1        |  out|   32|   ap_memory|             state|         array|
|state_q1        |   in|   32|   ap_memory|             state|         array|
|data_0_val      |   in|    8|     ap_none|        data_0_val|        scalar|
|data_1_val      |   in|    8|     ap_none|        data_1_val|        scalar|
|data_2_val      |   in|    8|     ap_none|        data_2_val|        scalar|
|data_3_val      |   in|    8|     ap_none|        data_3_val|        scalar|
|data_4_val      |   in|    8|     ap_none|        data_4_val|        scalar|
|data_5_val      |   in|    8|     ap_none|        data_5_val|        scalar|
|data_6_val      |   in|    8|     ap_none|        data_6_val|        scalar|
|data_7_val      |   in|    8|     ap_none|        data_7_val|        scalar|
|data_8_val      |   in|    8|     ap_none|        data_8_val|        scalar|
|data_9_val      |   in|    8|     ap_none|        data_9_val|        scalar|
|data_10_val     |   in|    8|     ap_none|       data_10_val|        scalar|
|data_11_val     |   in|    8|     ap_none|       data_11_val|        scalar|
|data_12_val     |   in|    8|     ap_none|       data_12_val|        scalar|
|data_13_val     |   in|    8|     ap_none|       data_13_val|        scalar|
|data_14_val     |   in|    8|     ap_none|       data_14_val|        scalar|
|data_15_val     |   in|    8|     ap_none|       data_15_val|        scalar|
|data_16_val     |   in|    8|     ap_none|       data_16_val|        scalar|
|data_17_val     |   in|    8|     ap_none|       data_17_val|        scalar|
|data_18_val     |   in|    8|     ap_none|       data_18_val|        scalar|
|data_19_val     |   in|    8|     ap_none|       data_19_val|        scalar|
|data_20_val     |   in|    8|     ap_none|       data_20_val|        scalar|
|data_21_val     |   in|    8|     ap_none|       data_21_val|        scalar|
|data_22_val     |   in|    8|     ap_none|       data_22_val|        scalar|
|data_23_val     |   in|    8|     ap_none|       data_23_val|        scalar|
|data_24_val     |   in|    8|     ap_none|       data_24_val|        scalar|
|data_25_val     |   in|    8|     ap_none|       data_25_val|        scalar|
|data_26_val     |   in|    8|     ap_none|       data_26_val|        scalar|
|data_27_val     |   in|    8|     ap_none|       data_27_val|        scalar|
|data_28_val     |   in|    8|     ap_none|       data_28_val|        scalar|
|data_29_val     |   in|    8|     ap_none|       data_29_val|        scalar|
|data_30_val     |   in|    8|     ap_none|       data_30_val|        scalar|
|data_31_val     |   in|    8|     ap_none|       data_31_val|        scalar|
|data_32_val     |   in|    8|     ap_none|       data_32_val|        scalar|
|data_33_val     |   in|    8|     ap_none|       data_33_val|        scalar|
|data_34_val     |   in|    8|     ap_none|       data_34_val|        scalar|
|data_35_val     |   in|    8|     ap_none|       data_35_val|        scalar|
|data_36_val     |   in|    8|     ap_none|       data_36_val|        scalar|
|data_37_val     |   in|    8|     ap_none|       data_37_val|        scalar|
|data_38_val     |   in|    8|     ap_none|       data_38_val|        scalar|
|data_39_val     |   in|    8|     ap_none|       data_39_val|        scalar|
|data_40_val     |   in|    8|     ap_none|       data_40_val|        scalar|
|data_41_val     |   in|    8|     ap_none|       data_41_val|        scalar|
|data_42_val     |   in|    8|     ap_none|       data_42_val|        scalar|
|data_43_val     |   in|    8|     ap_none|       data_43_val|        scalar|
|data_44_val     |   in|    8|     ap_none|       data_44_val|        scalar|
|data_45_val     |   in|    8|     ap_none|       data_45_val|        scalar|
|data_46_val     |   in|    8|     ap_none|       data_46_val|        scalar|
|data_47_val     |   in|    8|     ap_none|       data_47_val|        scalar|
|data_48_val     |   in|    8|     ap_none|       data_48_val|        scalar|
|data_49_val     |   in|    8|     ap_none|       data_49_val|        scalar|
|data_50_val     |   in|    8|     ap_none|       data_50_val|        scalar|
|data_51_val     |   in|    8|     ap_none|       data_51_val|        scalar|
|data_52_val     |   in|    8|     ap_none|       data_52_val|        scalar|
|data_53_val     |   in|    8|     ap_none|       data_53_val|        scalar|
|data_54_val     |   in|    8|     ap_none|       data_54_val|        scalar|
|data_55_val     |   in|    8|     ap_none|       data_55_val|        scalar|
|data_56_val     |   in|    8|     ap_none|       data_56_val|        scalar|
|data_57_val     |   in|    8|     ap_none|       data_57_val|        scalar|
|data_58_val     |   in|    8|     ap_none|       data_58_val|        scalar|
|data_59_val     |   in|    8|     ap_none|       data_59_val|        scalar|
|data_60_val     |   in|    8|     ap_none|       data_60_val|        scalar|
|data_61_val     |   in|    8|     ap_none|       data_61_val|        scalar|
|data_62_val     |   in|    8|     ap_none|       data_62_val|        scalar|
|data_63_val     |   in|    8|     ap_none|       data_63_val|        scalar|
+----------------+-----+-----+------------+------------------+--------------+

