

================================================================
== Vitis HLS Report for 'sha256_final'
================================================================
* Date:           Mon Jun  9 13:32:02 2025

* Version:        2024.2 (Build 5238294 on Nov  8 2024)
* Project:        sha256_top
* Solution:       hls (Vivado IP Flow Target)
* Product family: zynquplus
* Target device:  xczu7ev-ffvc1156-2-e


================================================================
== Performance Estimates
================================================================
+ Timing: 
    * Summary: 
    +--------+----------+----------+------------+
    |  Clock |  Target  | Estimated| Uncertainty|
    +--------+----------+----------+------------+
    |ap_clk  |  10.00 ns|  3.411 ns|     2.70 ns|
    +--------+----------+----------+------------+

+ Latency: 
    * Summary: 
    +---------+---------+----------+----------+-----+-----+---------+
    |  Latency (cycles) |  Latency (absolute) |  Interval | Pipeline|
    |   min   |   max   |    min   |    max   | min | max |   Type  |
    +---------+---------+----------+----------+-----+-----+---------+
    |        ?|        ?|         ?|         ?|    ?|    ?|       no|
    +---------+---------+----------+----------+-----+-----+---------+

    + Detail: 
        * Instance: 
        +----------------------------------------------------+----------------------------------------+---------+---------+----------+----------+-----+-----+------------------------------------------------+
        |                                                    |                                        |  Latency (cycles) |  Latency (absolute) |  Interval |                    Pipeline                    |
        |                      Instance                      |                 Module                 |   min   |   max   |    min   |    max   | min | max |                      Type                      |
        +----------------------------------------------------+----------------------------------------+---------+---------+----------+----------+-----+-----+------------------------------------------------+
        |grp_sha256_final_Pipeline_VITIS_LOOP_103_1_fu_1443  |sha256_final_Pipeline_VITIS_LOOP_103_1  |        ?|        ?|         ?|         ?|    0|    0|  loop auto-rewind stp (delay=0 clock cycles(s))|
        |grp_sha256_final_Pipeline_VITIS_LOOP_106_2_fu_1558  |sha256_final_Pipeline_VITIS_LOOP_106_2  |        ?|        ?|         ?|         ?|    0|    0|  loop auto-rewind stp (delay=0 clock cycles(s))|
        |grp_sha256_final_Pipeline_VITIS_LOOP_111_3_fu_1577  |sha256_final_Pipeline_VITIS_LOOP_111_3  |       58|       58|  0.580 us|  0.580 us|   57|   57|  loop auto-rewind stp (delay=0 clock cycles(s))|
        |grp_sha256_transform_fu_1693                        |sha256_transform                        |      126|      126|  1.260 us|  1.260 us|  126|  126|                                              no|
        +----------------------------------------------------+----------------------------------------+---------+---------+----------+----------+-----+-----+------------------------------------------------+

        * Loop: 
        N/A



================================================================
== Utilization Estimates
================================================================
* Summary: 
+-----------------+---------+------+--------+--------+-----+
|       Name      | BRAM_18K|  DSP |   FF   |   LUT  | URAM|
+-----------------+---------+------+--------+--------+-----+
|DSP              |        -|     -|       -|       -|    -|
|Expression       |        -|     -|       0|      17|    -|
|FIFO             |        -|     -|       -|       -|    -|
|Instance         |        1|     -|    2651|    2875|    -|
|Memory           |        -|     -|       -|       -|    -|
|Multiplexer      |        -|     -|       0|    3541|    -|
|Register         |        -|     -|    1551|       -|    -|
+-----------------+---------+------+--------+--------+-----+
|Total            |        1|     0|    4202|    6433|    0|
+-----------------+---------+------+--------+--------+-----+
|Available        |      624|  1728|  460800|  230400|   96|
+-----------------+---------+------+--------+--------+-----+
|Utilization (%)  |       ~0|     0|      ~0|       2|    0|
+-----------------+---------+------+--------+--------+-----+

+ Detail: 
    * Instance: 
    +----------------------------------------------------+----------------------------------------+---------+----+------+------+-----+
    |                      Instance                      |                 Module                 | BRAM_18K| DSP|  FF  |  LUT | URAM|
    +----------------------------------------------------+----------------------------------------+---------+----+------+------+-----+
    |grp_sha256_final_Pipeline_VITIS_LOOP_103_1_fu_1443  |sha256_final_Pipeline_VITIS_LOOP_103_1  |        0|   0|     9|    55|    0|
    |grp_sha256_final_Pipeline_VITIS_LOOP_106_2_fu_1558  |sha256_final_Pipeline_VITIS_LOOP_106_2  |        0|   0|     9|    56|    0|
    |grp_sha256_final_Pipeline_VITIS_LOOP_111_3_fu_1577  |sha256_final_Pipeline_VITIS_LOOP_111_3  |        0|   0|     8|    53|    0|
    |grp_sha256_transform_fu_1693                        |sha256_transform                        |        1|   0|  2625|  2711|    0|
    +----------------------------------------------------+----------------------------------------+---------+----+------+------+-----+
    |Total                                               |                                        |        1|   0|  2651|  2875|    0|
    +----------------------------------------------------+----------------------------------------+---------+----+------+------+-----+

    * DSP: 
    N/A

    * Memory: 
    N/A

    * FIFO: 
    N/A

    * Expression: 
    +---------------------------------+----------+----+---+----+------------+------------+
    |          Variable Name          | Operation| DSP| FF| LUT| Bitwidth P0| Bitwidth P1|
    +---------------------------------+----------+----+---+----+------------+------------+
    |ap_block_state6_on_subcall_done  |       and|   0|  0|   2|           1|           1|
    |icmp_ln101_fu_2173_p2            |      icmp|   0|  0|  13|           6|           5|
    |ap_block_state4_on_subcall_done  |        or|   0|  0|   2|           1|           1|
    +---------------------------------+----------+----+---+----+------------+------------+
    |Total                            |          |   0|  0|  17|           8|           7|
    +---------------------------------+----------+----+---+----+------------+------------+

    * Multiplexer: 
    +------------------------------------------+----+-----------+-----+-----------+
    |                   Name                   | LUT| Input Size| Bits| Total Bits|
    +------------------------------------------+----+-----------+-----+-----------+
    |ap_NS_fsm                                 |  65|         15|    1|         15|
    |ap_return_0                               |   9|          2|    8|         16|
    |ap_return_1                               |   9|          2|    8|         16|
    |ap_return_10                              |   9|          2|    8|         16|
    |ap_return_11                              |   9|          2|    8|         16|
    |ap_return_12                              |   9|          2|    8|         16|
    |ap_return_13                              |   9|          2|    8|         16|
    |ap_return_14                              |   9|          2|    8|         16|
    |ap_return_15                              |   9|          2|    8|         16|
    |ap_return_16                              |   9|          2|    8|         16|
    |ap_return_17                              |   9|          2|    8|         16|
    |ap_return_18                              |   9|          2|    8|         16|
    |ap_return_19                              |   9|          2|    8|         16|
    |ap_return_2                               |   9|          2|    8|         16|
    |ap_return_20                              |   9|          2|    8|         16|
    |ap_return_21                              |   9|          2|    8|         16|
    |ap_return_22                              |   9|          2|    8|         16|
    |ap_return_23                              |   9|          2|    8|         16|
    |ap_return_24                              |   9|          2|    8|         16|
    |ap_return_25                              |   9|          2|    8|         16|
    |ap_return_26                              |   9|          2|    8|         16|
    |ap_return_27                              |   9|          2|    8|         16|
    |ap_return_28                              |   9|          2|    8|         16|
    |ap_return_29                              |   9|          2|    8|         16|
    |ap_return_3                               |   9|          2|    8|         16|
    |ap_return_30                              |   9|          2|    8|         16|
    |ap_return_31                              |   9|          2|    8|         16|
    |ap_return_4                               |   9|          2|    8|         16|
    |ap_return_5                               |   9|          2|    8|         16|
    |ap_return_6                               |   9|          2|    8|         16|
    |ap_return_7                               |   9|          2|    8|         16|
    |ap_return_8                               |   9|          2|    8|         16|
    |ap_return_9                               |   9|          2|    8|         16|
    |grp_sha256_transform_fu_1693_data_56_val  |  14|          3|    8|         24|
    |grp_sha256_transform_fu_1693_data_57_val  |  14|          3|    8|         24|
    |grp_sha256_transform_fu_1693_data_58_val  |  14|          3|    8|         24|
    |grp_sha256_transform_fu_1693_data_59_val  |  14|          3|    8|         24|
    |grp_sha256_transform_fu_1693_data_60_val  |  14|          3|    8|         24|
    |grp_sha256_transform_fu_1693_data_61_val  |  14|          3|    8|         24|
    |grp_sha256_transform_fu_1693_data_62_val  |  14|          3|    8|         24|
    |grp_sha256_transform_fu_1693_data_63_val  |  14|          3|    8|         24|
    |in_data_0_o                               |  14|          3|    8|         24|
    |in_data_0_o_ap_vld                        |  14|          3|    1|          3|
    |in_data_10_o                              |  20|          4|    8|         32|
    |in_data_10_o_ap_vld                       |  20|          4|    1|          4|
    |in_data_10_o_reg                          |   9|          2|    8|         16|
    |in_data_11_o                              |  20|          4|    8|         32|
    |in_data_11_o_ap_vld                       |  20|          4|    1|          4|
    |in_data_11_o_reg                          |   9|          2|    8|         16|
    |in_data_12_o                              |  20|          4|    8|         32|
    |in_data_12_o_ap_vld                       |  20|          4|    1|          4|
    |in_data_12_o_reg                          |   9|          2|    8|         16|
    |in_data_13_o                              |  20|          4|    8|         32|
    |in_data_13_o_ap_vld                       |  20|          4|    1|          4|
    |in_data_13_o_reg                          |   9|          2|    8|         16|
    |in_data_14_o                              |  20|          4|    8|         32|
    |in_data_14_o_ap_vld                       |  20|          4|    1|          4|
    |in_data_14_o_reg                          |   9|          2|    8|         16|
    |in_data_15_o                              |  20|          4|    8|         32|
    |in_data_15_o_ap_vld                       |  20|          4|    1|          4|
    |in_data_15_o_reg                          |   9|          2|    8|         16|
    |in_data_16_o                              |  20|          4|    8|         32|
    |in_data_16_o_ap_vld                       |  20|          4|    1|          4|
    |in_data_16_o_reg                          |   9|          2|    8|         16|
    |in_data_17_o                              |  20|          4|    8|         32|
    |in_data_17_o_ap_vld                       |  20|          4|    1|          4|
    |in_data_17_o_reg                          |   9|          2|    8|         16|
    |in_data_18_o                              |  20|          4|    8|         32|
    |in_data_18_o_ap_vld                       |  20|          4|    1|          4|
    |in_data_18_o_reg                          |   9|          2|    8|         16|
    |in_data_19_o                              |  20|          4|    8|         32|
    |in_data_19_o_ap_vld                       |  20|          4|    1|          4|
    |in_data_19_o_reg                          |   9|          2|    8|         16|
    |in_data_1_o                               |  20|          4|    8|         32|
    |in_data_1_o_ap_vld                        |  20|          4|    1|          4|
    |in_data_1_o_reg                           |   9|          2|    8|         16|
    |in_data_20_o                              |  20|          4|    8|         32|
    |in_data_20_o_ap_vld                       |  20|          4|    1|          4|
    |in_data_20_o_reg                          |   9|          2|    8|         16|
    |in_data_21_o                              |  20|          4|    8|         32|
    |in_data_21_o_ap_vld                       |  20|          4|    1|          4|
    |in_data_21_o_reg                          |   9|          2|    8|         16|
    |in_data_22_o                              |  20|          4|    8|         32|
    |in_data_22_o_ap_vld                       |  20|          4|    1|          4|
    |in_data_22_o_reg                          |   9|          2|    8|         16|
    |in_data_23_o                              |  20|          4|    8|         32|
    |in_data_23_o_ap_vld                       |  20|          4|    1|          4|
    |in_data_23_o_reg                          |   9|          2|    8|         16|
    |in_data_24_o                              |  20|          4|    8|         32|
    |in_data_24_o_ap_vld                       |  20|          4|    1|          4|
    |in_data_24_o_reg                          |   9|          2|    8|         16|
    |in_data_25_o                              |  20|          4|    8|         32|
    |in_data_25_o_ap_vld                       |  20|          4|    1|          4|
    |in_data_25_o_reg                          |   9|          2|    8|         16|
    |in_data_26_o                              |  20|          4|    8|         32|
    |in_data_26_o_ap_vld                       |  20|          4|    1|          4|
    |in_data_26_o_reg                          |   9|          2|    8|         16|
    |in_data_27_o                              |  20|          4|    8|         32|
    |in_data_27_o_ap_vld                       |  20|          4|    1|          4|
    |in_data_27_o_reg                          |   9|          2|    8|         16|
    |in_data_28_o                              |  20|          4|    8|         32|
    |in_data_28_o_ap_vld                       |  20|          4|    1|          4|
    |in_data_28_o_reg                          |   9|          2|    8|         16|
    |in_data_29_o                              |  20|          4|    8|         32|
    |in_data_29_o_ap_vld                       |  20|          4|    1|          4|
    |in_data_29_o_reg                          |   9|          2|    8|         16|
    |in_data_2_o                               |  20|          4|    8|         32|
    |in_data_2_o_ap_vld                        |  20|          4|    1|          4|
    |in_data_2_o_reg                           |   9|          2|    8|         16|
    |in_data_30_o                              |  20|          4|    8|         32|
    |in_data_30_o_ap_vld                       |  20|          4|    1|          4|
    |in_data_30_o_reg                          |   9|          2|    8|         16|
    |in_data_31_o                              |  20|          4|    8|         32|
    |in_data_31_o_ap_vld                       |  20|          4|    1|          4|
    |in_data_31_o_reg                          |   9|          2|    8|         16|
    |in_data_32_o                              |  20|          4|    8|         32|
    |in_data_32_o_ap_vld                       |  20|          4|    1|          4|
    |in_data_32_o_reg                          |   9|          2|    8|         16|
    |in_data_33_o                              |  20|          4|    8|         32|
    |in_data_33_o_ap_vld                       |  20|          4|    1|          4|
    |in_data_33_o_reg                          |   9|          2|    8|         16|
    |in_data_34_o                              |  20|          4|    8|         32|
    |in_data_34_o_ap_vld                       |  20|          4|    1|          4|
    |in_data_34_o_reg                          |   9|          2|    8|         16|
    |in_data_35_o                              |  20|          4|    8|         32|
    |in_data_35_o_ap_vld                       |  20|          4|    1|          4|
    |in_data_35_o_reg                          |   9|          2|    8|         16|
    |in_data_36_o                              |  20|          4|    8|         32|
    |in_data_36_o_ap_vld                       |  20|          4|    1|          4|
    |in_data_36_o_reg                          |   9|          2|    8|         16|
    |in_data_37_o                              |  20|          4|    8|         32|
    |in_data_37_o_ap_vld                       |  20|          4|    1|          4|
    |in_data_37_o_reg                          |   9|          2|    8|         16|
    |in_data_38_o                              |  20|          4|    8|         32|
    |in_data_38_o_ap_vld                       |  20|          4|    1|          4|
    |in_data_38_o_reg                          |   9|          2|    8|         16|
    |in_data_39_o                              |  20|          4|    8|         32|
    |in_data_39_o_ap_vld                       |  20|          4|    1|          4|
    |in_data_39_o_reg                          |   9|          2|    8|         16|
    |in_data_3_o                               |  20|          4|    8|         32|
    |in_data_3_o_ap_vld                        |  20|          4|    1|          4|
    |in_data_3_o_reg                           |   9|          2|    8|         16|
    |in_data_40_o                              |  20|          4|    8|         32|
    |in_data_40_o_ap_vld                       |  20|          4|    1|          4|
    |in_data_40_o_reg                          |   9|          2|    8|         16|
    |in_data_41_o                              |  20|          4|    8|         32|
    |in_data_41_o_ap_vld                       |  20|          4|    1|          4|
    |in_data_41_o_reg                          |   9|          2|    8|         16|
    |in_data_42_o                              |  20|          4|    8|         32|
    |in_data_42_o_ap_vld                       |  20|          4|    1|          4|
    |in_data_42_o_reg                          |   9|          2|    8|         16|
    |in_data_43_o                              |  20|          4|    8|         32|
    |in_data_43_o_ap_vld                       |  20|          4|    1|          4|
    |in_data_43_o_reg                          |   9|          2|    8|         16|
    |in_data_44_o                              |  20|          4|    8|         32|
    |in_data_44_o_ap_vld                       |  20|          4|    1|          4|
    |in_data_44_o_reg                          |   9|          2|    8|         16|
    |in_data_45_o                              |  20|          4|    8|         32|
    |in_data_45_o_ap_vld                       |  20|          4|    1|          4|
    |in_data_45_o_reg                          |   9|          2|    8|         16|
    |in_data_46_o                              |  20|          4|    8|         32|
    |in_data_46_o_ap_vld                       |  20|          4|    1|          4|
    |in_data_46_o_reg                          |   9|          2|    8|         16|
    |in_data_47_o                              |  20|          4|    8|         32|
    |in_data_47_o_ap_vld                       |  20|          4|    1|          4|
    |in_data_47_o_reg                          |   9|          2|    8|         16|
    |in_data_48_o                              |  20|          4|    8|         32|
    |in_data_48_o_ap_vld                       |  20|          4|    1|          4|
    |in_data_48_o_reg                          |   9|          2|    8|         16|
    |in_data_49_o                              |  20|          4|    8|         32|
    |in_data_49_o_ap_vld                       |  20|          4|    1|          4|
    |in_data_49_o_reg                          |   9|          2|    8|         16|
    |in_data_4_o                               |  20|          4|    8|         32|
    |in_data_4_o_ap_vld                        |  20|          4|    1|          4|
    |in_data_4_o_reg                           |   9|          2|    8|         16|
    |in_data_50_o                              |  20|          4|    8|         32|
    |in_data_50_o_ap_vld                       |  20|          4|    1|          4|
    |in_data_50_o_reg                          |   9|          2|    8|         16|
    |in_data_51_o                              |  20|          4|    8|         32|
    |in_data_51_o_ap_vld                       |  20|          4|    1|          4|
    |in_data_51_o_reg                          |   9|          2|    8|         16|
    |in_data_52_o                              |  20|          4|    8|         32|
    |in_data_52_o_ap_vld                       |  20|          4|    1|          4|
    |in_data_52_o_reg                          |   9|          2|    8|         16|
    |in_data_53_o                              |  20|          4|    8|         32|
    |in_data_53_o_ap_vld                       |  20|          4|    1|          4|
    |in_data_53_o_reg                          |   9|          2|    8|         16|
    |in_data_54_o                              |  20|          4|    8|         32|
    |in_data_54_o_ap_vld                       |  20|          4|    1|          4|
    |in_data_54_o_reg                          |   9|          2|    8|         16|
    |in_data_55_o                              |  20|          4|    8|         32|
    |in_data_55_o_ap_vld                       |  20|          4|    1|          4|
    |in_data_55_o_reg                          |   9|          2|    8|         16|
    |in_data_56_loc_0_reg_1307                 |   9|          2|    8|         16|
    |in_data_57_o                              |  20|          4|    8|         32|
    |in_data_57_o_ap_vld                       |  14|          3|    1|          3|
    |in_data_58_o                              |  20|          4|    8|         32|
    |in_data_58_o_ap_vld                       |  14|          3|    1|          3|
    |in_data_59_o                              |  20|          4|    8|         32|
    |in_data_59_o_ap_vld                       |  14|          3|    1|          3|
    |in_data_5_o                               |  20|          4|    8|         32|
    |in_data_5_o_ap_vld                        |  20|          4|    1|          4|
    |in_data_5_o_reg                           |   9|          2|    8|         16|
    |in_data_60_o                              |  20|          4|    8|         32|
    |in_data_60_o_ap_vld                       |  14|          3|    1|          3|
    |in_data_61_o                              |  20|          4|    8|         32|
    |in_data_61_o_ap_vld                       |  14|          3|    1|          3|
    |in_data_62_o                              |  20|          4|    8|         32|
    |in_data_62_o_ap_vld                       |  14|          3|    1|          3|
    |in_data_63_o                              |  20|          4|    8|         32|
    |in_data_63_o_ap_vld                       |  14|          3|    1|          3|
    |in_data_6_o                               |  20|          4|    8|         32|
    |in_data_6_o_ap_vld                        |  20|          4|    1|          4|
    |in_data_6_o_reg                           |   9|          2|    8|         16|
    |in_data_7_o                               |  20|          4|    8|         32|
    |in_data_7_o_ap_vld                        |  20|          4|    1|          4|
    |in_data_7_o_reg                           |   9|          2|    8|         16|
    |in_data_8_o                               |  20|          4|    8|         32|
    |in_data_8_o_ap_vld                        |  20|          4|    1|          4|
    |in_data_8_o_reg                           |   9|          2|    8|         16|
    |in_data_9_o                               |  20|          4|    8|         32|
    |in_data_9_o_ap_vld                        |  20|          4|    1|          4|
    |in_data_9_o_reg                           |   9|          2|    8|         16|
    |state_address0                            |   9|          2|    3|          6|
    |state_address0_local                      |  26|          5|    3|         15|
    |state_address1                            |   9|          2|    3|          6|
    |state_address1_local                      |  26|          5|    3|         15|
    |state_ce0                                 |   9|          2|    1|          2|
    |state_ce1                                 |   9|          2|    1|          2|
    |state_we0                                 |   9|          2|    1|          2|
    |state_we1                                 |   9|          2|    1|          2|
    +------------------------------------------+----+-----------+-----+-----------+
    |Total                                     |3541|        732| 1352|       3917|
    +------------------------------------------+----+-----------+-----+-----------+

    * Register: 
    +-----------------------------------------------------------------+----+----+-----+-----------+
    |                               Name                              | FF | LUT| Bits| Const Bits|
    +-----------------------------------------------------------------+----+----+-----+-----------+
    |ap_CS_fsm                                                        |  14|   0|   14|          0|
    |ap_return_0_preg                                                 |   8|   0|    8|          0|
    |ap_return_10_preg                                                |   8|   0|    8|          0|
    |ap_return_11_preg                                                |   8|   0|    8|          0|
    |ap_return_12_preg                                                |   8|   0|    8|          0|
    |ap_return_13_preg                                                |   8|   0|    8|          0|
    |ap_return_14_preg                                                |   8|   0|    8|          0|
    |ap_return_15_preg                                                |   8|   0|    8|          0|
    |ap_return_16_preg                                                |   8|   0|    8|          0|
    |ap_return_17_preg                                                |   8|   0|    8|          0|
    |ap_return_18_preg                                                |   8|   0|    8|          0|
    |ap_return_19_preg                                                |   8|   0|    8|          0|
    |ap_return_1_preg                                                 |   8|   0|    8|          0|
    |ap_return_20_preg                                                |   8|   0|    8|          0|
    |ap_return_21_preg                                                |   8|   0|    8|          0|
    |ap_return_22_preg                                                |   8|   0|    8|          0|
    |ap_return_23_preg                                                |   8|   0|    8|          0|
    |ap_return_24_preg                                                |   8|   0|    8|          0|
    |ap_return_25_preg                                                |   8|   0|    8|          0|
    |ap_return_26_preg                                                |   8|   0|    8|          0|
    |ap_return_27_preg                                                |   8|   0|    8|          0|
    |ap_return_28_preg                                                |   8|   0|    8|          0|
    |ap_return_29_preg                                                |   8|   0|    8|          0|
    |ap_return_2_preg                                                 |   8|   0|    8|          0|
    |ap_return_30_preg                                                |   8|   0|    8|          0|
    |ap_return_31_preg                                                |   8|   0|    8|          0|
    |ap_return_3_preg                                                 |   8|   0|    8|          0|
    |ap_return_4_preg                                                 |   8|   0|    8|          0|
    |ap_return_5_preg                                                 |   8|   0|    8|          0|
    |ap_return_6_preg                                                 |   8|   0|    8|          0|
    |ap_return_7_preg                                                 |   8|   0|    8|          0|
    |ap_return_8_preg                                                 |   8|   0|    8|          0|
    |ap_return_9_preg                                                 |   8|   0|    8|          0|
    |grp_sha256_final_Pipeline_VITIS_LOOP_103_1_fu_1443_ap_start_reg  |   1|   0|    1|          0|
    |grp_sha256_final_Pipeline_VITIS_LOOP_106_2_fu_1558_ap_start_reg  |   1|   0|    1|          0|
    |grp_sha256_final_Pipeline_VITIS_LOOP_111_3_fu_1577_ap_start_reg  |   1|   0|    1|          0|
    |grp_sha256_transform_fu_1693_ap_start_reg                        |   1|   0|    1|          0|
    |icmp_ln101_reg_2486                                              |   1|   0|    1|          0|
    |in_data_0_o_reg                                                  |   8|   0|    8|          0|
    |in_data_10_o_reg                                                 |   8|   0|    8|          0|
    |in_data_11_o_reg                                                 |   8|   0|    8|          0|
    |in_data_12_o_reg                                                 |   8|   0|    8|          0|
    |in_data_13_o_reg                                                 |   8|   0|    8|          0|
    |in_data_14_o_reg                                                 |   8|   0|    8|          0|
    |in_data_15_o_reg                                                 |   8|   0|    8|          0|
    |in_data_16_o_reg                                                 |   8|   0|    8|          0|
    |in_data_17_o_reg                                                 |   8|   0|    8|          0|
    |in_data_18_o_reg                                                 |   8|   0|    8|          0|
    |in_data_19_o_reg                                                 |   8|   0|    8|          0|
    |in_data_1_o_reg                                                  |   8|   0|    8|          0|
    |in_data_20_o_reg                                                 |   8|   0|    8|          0|
    |in_data_21_o_reg                                                 |   8|   0|    8|          0|
    |in_data_22_o_reg                                                 |   8|   0|    8|          0|
    |in_data_23_o_reg                                                 |   8|   0|    8|          0|
    |in_data_24_o_reg                                                 |   8|   0|    8|          0|
    |in_data_25_o_reg                                                 |   8|   0|    8|          0|
    |in_data_26_o_reg                                                 |   8|   0|    8|          0|
    |in_data_27_o_reg                                                 |   8|   0|    8|          0|
    |in_data_28_o_reg                                                 |   8|   0|    8|          0|
    |in_data_29_o_reg                                                 |   8|   0|    8|          0|
    |in_data_2_o_reg                                                  |   8|   0|    8|          0|
    |in_data_30_o_reg                                                 |   8|   0|    8|          0|
    |in_data_31_o_reg                                                 |   8|   0|    8|          0|
    |in_data_32_o_reg                                                 |   8|   0|    8|          0|
    |in_data_33_o_reg                                                 |   8|   0|    8|          0|
    |in_data_34_o_reg                                                 |   8|   0|    8|          0|
    |in_data_35_o_reg                                                 |   8|   0|    8|          0|
    |in_data_36_o_reg                                                 |   8|   0|    8|          0|
    |in_data_37_o_reg                                                 |   8|   0|    8|          0|
    |in_data_38_o_reg                                                 |   8|   0|    8|          0|
    |in_data_39_o_reg                                                 |   8|   0|    8|          0|
    |in_data_3_o_reg                                                  |   8|   0|    8|          0|
    |in_data_40_o_reg                                                 |   8|   0|    8|          0|
    |in_data_41_o_reg                                                 |   8|   0|    8|          0|
    |in_data_42_o_reg                                                 |   8|   0|    8|          0|
    |in_data_43_o_reg                                                 |   8|   0|    8|          0|
    |in_data_44_o_reg                                                 |   8|   0|    8|          0|
    |in_data_45_o_reg                                                 |   8|   0|    8|          0|
    |in_data_46_o_reg                                                 |   8|   0|    8|          0|
    |in_data_47_o_reg                                                 |   8|   0|    8|          0|
    |in_data_48_o_reg                                                 |   8|   0|    8|          0|
    |in_data_49_o_reg                                                 |   8|   0|    8|          0|
    |in_data_4_o_reg                                                  |   8|   0|    8|          0|
    |in_data_50_o_reg                                                 |   8|   0|    8|          0|
    |in_data_51_o_reg                                                 |   8|   0|    8|          0|
    |in_data_52_o_reg                                                 |   8|   0|    8|          0|
    |in_data_53_o_reg                                                 |   8|   0|    8|          0|
    |in_data_54_o_reg                                                 |   8|   0|    8|          0|
    |in_data_55_o_reg                                                 |   8|   0|    8|          0|
    |in_data_56_loc_0_reg_1307                                        |   8|   0|    8|          0|
    |in_data_57_o_reg                                                 |   8|   0|    8|          0|
    |in_data_57_read_reg_2557                                         |   8|   0|    8|          0|
    |in_data_58_o_reg                                                 |   8|   0|    8|          0|
    |in_data_58_read_reg_2562                                         |   8|   0|    8|          0|
    |in_data_59_o_reg                                                 |   8|   0|    8|          0|
    |in_data_59_read_reg_2567                                         |   8|   0|    8|          0|
    |in_data_5_o_reg                                                  |   8|   0|    8|          0|
    |in_data_60_o_reg                                                 |   8|   0|    8|          0|
    |in_data_60_read_reg_2572                                         |   8|   0|    8|          0|
    |in_data_61_o_reg                                                 |   8|   0|    8|          0|
    |in_data_61_read_reg_2577                                         |   8|   0|    8|          0|
    |in_data_62_o_reg                                                 |   8|   0|    8|          0|
    |in_data_62_read_reg_2582                                         |   8|   0|    8|          0|
    |in_data_63_o_reg                                                 |   8|   0|    8|          0|
    |in_data_63_read_reg_2587                                         |   8|   0|    8|          0|
    |in_data_6_o_reg                                                  |   8|   0|    8|          0|
    |in_data_7_o_reg                                                  |   8|   0|    8|          0|
    |in_data_8_o_reg                                                  |   8|   0|    8|          0|
    |in_data_9_o_reg                                                  |   8|   0|    8|          0|
    |reg_1889                                                         |   8|   0|    8|          0|
    |reg_1894                                                         |   8|   0|    8|          0|
    |reg_1899                                                         |   8|   0|    8|          0|
    |reg_1904                                                         |   8|   0|    8|          0|
    |reg_1909                                                         |   8|   0|    8|          0|
    |reg_1914                                                         |   8|   0|    8|          0|
    |reg_1919                                                         |   8|   0|    8|          0|
    |reg_1924                                                         |   8|   0|    8|          0|
    |reg_1929                                                         |   8|   0|    8|          0|
    |reg_1934                                                         |   8|   0|    8|          0|
    |reg_1939                                                         |   8|   0|    8|          0|
    |reg_1944                                                         |   8|   0|    8|          0|
    |reg_1949                                                         |   8|   0|    8|          0|
    |reg_1954                                                         |   8|   0|    8|          0|
    |reg_1959                                                         |   8|   0|    8|          0|
    |reg_1964                                                         |   8|   0|    8|          0|
    |reg_1969                                                         |   8|   0|    8|          0|
    |reg_1974                                                         |   8|   0|    8|          0|
    |reg_1979                                                         |   8|   0|    8|          0|
    |reg_1984                                                         |   8|   0|    8|          0|
    |reg_1989                                                         |   8|   0|    8|          0|
    |reg_1994                                                         |   8|   0|    8|          0|
    |reg_1999                                                         |   8|   0|    8|          0|
    |reg_2004                                                         |   8|   0|    8|          0|
    |reg_2009                                                         |   8|   0|    8|          0|
    |reg_2014                                                         |   8|   0|    8|          0|
    |reg_2019                                                         |   8|   0|    8|          0|
    |reg_2024                                                         |   8|   0|    8|          0|
    |reg_2029                                                         |   8|   0|    8|          0|
    |reg_2034                                                         |   8|   0|    8|          0|
    |reg_2039                                                         |   8|   0|    8|          0|
    |reg_2044                                                         |   8|   0|    8|          0|
    |reg_2049                                                         |   8|   0|    8|          0|
    |reg_2054                                                         |   8|   0|    8|          0|
    |reg_2059                                                         |   8|   0|    8|          0|
    |reg_2064                                                         |   8|   0|    8|          0|
    |reg_2069                                                         |   8|   0|    8|          0|
    |reg_2074                                                         |   8|   0|    8|          0|
    |reg_2079                                                         |   8|   0|    8|          0|
    |reg_2084                                                         |   8|   0|    8|          0|
    |reg_2089                                                         |   8|   0|    8|          0|
    |reg_2094                                                         |   8|   0|    8|          0|
    |reg_2099                                                         |   8|   0|    8|          0|
    |reg_2104                                                         |   8|   0|    8|          0|
    |reg_2109                                                         |   8|   0|    8|          0|
    |reg_2114                                                         |   8|   0|    8|          0|
    |reg_2119                                                         |   8|   0|    8|          0|
    |reg_2124                                                         |   8|   0|    8|          0|
    |reg_2129                                                         |   8|   0|    8|          0|
    |reg_2134                                                         |   8|   0|    8|          0|
    |reg_2139                                                         |   8|   0|    8|          0|
    |reg_2144                                                         |   8|   0|    8|          0|
    |reg_2149                                                         |   8|   0|    8|          0|
    |reg_2154                                                         |   8|   0|    8|          0|
    |reg_2159                                                         |   8|   0|    8|          0|
    |reg_2164                                                         |   8|   0|    8|          0|
    |trunc_ln10_reg_2747                                              |   8|   0|    8|          0|
    |trunc_ln114_reg_2592                                             |   8|   0|    8|          0|
    |trunc_ln118_reg_2612                                             |   8|   0|    8|          0|
    |trunc_ln11_reg_2752                                              |   8|   0|    8|          0|
    |trunc_ln129_1_reg_2657                                           |   8|   0|    8|          0|
    |trunc_ln129_2_reg_2667                                           |   8|   0|    8|          0|
    |trunc_ln129_reg_2677                                             |   8|   0|    8|          0|
    |trunc_ln130_1_reg_2662                                           |   8|   0|    8|          0|
    |trunc_ln130_2_reg_2672                                           |   8|   0|    8|          0|
    |trunc_ln130_reg_2682                                             |   8|   0|    8|          0|
    |trunc_ln131_1_reg_2707                                           |   8|   0|    8|          0|
    |trunc_ln131_2_reg_2717                                           |   8|   0|    8|          0|
    |trunc_ln131_reg_2727                                             |   8|   0|    8|          0|
    |trunc_ln132_1_reg_2712                                           |   8|   0|    8|          0|
    |trunc_ln132_2_reg_2722                                           |   8|   0|    8|          0|
    |trunc_ln132_reg_2732                                             |   8|   0|    8|          0|
    |trunc_ln133_1_reg_2757                                           |   8|   0|    8|          0|
    |trunc_ln133_2_reg_2767                                           |   8|   0|    8|          0|
    |trunc_ln133_reg_2777                                             |   8|   0|    8|          0|
    |trunc_ln134_1_reg_2762                                           |   8|   0|    8|          0|
    |trunc_ln134_2_reg_2772                                           |   8|   0|    8|          0|
    |trunc_ln134_reg_2782                                             |   8|   0|    8|          0|
    |trunc_ln1_reg_2622                                               |   8|   0|    8|          0|
    |trunc_ln2_reg_2627                                               |   8|   0|    8|          0|
    |trunc_ln3_reg_2647                                               |   8|   0|    8|          0|
    |trunc_ln4_reg_2652                                               |   8|   0|    8|          0|
    |trunc_ln5_reg_2697                                               |   8|   0|    8|          0|
    |trunc_ln6_reg_2597                                               |   8|   0|    8|          0|
    |trunc_ln7_reg_2602                                               |   8|   0|    8|          0|
    |trunc_ln8_reg_2607                                               |   8|   0|    8|          0|
    |trunc_ln97_reg_2476                                              |   4|   0|    4|          0|
    |trunc_ln9_reg_2702                                               |   8|   0|    8|          0|
    |trunc_ln_reg_2617                                                |   8|   0|    8|          0|
    +-----------------------------------------------------------------+----+----+-----+-----------+
    |Total                                                            |1551|   0| 1551|          0|
    +-----------------------------------------------------------------+----+----+-----+-----------+



================================================================
== Interface
================================================================
* Summary: 
+---------------------+-----+-----+------------+----------------+--------------+
|      RTL Ports      | Dir | Bits|  Protocol  |  Source Object |    C Type    |
+---------------------+-----+-----+------------+----------------+--------------+
|ap_clk               |   in|    1|  ap_ctrl_hs|    sha256_final|  return value|
|ap_rst               |   in|    1|  ap_ctrl_hs|    sha256_final|  return value|
|ap_start             |   in|    1|  ap_ctrl_hs|    sha256_final|  return value|
|ap_done              |  out|    1|  ap_ctrl_hs|    sha256_final|  return value|
|ap_idle              |  out|    1|  ap_ctrl_hs|    sha256_final|  return value|
|ap_ready             |  out|    1|  ap_ctrl_hs|    sha256_final|  return value|
|ap_return_0          |  out|    8|  ap_ctrl_hs|    sha256_final|  return value|
|ap_return_1          |  out|    8|  ap_ctrl_hs|    sha256_final|  return value|
|ap_return_2          |  out|    8|  ap_ctrl_hs|    sha256_final|  return value|
|ap_return_3          |  out|    8|  ap_ctrl_hs|    sha256_final|  return value|
|ap_return_4          |  out|    8|  ap_ctrl_hs|    sha256_final|  return value|
|ap_return_5          |  out|    8|  ap_ctrl_hs|    sha256_final|  return value|
|ap_return_6          |  out|    8|  ap_ctrl_hs|    sha256_final|  return value|
|ap_return_7          |  out|    8|  ap_ctrl_hs|    sha256_final|  return value|
|ap_return_8          |  out|    8|  ap_ctrl_hs|    sha256_final|  return value|
|ap_return_9          |  out|    8|  ap_ctrl_hs|    sha256_final|  return value|
|ap_return_10         |  out|    8|  ap_ctrl_hs|    sha256_final|  return value|
|ap_return_11         |  out|    8|  ap_ctrl_hs|    sha256_final|  return value|
|ap_return_12         |  out|    8|  ap_ctrl_hs|    sha256_final|  return value|
|ap_return_13         |  out|    8|  ap_ctrl_hs|    sha256_final|  return value|
|ap_return_14         |  out|    8|  ap_ctrl_hs|    sha256_final|  return value|
|ap_return_15         |  out|    8|  ap_ctrl_hs|    sha256_final|  return value|
|ap_return_16         |  out|    8|  ap_ctrl_hs|    sha256_final|  return value|
|ap_return_17         |  out|    8|  ap_ctrl_hs|    sha256_final|  return value|
|ap_return_18         |  out|    8|  ap_ctrl_hs|    sha256_final|  return value|
|ap_return_19         |  out|    8|  ap_ctrl_hs|    sha256_final|  return value|
|ap_return_20         |  out|    8|  ap_ctrl_hs|    sha256_final|  return value|
|ap_return_21         |  out|    8|  ap_ctrl_hs|    sha256_final|  return value|
|ap_return_22         |  out|    8|  ap_ctrl_hs|    sha256_final|  return value|
|ap_return_23         |  out|    8|  ap_ctrl_hs|    sha256_final|  return value|
|ap_return_24         |  out|    8|  ap_ctrl_hs|    sha256_final|  return value|
|ap_return_25         |  out|    8|  ap_ctrl_hs|    sha256_final|  return value|
|ap_return_26         |  out|    8|  ap_ctrl_hs|    sha256_final|  return value|
|ap_return_27         |  out|    8|  ap_ctrl_hs|    sha256_final|  return value|
|ap_return_28         |  out|    8|  ap_ctrl_hs|    sha256_final|  return value|
|ap_return_29         |  out|    8|  ap_ctrl_hs|    sha256_final|  return value|
|ap_return_30         |  out|    8|  ap_ctrl_hs|    sha256_final|  return value|
|ap_return_31         |  out|    8|  ap_ctrl_hs|    sha256_final|  return value|
|in_data_0_i          |   in|    8|     ap_ovld|       in_data_0|       pointer|
|in_data_0_o          |  out|    8|     ap_ovld|       in_data_0|       pointer|
|in_data_0_o_ap_vld   |  out|    1|     ap_ovld|       in_data_0|       pointer|
|in_data_1_i          |   in|    8|     ap_ovld|       in_data_1|       pointer|
|in_data_1_o          |  out|    8|     ap_ovld|       in_data_1|       pointer|
|in_data_1_o_ap_vld   |  out|    1|     ap_ovld|       in_data_1|       pointer|
|in_data_2_i          |   in|    8|     ap_ovld|       in_data_2|       pointer|
|in_data_2_o          |  out|    8|     ap_ovld|       in_data_2|       pointer|
|in_data_2_o_ap_vld   |  out|    1|     ap_ovld|       in_data_2|       pointer|
|in_data_3_i          |   in|    8|     ap_ovld|       in_data_3|       pointer|
|in_data_3_o          |  out|    8|     ap_ovld|       in_data_3|       pointer|
|in_data_3_o_ap_vld   |  out|    1|     ap_ovld|       in_data_3|       pointer|
|in_data_4_i          |   in|    8|     ap_ovld|       in_data_4|       pointer|
|in_data_4_o          |  out|    8|     ap_ovld|       in_data_4|       pointer|
|in_data_4_o_ap_vld   |  out|    1|     ap_ovld|       in_data_4|       pointer|
|in_data_5_i          |   in|    8|     ap_ovld|       in_data_5|       pointer|
|in_data_5_o          |  out|    8|     ap_ovld|       in_data_5|       pointer|
|in_data_5_o_ap_vld   |  out|    1|     ap_ovld|       in_data_5|       pointer|
|in_data_6_i          |   in|    8|     ap_ovld|       in_data_6|       pointer|
|in_data_6_o          |  out|    8|     ap_ovld|       in_data_6|       pointer|
|in_data_6_o_ap_vld   |  out|    1|     ap_ovld|       in_data_6|       pointer|
|in_data_7_i          |   in|    8|     ap_ovld|       in_data_7|       pointer|
|in_data_7_o          |  out|    8|     ap_ovld|       in_data_7|       pointer|
|in_data_7_o_ap_vld   |  out|    1|     ap_ovld|       in_data_7|       pointer|
|in_data_8_i          |   in|    8|     ap_ovld|       in_data_8|       pointer|
|in_data_8_o          |  out|    8|     ap_ovld|       in_data_8|       pointer|
|in_data_8_o_ap_vld   |  out|    1|     ap_ovld|       in_data_8|       pointer|
|in_data_9_i          |   in|    8|     ap_ovld|       in_data_9|       pointer|
|in_data_9_o          |  out|    8|     ap_ovld|       in_data_9|       pointer|
|in_data_9_o_ap_vld   |  out|    1|     ap_ovld|       in_data_9|       pointer|
|in_data_10_i         |   in|    8|     ap_ovld|      in_data_10|       pointer|
|in_data_10_o         |  out|    8|     ap_ovld|      in_data_10|       pointer|
|in_data_10_o_ap_vld  |  out|    1|     ap_ovld|      in_data_10|       pointer|
|in_data_11_i         |   in|    8|     ap_ovld|      in_data_11|       pointer|
|in_data_11_o         |  out|    8|     ap_ovld|      in_data_11|       pointer|
|in_data_11_o_ap_vld  |  out|    1|     ap_ovld|      in_data_11|       pointer|
|in_data_12_i         |   in|    8|     ap_ovld|      in_data_12|       pointer|
|in_data_12_o         |  out|    8|     ap_ovld|      in_data_12|       pointer|
|in_data_12_o_ap_vld  |  out|    1|     ap_ovld|      in_data_12|       pointer|
|in_data_13_i         |   in|    8|     ap_ovld|      in_data_13|       pointer|
|in_data_13_o         |  out|    8|     ap_ovld|      in_data_13|       pointer|
|in_data_13_o_ap_vld  |  out|    1|     ap_ovld|      in_data_13|       pointer|
|in_data_14_i         |   in|    8|     ap_ovld|      in_data_14|       pointer|
|in_data_14_o         |  out|    8|     ap_ovld|      in_data_14|       pointer|
|in_data_14_o_ap_vld  |  out|    1|     ap_ovld|      in_data_14|       pointer|
|in_data_15_i         |   in|    8|     ap_ovld|      in_data_15|       pointer|
|in_data_15_o         |  out|    8|     ap_ovld|      in_data_15|       pointer|
|in_data_15_o_ap_vld  |  out|    1|     ap_ovld|      in_data_15|       pointer|
|in_data_16_i         |   in|    8|     ap_ovld|      in_data_16|       pointer|
|in_data_16_o         |  out|    8|     ap_ovld|      in_data_16|       pointer|
|in_data_16_o_ap_vld  |  out|    1|     ap_ovld|      in_data_16|       pointer|
|in_data_17_i         |   in|    8|     ap_ovld|      in_data_17|       pointer|
|in_data_17_o         |  out|    8|     ap_ovld|      in_data_17|       pointer|
|in_data_17_o_ap_vld  |  out|    1|     ap_ovld|      in_data_17|       pointer|
|in_data_18_i         |   in|    8|     ap_ovld|      in_data_18|       pointer|
|in_data_18_o         |  out|    8|     ap_ovld|      in_data_18|       pointer|
|in_data_18_o_ap_vld  |  out|    1|     ap_ovld|      in_data_18|       pointer|
|in_data_19_i         |   in|    8|     ap_ovld|      in_data_19|       pointer|
|in_data_19_o         |  out|    8|     ap_ovld|      in_data_19|       pointer|
|in_data_19_o_ap_vld  |  out|    1|     ap_ovld|      in_data_19|       pointer|
|in_data_20_i         |   in|    8|     ap_ovld|      in_data_20|       pointer|
|in_data_20_o         |  out|    8|     ap_ovld|      in_data_20|       pointer|
|in_data_20_o_ap_vld  |  out|    1|     ap_ovld|      in_data_20|       pointer|
|in_data_21_i         |   in|    8|     ap_ovld|      in_data_21|       pointer|
|in_data_21_o         |  out|    8|     ap_ovld|      in_data_21|       pointer|
|in_data_21_o_ap_vld  |  out|    1|     ap_ovld|      in_data_21|       pointer|
|in_data_22_i         |   in|    8|     ap_ovld|      in_data_22|       pointer|
|in_data_22_o         |  out|    8|     ap_ovld|      in_data_22|       pointer|
|in_data_22_o_ap_vld  |  out|    1|     ap_ovld|      in_data_22|       pointer|
|in_data_23_i         |   in|    8|     ap_ovld|      in_data_23|       pointer|
|in_data_23_o         |  out|    8|     ap_ovld|      in_data_23|       pointer|
|in_data_23_o_ap_vld  |  out|    1|     ap_ovld|      in_data_23|       pointer|
|in_data_24_i         |   in|    8|     ap_ovld|      in_data_24|       pointer|
|in_data_24_o         |  out|    8|     ap_ovld|      in_data_24|       pointer|
|in_data_24_o_ap_vld  |  out|    1|     ap_ovld|      in_data_24|       pointer|
|in_data_25_i         |   in|    8|     ap_ovld|      in_data_25|       pointer|
|in_data_25_o         |  out|    8|     ap_ovld|      in_data_25|       pointer|
|in_data_25_o_ap_vld  |  out|    1|     ap_ovld|      in_data_25|       pointer|
|in_data_26_i         |   in|    8|     ap_ovld|      in_data_26|       pointer|
|in_data_26_o         |  out|    8|     ap_ovld|      in_data_26|       pointer|
|in_data_26_o_ap_vld  |  out|    1|     ap_ovld|      in_data_26|       pointer|
|in_data_27_i         |   in|    8|     ap_ovld|      in_data_27|       pointer|
|in_data_27_o         |  out|    8|     ap_ovld|      in_data_27|       pointer|
|in_data_27_o_ap_vld  |  out|    1|     ap_ovld|      in_data_27|       pointer|
|in_data_28_i         |   in|    8|     ap_ovld|      in_data_28|       pointer|
|in_data_28_o         |  out|    8|     ap_ovld|      in_data_28|       pointer|
|in_data_28_o_ap_vld  |  out|    1|     ap_ovld|      in_data_28|       pointer|
|in_data_29_i         |   in|    8|     ap_ovld|      in_data_29|       pointer|
|in_data_29_o         |  out|    8|     ap_ovld|      in_data_29|       pointer|
|in_data_29_o_ap_vld  |  out|    1|     ap_ovld|      in_data_29|       pointer|
|in_data_30_i         |   in|    8|     ap_ovld|      in_data_30|       pointer|
|in_data_30_o         |  out|    8|     ap_ovld|      in_data_30|       pointer|
|in_data_30_o_ap_vld  |  out|    1|     ap_ovld|      in_data_30|       pointer|
|in_data_31_i         |   in|    8|     ap_ovld|      in_data_31|       pointer|
|in_data_31_o         |  out|    8|     ap_ovld|      in_data_31|       pointer|
|in_data_31_o_ap_vld  |  out|    1|     ap_ovld|      in_data_31|       pointer|
|in_data_32_i         |   in|    8|     ap_ovld|      in_data_32|       pointer|
|in_data_32_o         |  out|    8|     ap_ovld|      in_data_32|       pointer|
|in_data_32_o_ap_vld  |  out|    1|     ap_ovld|      in_data_32|       pointer|
|in_data_33_i         |   in|    8|     ap_ovld|      in_data_33|       pointer|
|in_data_33_o         |  out|    8|     ap_ovld|      in_data_33|       pointer|
|in_data_33_o_ap_vld  |  out|    1|     ap_ovld|      in_data_33|       pointer|
|in_data_34_i         |   in|    8|     ap_ovld|      in_data_34|       pointer|
|in_data_34_o         |  out|    8|     ap_ovld|      in_data_34|       pointer|
|in_data_34_o_ap_vld  |  out|    1|     ap_ovld|      in_data_34|       pointer|
|in_data_35_i         |   in|    8|     ap_ovld|      in_data_35|       pointer|
|in_data_35_o         |  out|    8|     ap_ovld|      in_data_35|       pointer|
|in_data_35_o_ap_vld  |  out|    1|     ap_ovld|      in_data_35|       pointer|
|in_data_36_i         |   in|    8|     ap_ovld|      in_data_36|       pointer|
|in_data_36_o         |  out|    8|     ap_ovld|      in_data_36|       pointer|
|in_data_36_o_ap_vld  |  out|    1|     ap_ovld|      in_data_36|       pointer|
|in_data_37_i         |   in|    8|     ap_ovld|      in_data_37|       pointer|
|in_data_37_o         |  out|    8|     ap_ovld|      in_data_37|       pointer|
|in_data_37_o_ap_vld  |  out|    1|     ap_ovld|      in_data_37|       pointer|
|in_data_38_i         |   in|    8|     ap_ovld|      in_data_38|       pointer|
|in_data_38_o         |  out|    8|     ap_ovld|      in_data_38|       pointer|
|in_data_38_o_ap_vld  |  out|    1|     ap_ovld|      in_data_38|       pointer|
|in_data_39_i         |   in|    8|     ap_ovld|      in_data_39|       pointer|
|in_data_39_o         |  out|    8|     ap_ovld|      in_data_39|       pointer|
|in_data_39_o_ap_vld  |  out|    1|     ap_ovld|      in_data_39|       pointer|
|in_data_40_i         |   in|    8|     ap_ovld|      in_data_40|       pointer|
|in_data_40_o         |  out|    8|     ap_ovld|      in_data_40|       pointer|
|in_data_40_o_ap_vld  |  out|    1|     ap_ovld|      in_data_40|       pointer|
|in_data_41_i         |   in|    8|     ap_ovld|      in_data_41|       pointer|
|in_data_41_o         |  out|    8|     ap_ovld|      in_data_41|       pointer|
|in_data_41_o_ap_vld  |  out|    1|     ap_ovld|      in_data_41|       pointer|
|in_data_42_i         |   in|    8|     ap_ovld|      in_data_42|       pointer|
|in_data_42_o         |  out|    8|     ap_ovld|      in_data_42|       pointer|
|in_data_42_o_ap_vld  |  out|    1|     ap_ovld|      in_data_42|       pointer|
|in_data_43_i         |   in|    8|     ap_ovld|      in_data_43|       pointer|
|in_data_43_o         |  out|    8|     ap_ovld|      in_data_43|       pointer|
|in_data_43_o_ap_vld  |  out|    1|     ap_ovld|      in_data_43|       pointer|
|in_data_44_i         |   in|    8|     ap_ovld|      in_data_44|       pointer|
|in_data_44_o         |  out|    8|     ap_ovld|      in_data_44|       pointer|
|in_data_44_o_ap_vld  |  out|    1|     ap_ovld|      in_data_44|       pointer|
|in_data_45_i         |   in|    8|     ap_ovld|      in_data_45|       pointer|
|in_data_45_o         |  out|    8|     ap_ovld|      in_data_45|       pointer|
|in_data_45_o_ap_vld  |  out|    1|     ap_ovld|      in_data_45|       pointer|
|in_data_46_i         |   in|    8|     ap_ovld|      in_data_46|       pointer|
|in_data_46_o         |  out|    8|     ap_ovld|      in_data_46|       pointer|
|in_data_46_o_ap_vld  |  out|    1|     ap_ovld|      in_data_46|       pointer|
|in_data_47_i         |   in|    8|     ap_ovld|      in_data_47|       pointer|
|in_data_47_o         |  out|    8|     ap_ovld|      in_data_47|       pointer|
|in_data_47_o_ap_vld  |  out|    1|     ap_ovld|      in_data_47|       pointer|
|in_data_48_i         |   in|    8|     ap_ovld|      in_data_48|       pointer|
|in_data_48_o         |  out|    8|     ap_ovld|      in_data_48|       pointer|
|in_data_48_o_ap_vld  |  out|    1|     ap_ovld|      in_data_48|       pointer|
|in_data_49_i         |   in|    8|     ap_ovld|      in_data_49|       pointer|
|in_data_49_o         |  out|    8|     ap_ovld|      in_data_49|       pointer|
|in_data_49_o_ap_vld  |  out|    1|     ap_ovld|      in_data_49|       pointer|
|in_data_50_i         |   in|    8|     ap_ovld|      in_data_50|       pointer|
|in_data_50_o         |  out|    8|     ap_ovld|      in_data_50|       pointer|
|in_data_50_o_ap_vld  |  out|    1|     ap_ovld|      in_data_50|       pointer|
|in_data_51_i         |   in|    8|     ap_ovld|      in_data_51|       pointer|
|in_data_51_o         |  out|    8|     ap_ovld|      in_data_51|       pointer|
|in_data_51_o_ap_vld  |  out|    1|     ap_ovld|      in_data_51|       pointer|
|in_data_52_i         |   in|    8|     ap_ovld|      in_data_52|       pointer|
|in_data_52_o         |  out|    8|     ap_ovld|      in_data_52|       pointer|
|in_data_52_o_ap_vld  |  out|    1|     ap_ovld|      in_data_52|       pointer|
|in_data_53_i         |   in|    8|     ap_ovld|      in_data_53|       pointer|
|in_data_53_o         |  out|    8|     ap_ovld|      in_data_53|       pointer|
|in_data_53_o_ap_vld  |  out|    1|     ap_ovld|      in_data_53|       pointer|
|in_data_54_i         |   in|    8|     ap_ovld|      in_data_54|       pointer|
|in_data_54_o         |  out|    8|     ap_ovld|      in_data_54|       pointer|
|in_data_54_o_ap_vld  |  out|    1|     ap_ovld|      in_data_54|       pointer|
|in_data_55_i         |   in|    8|     ap_ovld|      in_data_55|       pointer|
|in_data_55_o         |  out|    8|     ap_ovld|      in_data_55|       pointer|
|in_data_55_o_ap_vld  |  out|    1|     ap_ovld|      in_data_55|       pointer|
|in_data_56_i         |   in|    8|     ap_ovld|      in_data_56|       pointer|
|in_data_56_o         |  out|    8|     ap_ovld|      in_data_56|       pointer|
|in_data_56_o_ap_vld  |  out|    1|     ap_ovld|      in_data_56|       pointer|
|in_data_57_i         |   in|    8|     ap_ovld|      in_data_57|       pointer|
|in_data_57_o         |  out|    8|     ap_ovld|      in_data_57|       pointer|
|in_data_57_o_ap_vld  |  out|    1|     ap_ovld|      in_data_57|       pointer|
|in_data_58_i         |   in|    8|     ap_ovld|      in_data_58|       pointer|
|in_data_58_o         |  out|    8|     ap_ovld|      in_data_58|       pointer|
|in_data_58_o_ap_vld  |  out|    1|     ap_ovld|      in_data_58|       pointer|
|in_data_59_i         |   in|    8|     ap_ovld|      in_data_59|       pointer|
|in_data_59_o         |  out|    8|     ap_ovld|      in_data_59|       pointer|
|in_data_59_o_ap_vld  |  out|    1|     ap_ovld|      in_data_59|       pointer|
|in_data_60_i         |   in|    8|     ap_ovld|      in_data_60|       pointer|
|in_data_60_o         |  out|    8|     ap_ovld|      in_data_60|       pointer|
|in_data_60_o_ap_vld  |  out|    1|     ap_ovld|      in_data_60|       pointer|
|in_data_61_i         |   in|    8|     ap_ovld|      in_data_61|       pointer|
|in_data_61_o         |  out|    8|     ap_ovld|      in_data_61|       pointer|
|in_data_61_o_ap_vld  |  out|    1|     ap_ovld|      in_data_61|       pointer|
|in_data_62_i         |   in|    8|     ap_ovld|      in_data_62|       pointer|
|in_data_62_o         |  out|    8|     ap_ovld|      in_data_62|       pointer|
|in_data_62_o_ap_vld  |  out|    1|     ap_ovld|      in_data_62|       pointer|
|in_data_63_i         |   in|    8|     ap_ovld|      in_data_63|       pointer|
|in_data_63_o         |  out|    8|     ap_ovld|      in_data_63|       pointer|
|in_data_63_o_ap_vld  |  out|    1|     ap_ovld|      in_data_63|       pointer|
|datalen_val          |   in|    6|     ap_none|     datalen_val|        scalar|
|bitlen_0_0_val       |   in|   32|     ap_none|  bitlen_0_0_val|        scalar|
|bitlen_0_1_val       |   in|   32|     ap_none|  bitlen_0_1_val|        scalar|
|state_address0       |  out|    3|   ap_memory|           state|         array|
|state_ce0            |  out|    1|   ap_memory|           state|         array|
|state_we0            |  out|    1|   ap_memory|           state|         array|
|state_d0             |  out|   32|   ap_memory|           state|         array|
|state_q0             |   in|   32|   ap_memory|           state|         array|
|state_address1       |  out|    3|   ap_memory|           state|         array|
|state_ce1            |  out|    1|   ap_memory|           state|         array|
|state_we1            |  out|    1|   ap_memory|           state|         array|
|state_d1             |  out|   32|   ap_memory|           state|         array|
|state_q1             |   in|   32|   ap_memory|           state|         array|
+---------------------+-----+-----+------------+----------------+--------------+

