06/09/25 15:03:19: Running xcd server. This server was built by gradle.
06/09/25 15:03:19: Server was asked to start on port: '52770'
06/09/25 15:03:19: Server is using token UUID: 'a13328a1-28ca-4361-bec9-22ef8a4039d6'
06/09/25 15:03:19: SESSION_MGR: creating session with session uuid: '6d04a3e9-ade5-4ab9-8d63-1f78fcd2ec76' and name 'default'
06/09/25 15:03:19: Attempting to start server on port '52770'
06/09/25 15:03:19: Running Dispatch Server
06/09/25 15:03:19: Version 2.2.0
06/09/25 15:03:21: Dispatch Server: Accepted socket connection from client
06/09/25 15:03:21: Starting Socket connection
06/09/25 15:03:21: EXCHANGE_TOKEN received, server token: a13328a1-28ca-4361-bec9-22ef8a4039d6, passed token: a13328a1-28ca-4361-bec9-22ef8a4039d6
06/09/25 15:03:21: DISPATCH_HANDLER: Adding handler from function makeHandler in library xv_system_diagram
06/09/25 15:03:21: SESSION_MGR: creating session with session uuid: 'bf99e6d3-39db-4326-90aa-f4fdc92482de' and name 'vitis-run_compile_sha256_top'
06/09/25 15:03:21: KERNEL_SVC: creating session with uuid: 'bf99e6d3-39db-4326-90aa-f4fdc92482de' and name 'vitis-run_compile_sha256_top'
06/09/25 15:03:21: GUIDANCE_SMGR: creating guidance session with uuid: 'bf99e6d3-39db-4326-90aa-f4fdc92482de' and name 'vitis-run_compile_sha256_top'
06/09/25 15:03:21: SYSTEM_DIAGRAM: creating session with uuid: 'bf99e6d3-39db-4326-90aa-f4fdc92482de' and name 'vitis-run_compile_sha256_top'
06/09/25 15:03:26: Dispatch Server: Accepted socket connection from client
06/09/25 15:03:26: Starting Socket connection
06/09/25 15:03:31: SESSION_MGR: closing session for UUID 'bf99e6d3-39db-4326-90aa-f4fdc92482de' with name 'vitis-run_compile_sha256_top'
06/09/25 15:03:31: KERNEL_SVC: closing session for UUID 'bf99e6d3-39db-4326-90aa-f4fdc92482de' with name 'vitis-run_compile_sha256_top'
06/09/25 15:03:31: GUIDANCE_SMGR: closing session for UUID 'bf99e6d3-39db-4326-90aa-f4fdc92482de' with name 'vitis-run_compile_sha256_top'
06/09/25 15:03:31: SYSTEM_DIAGRAM: closing session for UUID 'bf99e6d3-39db-4326-90aa-f4fdc92482de' with name 'vitis-run_compile_sha256_top'
06/09/25 15:03:31: STOP_SERVER received, server token: a13328a1-28ca-4361-bec9-22ef8a4039d6, passed token: a13328a1-28ca-4361-bec9-22ef8a4039d6
06/09/25 15:03:31: Socket received request to stop server.
06/09/25 15:03:31: Dispatch Server: do_await_stop
06/09/25 15:03:31: SERVER: destructor for server bound to port 52770
06/09/25 15:03:37: Running xcd server. This server was built by gradle.
06/09/25 15:03:37: Server was asked to start on port: '52821'
06/09/25 15:03:37: Server is using token UUID: '1e349261-746b-4166-87ac-7327c80cee17'
06/09/25 15:03:37: SESSION_MGR: creating session with session uuid: '6d04a3e9-ade5-4ab9-8d63-1f78fcd2ec76' and name 'default'
06/09/25 15:03:37: Attempting to start server on port '52821'
06/09/25 15:03:37: Running Dispatch Server
06/09/25 15:03:37: Version 2.2.0
06/09/25 15:03:39: Dispatch Server: Accepted socket connection from client
06/09/25 15:03:39: Starting Socket connection
06/09/25 15:03:39: EXCHANGE_TOKEN received, server token: 1e349261-746b-4166-87ac-7327c80cee17, passed token: 1e349261-746b-4166-87ac-7327c80cee17
06/09/25 15:03:39: DISPATCH_HANDLER: Adding handler from function makeHandler in library xv_system_diagram
06/09/25 15:03:39: SESSION_MGR: creating session with session uuid: '10c7f10e-8e93-45b1-90a1-304dcce4b4a4' and name 'v++_compile_sha256_top'
06/09/25 15:03:39: KERNEL_SVC: creating session with uuid: '10c7f10e-8e93-45b1-90a1-304dcce4b4a4' and name 'v++_compile_sha256_top'
06/09/25 15:03:39: GUIDANCE_SMGR: creating guidance session with uuid: '10c7f10e-8e93-45b1-90a1-304dcce4b4a4' and name 'v++_compile_sha256_top'
06/09/25 15:03:39: SYSTEM_DIAGRAM: creating session with uuid: '10c7f10e-8e93-45b1-90a1-304dcce4b4a4' and name 'v++_compile_sha256_top'
06/09/25 15:03:44: Dispatch Server: Accepted socket connection from client
06/09/25 15:03:44: Starting Socket connection
06/09/25 15:04:12: SESSION_MGR: closing session for UUID '10c7f10e-8e93-45b1-90a1-304dcce4b4a4' with name 'v++_compile_sha256_top'
06/09/25 15:04:12: KERNEL_SVC: closing session for UUID '10c7f10e-8e93-45b1-90a1-304dcce4b4a4' with name 'v++_compile_sha256_top'
06/09/25 15:04:12: GUIDANCE_SMGR: closing session for UUID '10c7f10e-8e93-45b1-90a1-304dcce4b4a4' with name 'v++_compile_sha256_top'
06/09/25 15:04:12: SYSTEM_DIAGRAM: closing session for UUID '10c7f10e-8e93-45b1-90a1-304dcce4b4a4' with name 'v++_compile_sha256_top'
06/09/25 15:04:12: STOP_SERVER received, server token: 1e349261-746b-4166-87ac-7327c80cee17, passed token: 1e349261-746b-4166-87ac-7327c80cee17
06/09/25 15:04:12: Socket received request to stop server.
06/09/25 15:04:12: Dispatch Server: do_await_stop
06/09/25 15:04:12: SERVER: destructor for server bound to port 52821
06/09/25 15:04:56: Running xcd server. This server was built by gradle.
06/09/25 15:04:56: Server was asked to start on port: '52869'
06/09/25 15:04:56: Server is using token UUID: '8b5cb495-2e8b-4efe-bc4d-9526741ede80'
06/09/25 15:04:56: SESSION_MGR: creating session with session uuid: '6d04a3e9-ade5-4ab9-8d63-1f78fcd2ec76' and name 'default'
06/09/25 15:04:56: Attempting to start server on port '52869'
06/09/25 15:04:56: Running Dispatch Server
06/09/25 15:04:56: Version 2.2.0
06/09/25 15:04:58: Dispatch Server: Accepted socket connection from client
06/09/25 15:04:58: Starting Socket connection
06/09/25 15:04:58: EXCHANGE_TOKEN received, server token: 8b5cb495-2e8b-4efe-bc4d-9526741ede80, passed token: 8b5cb495-2e8b-4efe-bc4d-9526741ede80
06/09/25 15:04:58: DISPATCH_HANDLER: Adding handler from function makeHandler in library xv_system_diagram
06/09/25 15:04:58: SESSION_MGR: creating session with session uuid: 'a980a456-cea4-4fbb-bca3-9aceb4fe3e79' and name 'vitis-run_compile_sha256_top'
06/09/25 15:04:58: KERNEL_SVC: creating session with uuid: 'a980a456-cea4-4fbb-bca3-9aceb4fe3e79' and name 'vitis-run_compile_sha256_top'
06/09/25 15:04:58: GUIDANCE_SMGR: creating guidance session with uuid: 'a980a456-cea4-4fbb-bca3-9aceb4fe3e79' and name 'vitis-run_compile_sha256_top'
06/09/25 15:04:58: SYSTEM_DIAGRAM: creating session with uuid: 'a980a456-cea4-4fbb-bca3-9aceb4fe3e79' and name 'vitis-run_compile_sha256_top'
06/09/25 15:05:03: Dispatch Server: Accepted socket connection from client
06/09/25 15:05:03: Starting Socket connection
06/09/25 15:05:37: SESSION_MGR: closing session for UUID 'a980a456-cea4-4fbb-bca3-9aceb4fe3e79' with name 'vitis-run_compile_sha256_top'
06/09/25 15:05:37: KERNEL_SVC: closing session for UUID 'a980a456-cea4-4fbb-bca3-9aceb4fe3e79' with name 'vitis-run_compile_sha256_top'
06/09/25 15:05:37: GUIDANCE_SMGR: closing session for UUID 'a980a456-cea4-4fbb-bca3-9aceb4fe3e79' with name 'vitis-run_compile_sha256_top'
06/09/25 15:05:37: SYSTEM_DIAGRAM: closing session for UUID 'a980a456-cea4-4fbb-bca3-9aceb4fe3e79' with name 'vitis-run_compile_sha256_top'
06/09/25 15:05:37: STOP_SERVER received, server token: 8b5cb495-2e8b-4efe-bc4d-9526741ede80, passed token: 8b5cb495-2e8b-4efe-bc4d-9526741ede80
06/09/25 15:05:37: Socket received request to stop server.
06/09/25 15:05:37: Dispatch Server: do_await_stop
06/09/25 15:05:37: SERVER: destructor for server bound to port 52869
06/09/25 15:05:43: Running xcd server. This server was built by gradle.
06/09/25 15:05:43: Server was asked to start on port: '52907'
06/09/25 15:05:43: Server is using token UUID: '4619eed2-3fd1-4f70-935c-395b5962ce6d'
06/09/25 15:05:43: SESSION_MGR: creating session with session uuid: '6d04a3e9-ade5-4ab9-8d63-1f78fcd2ec76' and name 'default'
06/09/25 15:05:43: Attempting to start server on port '52907'
06/09/25 15:05:43: Running Dispatch Server
06/09/25 15:05:43: Version 2.2.0
06/09/25 15:05:45: Dispatch Server: Accepted socket connection from client
06/09/25 15:05:45: Starting Socket connection
06/09/25 15:05:45: EXCHANGE_TOKEN received, server token: 4619eed2-3fd1-4f70-935c-395b5962ce6d, passed token: 4619eed2-3fd1-4f70-935c-395b5962ce6d
06/09/25 15:05:45: DISPATCH_HANDLER: Adding handler from function makeHandler in library xv_system_diagram
06/09/25 15:05:45: SESSION_MGR: creating session with session uuid: 'f9e85454-f1a3-4483-8ab6-f31fdedaac4c' and name 'vitis-run_compile_sha256_top'
06/09/25 15:05:45: KERNEL_SVC: creating session with uuid: 'f9e85454-f1a3-4483-8ab6-f31fdedaac4c' and name 'vitis-run_compile_sha256_top'
06/09/25 15:05:45: GUIDANCE_SMGR: creating guidance session with uuid: 'f9e85454-f1a3-4483-8ab6-f31fdedaac4c' and name 'vitis-run_compile_sha256_top'
06/09/25 15:05:45: SYSTEM_DIAGRAM: creating session with uuid: 'f9e85454-f1a3-4483-8ab6-f31fdedaac4c' and name 'vitis-run_compile_sha256_top'
06/09/25 15:05:50: Dispatch Server: Accepted socket connection from client
06/09/25 15:05:50: Starting Socket connection
06/09/25 15:06:00: SESSION_MGR: closing session for UUID 'f9e85454-f1a3-4483-8ab6-f31fdedaac4c' with name 'vitis-run_compile_sha256_top'
06/09/25 15:06:00: KERNEL_SVC: closing session for UUID 'f9e85454-f1a3-4483-8ab6-f31fdedaac4c' with name 'vitis-run_compile_sha256_top'
06/09/25 15:06:00: GUIDANCE_SMGR: closing session for UUID 'f9e85454-f1a3-4483-8ab6-f31fdedaac4c' with name 'vitis-run_compile_sha256_top'
06/09/25 15:06:00: SYSTEM_DIAGRAM: closing session for UUID 'f9e85454-f1a3-4483-8ab6-f31fdedaac4c' with name 'vitis-run_compile_sha256_top'
06/09/25 15:06:00: STOP_SERVER received, server token: 4619eed2-3fd1-4f70-935c-395b5962ce6d, passed token: 4619eed2-3fd1-4f70-935c-395b5962ce6d
06/09/25 15:06:00: Socket received request to stop server.
06/09/25 15:06:00: Dispatch Server: do_await_stop
06/09/25 15:06:00: SERVER: destructor for server bound to port 52907
06/09/25 16:12:29: Running xcd server. This server was built by gradle.
06/09/25 16:12:29: Server was asked to start on port: '53274'
06/09/25 16:12:29: Server is using token UUID: '50df98fb-b200-447f-9615-79437e52a81a'
06/09/25 16:12:29: SESSION_MGR: creating session with session uuid: '6d04a3e9-ade5-4ab9-8d63-1f78fcd2ec76' and name 'default'
06/09/25 16:12:29: Attempting to start server on port '53274'
06/09/25 16:12:29: Running Dispatch Server
06/09/25 16:12:29: Version 2.2.0
06/09/25 16:12:30: Dispatch Server: Accepted socket connection from client
06/09/25 16:12:30: Starting Socket connection
06/09/25 16:12:30: EXCHANGE_TOKEN received, server token: 50df98fb-b200-447f-9615-79437e52a81a, passed token: 50df98fb-b200-447f-9615-79437e52a81a
06/09/25 16:12:31: DISPATCH_HANDLER: Adding handler from function makeHandler in library xv_system_diagram
06/09/25 16:12:31: SESSION_MGR: creating session with session uuid: 'bd693e62-d827-4f84-b8a7-ba5580fb7502' and name 'v++_compile_sha256_top'
06/09/25 16:12:31: KERNEL_SVC: creating session with uuid: 'bd693e62-d827-4f84-b8a7-ba5580fb7502' and name 'v++_compile_sha256_top'
06/09/25 16:12:31: GUIDANCE_SMGR: creating guidance session with uuid: 'bd693e62-d827-4f84-b8a7-ba5580fb7502' and name 'v++_compile_sha256_top'
06/09/25 16:12:31: SYSTEM_DIAGRAM: creating session with uuid: 'bd693e62-d827-4f84-b8a7-ba5580fb7502' and name 'v++_compile_sha256_top'
06/09/25 16:12:37: Dispatch Server: Accepted socket connection from client
06/09/25 16:12:37: Starting Socket connection
06/09/25 16:13:04: SESSION_MGR: closing session for UUID 'bd693e62-d827-4f84-b8a7-ba5580fb7502' with name 'v++_compile_sha256_top'
06/09/25 16:13:04: KERNEL_SVC: closing session for UUID 'bd693e62-d827-4f84-b8a7-ba5580fb7502' with name 'v++_compile_sha256_top'
06/09/25 16:13:04: GUIDANCE_SMGR: closing session for UUID 'bd693e62-d827-4f84-b8a7-ba5580fb7502' with name 'v++_compile_sha256_top'
06/09/25 16:13:04: SYSTEM_DIAGRAM: closing session for UUID 'bd693e62-d827-4f84-b8a7-ba5580fb7502' with name 'v++_compile_sha256_top'
06/09/25 16:13:04: STOP_SERVER received, server token: 50df98fb-b200-447f-9615-79437e52a81a, passed token: 50df98fb-b200-447f-9615-79437e52a81a
06/09/25 16:13:04: Socket received request to stop server.
06/09/25 16:13:04: Dispatch Server: do_await_stop
06/09/25 16:13:04: SERVER: destructor for server bound to port 53274
