# 
# Steps log generated by v++
# This log file contains a collection of steps that describe the kernel compilation flow
# Note: Some steps are tagged as internal, these steps are for debugging purposes and 
#       are not expected to be able to run independently.
# 

# The following environment variables are set when running vitis-run
Environment variables :
------------------------------------------
ALLUSERSPROFILE=C:\ProgramData
AMDRMPATH=C:\Program Files\AMD\RyzenMaster\
APPDATA=C:\Users\berna\AppData\Roaming
arr.length=0
arr.Ubound=-1
asl.log=Destination=file
CHARPOP=1
CMAKE_OBJECT_PATH_MAX=4096
CommonProgramFiles=C:\Program Files\Common Files
CommonProgramFiles(x86)=C:\Program Files (x86)\Common Files
CommonProgramW6432=C:\Program Files\Common Files
COMPUTERNAME=BERNA-R7X3D
ComSpec=C:\windows\system32\cmd.exe
DriverData=C:\Windows\System32\Drivers\DriverData
FPS_BROWSER_APP_PROFILE_STRING=Internet Explorer
FPS_BROWSER_USER_PROFILE_STRING=Default
GOPATH=C:\Users\berna\go
HDI_APPROOT=B:/Xilinx/Vitis/2024.2
HDI_PROCESSOR=i686
HOMEDRIVE=C:
HOMEPATH=\Users\berna
HW_SERVER_DJTG_DISABLE=1
HW_SERVER_FTDIMGR_DISABLE=1
IDE_SKIP_SERVER_LICENSE=1
INT_VARIABLE_NAME=XILINX_PATH
ISL_IOSTREAMS_RSA=B:/Xilinx/Vitis/2024.2/tps/isl
JAVA_EXE=B:/Xilinx\Vitis\2024.2\tps\win64\jre11.0.16_1\bin\java.exe
JAVA_HOME=B:/Xilinx\Vitis\2024.2\tps\win64\jre11.0.16_1
KMP_DUPLICATE_LIB_OK=TRUE
LC_NUMERIC=C
LOCALAPPDATA=C:\Users\berna\AppData\Local
LOGONSERVER=\\BERNA-R7X3D
LOPPER_DTC_FLAGS=-b 0 -@
MKL_SERIAL=YES
NIEXTCCOMPILERSUPP=C:\Program Files (x86)\National Instruments\Shared\ExternalCompilerSupport\C\
NOSPLASH=false
NUMBER_OF_PROCESSORS=16
OneDrive=D:\Clouds\OneDrive - UNIVALI
OneDriveCommercial=D:\Clouds\OneDrive - UNIVALI
OneDriveConsumer=D:\Clouds\OneDrive
ORIGINAL_XDG_CURRENT_DESKTOP=undefined
OS=Windows_NT
PATH=B:/Xilinx/Vivado/2024.2/tps/win64/binutils-2.26/bin;B:/Xilinx/Vitis/2024.2/bin/../gnu/aarch64/nt/aarch64-linux/bin;B:/Xilinx/Vitis/2024.2/bin/../gnu/ppc64le/4.9.3/win64/bin;B:/Xilinx/Vitis/2024.2/bin/../gnu/aarch32/nt/gcc-arm-linux-gnueabi/bin;B:/Xilinx/Vitis/2024.2/tps/mingw/6.2.0/win64.o/nt/bin;B:/Xilinx/Vivado/2024.2\gnuwin\bin;B:/Xilinx/Vivado/2024.2\gnu\microblaze\nt\bin;B:/Xilinx/Vitis/2024.2/bin;B:/Xilinx/Vitis/2024.2/tps/win64/javafx-sdk-11.0.2/lib;B:/Xilinx/Vitis/2024.2/tps/win64/javafx-sdk-11.0.2/bin;B:/Xilinx/Vitis/2024.2/lib/win64.o;B:/Xilinx/Vitis/2024.2/tps/win64/jre11.0.16_1/bin/server;B:/Xilinx/Vitis/2024.2/tps/win64/jre11.0.16_1/bin;B:\Xilinx\Vitis\2024.2\tps\win64\lopper-1.1.0-packages\min_sdk\\usr\bin;B:/Xilinx\Vitis\2024.2\tps\win64\cmake-3.24.2\bin;B:/Xilinx\Vitis\2024.2\gnu\microblaze\nt\bin;B:/Xilinx\Vitis\2024.2\gnu\microblaze\linux_toolchain\nt64_le\bin;B:/Xilinx\Vitis\2024.2\gnu\aarch32\nt\gcc-arm-linux-gnueabi\bin;B:/Xilinx\Vitis\2024.2\gnu\aarch32\nt\gcc-arm-none-eabi\bin;B:/Xilinx\Vitis\2024.2\gnu\aarch64\nt\aarch64-linux\bin;B:/Xilinx\Vitis\2024.2\gnu\aarch64\nt\aarch64-none\bin;B:/Xilinx\Vitis\2024.2\gnu\armr5\nt\gcc-arm-none-eabi\bin;B:/Xilinx\Vitis\2024.2\gnuwin\bin;B:/Xilinx\Vitis\2024.2\tps\win64\python-3.8.3;B:/Xilinx\Vitis\2024.2\tps\win64\libxslt\bin;B:/Xilinx/Vivado/2024.2\bin;B:/Xilinx/Vitis/2024.2\gnu\arm\nt\bin;B:/Xilinx/Vitis/2024.2\gnu\microblaze\linux_toolchain\nt64_be\bin;B:/Xilinx/Vitis/2024.2\gnu\riscv\nt\riscv64-unknown-elf\bin;B:/Xilinx/Vivado/2024.2\tps\win64\python-3.8.3;B:/Xilinx/Vivado/2024.2\tps\win64\git-2.45.0\bin;B:/Xilinx/Vivado/2024.2\tps\win64\cmake-3.24.2\bin;B:/Xilinx/Vitis/2024.2\win64\tools\clang\bin;c:\program files (x86)\common files\oracle\java\java8path;c:\program files (x86)\common files\oracle\java\javapath;c:\windows\system32;c:\windows;c:\windows\system32\wbem;c:\windows\system32\windowspowershell\v1.0\;c:\windows\system32\openssh\;c:\program files\dotnet\;c:\users\berna\appdata\local\programs\python\python311\;c:\program files (x86)\csgo demos manager;c:\program files\git\cmd;c:\program files\nvidia corporation\nvidia app\nvdlisr;c:\program files\putty\;c:\program files\go\bin;c:\program files\cmake\bin;C:\Program Files (x86)\NVIDIA Corporation\PhysX\Common;C:\TDM-GCC-64\bin;C:\Users\berna\AppData\Local\Programs\Python\Python312\Scripts\;C:\Users\berna\AppData\Local\Programs\Python\Python312\;C:\Users\berna\AppData\Local\Microsoft\WindowsApps;C:\Users\berna\AppData\Local\GitHubDesktop\bin;C:\Users\berna\.dotnet\tools;C:\Program Files\JetBrains\PyCharm Community Edition 2023.2.5\bin;;C:\Users\berna\AppData\Local\Programs\Microsoft VS Code\bin;C:\Users\berna\go\bin;B:/Xilinx/Vitis/2024.2\tps\mingw\6.2.0\win64.o\nt\bin;B:/Xilinx/Vitis/2024.2\tps\mingw\6.2.0\win64.o\nt\libexec\gcc\x86_64-w64-mingw32\6.2.0
PATHEXT=.COM;.EXE;.BAT;.CMD;.VBS;.VBE;.JS;.JSE;.WSF;.WSH;.MSC
PROCESSOR_ARCHITECTURE=AMD64
PROCESSOR_IDENTIFIER=AMD64 Family 25 Model 33 Stepping 2, AuthenticAMD
PROCESSOR_LEVEL=25
PROCESSOR_REVISION=2102
PRODVERSION_EXE=B:/Xilinx/Vitis/2024.2/bin/unwrapped/win64.o/prodversion.exe
ProgramData=C:\ProgramData
ProgramFiles=C:\Program Files
ProgramFiles(x86)=C:\Program Files (x86)
ProgramW6432=C:\Program Files
PROMPT=$P$G
PSModulePath=C:\Program Files\WindowsPowerShell\Modules;C:\windows\system32\WindowsPowerShell\v1.0\Modules;C:\Program Files\Intel\Wired Networking\
PUBLIC=C:\Users\Public
PyCharm Community Edition=C:\Program Files\JetBrains\PyCharm Community Edition 2023.2.5\bin;
PYTHONPATH=;B:/Xilinx/Vitis/2024.2\cli;B:/Xilinx/Vitis/2024.2\cli\python-packages\win64;B:/Xilinx/Vitis/2024.2\cli\python-packages\site-packages;B:/Xilinx/Vitis/2024.2\cli\proto;B:/Xilinx/Vitis/2024.2\scripts\python_pkg;
python_path=;B:/Xilinx/Vitis/2024.2\cli;B:/Xilinx/Vitis/2024.2\cli\python-packages\win64;B:/Xilinx/Vitis/2024.2\cli\python-packages\site-packages;B:/Xilinx/Vitis/2024.2\cli\proto;B:/Xilinx/Vitis/2024.2\scripts\python_pkg;
RDI_APPROOT=B:/Xilinx/Vitis/2024.2
RDI_ARGS= --mode hls --csim --config D:\Clouds\Dropbox\Vivado_Project\Final\ZCU104\Vitis_HLS\hls_component\hls_config.cfg --work_dir sha256_top
RDI_ARGS_FUNCTION=RDI_EXEC_DEFAULT
RDI_BASEROOT=B:/Xilinx/Vitis
RDI_BINDIR=B:/Xilinx/Vitis/2024.2/bin
RDI_BINROOT=B:/Xilinx/Vitis/2024.2/bin
RDI_BUILD=yes
RDI_CHECK_PROG=True
RDI_DATADIR=B:/Xilinx/Vitis/2024.2/data
RDI_INSTALLROOT=B:/Xilinx
RDI_INSTALLVER=2024.2
RDI_INSTALLVERSION=2024.2
RDI_JAVACEFROOT=B:/Xilinx/Vitis/2024.2/tps/win64/java-cef-95.0.4638.69
RDI_JAVAFXROOT=B:/Xilinx/Vitis/2024.2/tps/win64/javafx-sdk-11.0.2
RDI_JAVAROOT=B:/Xilinx/Vitis/2024.2/tps/win64/jre11.0.16_1
RDI_JAVA_VERSION=11.0.16_1
RDI_LIBDIR=B:/Xilinx/Vitis/2024.2/lib/win64.o
RDI_MINGW_LIB=B:/Xilinx/Vitis/2024.2\tps\mingw\6.2.0\win64.o\nt\bin;B:/Xilinx/Vitis/2024.2\tps\mingw\6.2.0\win64.o\nt\libexec\gcc\x86_64-w64-mingw32\6.2.0
RDI_OPT_EXT=.o
RDI_OS_ARCH=64
RDI_PLATFORM=win64
RDI_PREPEND_PATH=B:/Xilinx/Vitis/2024.2/bin
RDI_PROG=B:/Xilinx/Vitis/2024.2/bin/unwrapped/win64.o/vitis-run.exe
RDI_PROGNAME=vitis-run.exe
RDI_SESSION_INFO=B:\Xilinx\Vitis\2024.2\bin:BERNA-R7X3D-09-06-2025_13-25-39,13
RDI_SHARED_DATA=B:/Xilinx/SharedData/2024.2/data
RDI_TPS_ROOT=B:/Xilinx/Vivado/2024.2/tps/win64
RDI_USE_JDK11=1
RDI_VERBOSE=False
RT_LIBPATH=B:/Xilinx/Vitis/2024.2/scripts/rt/data
RT_TCL_PATH=B:/Xilinx/Vitis/2024.2/scripts/rt/base_tcl/tcl
SDKROOT=B:\Xilinx\Vitis\2024.2\tps\win64\lopper-1.1.0-packages\min_sdk\
SESSIONNAME=Console
session_string=D:\Clouds\Dropbox\Vivado_Project\Final\ZCU104\Vitis_HLS\hls_component:BERNA-R7X3D-09-06-2025_13-30-50,89
supports_classic_ide=true
SWIG_LIB=B:\Xilinx\Vitis\2024.2\tps\win64\lopper-1.1.0-packages\min_sdk\\usr\lib\swig\4.2.1
SYNTH_COMMON=B:/Xilinx/Vitis/2024.2/scripts/rt/data
SystemDrive=C:
SystemRoot=C:\windows
TCL_LIBRARY=B:/Xilinx/Vitis/2024.2/tps/tcl/tcl8.6
TCMALLOC_LARGE_ALLOC_REPORT_THRESHOLD=4294967296
TEMP=C:\Users\berna\AppData\Local\Temp
THEIA_APP_PROJECT_PATH=B:\Xilinx\Vitis\2024.2\ide\electron-app\win64\resources\app
THEIA_DEFAULT_PLUGINS=local-dir:B:\Xilinx\Vitis\2024.2\ide\electron-app\win64\resources\app\plugins
THEIA_ELECTRON_TOKEN={"value":"09f9edff-6766-42ec-9138-d384d018dab2"}
THEIA_ELECTRON_VERSION=15.5.7
THEIA_PLUGINS=local-dir:C:\Users\berna\.theia\plugins
TMP=C:\Users\berna\AppData\Local\Temp
tooldir=tps\win64\git-2.41.0
TOOLS_CLANG=B:/Xilinx/Vitis/2024.2\win64\tools\clang
TPS_CMAKE=B:/Xilinx/Vivado/2024.2\tps\win64\cmake-3.24.2
TPS_GIT=B:/Xilinx/Vivado/2024.2\tps\win64\git-2.45.0
TPS_LIBXSLT=B:/Xilinx/Vitis/2024.2\tps\win64\libxslt
TPS_PYTHON=B:/Xilinx/Vivado/2024.2\tps\win64\python-3.8.3
USERDOMAIN=BERNA-R7X3D
USERDOMAIN_ROAMINGPROFILE=BERNA-R7X3D
USERNAME=berna
USERPROFILE=C:\Users\berna
VITISNEW=true
VSCODE_API_VERSION=1.53.2
windir=C:\windows
XILINX_HLS=B:/Xilinx/Vitis/2024.2
XILINX_PLANAHEAD=B:/Xilinx/Vitis/2024.2
XILINX_SDK=B:/Xilinx/Vitis/2024.2
XILINX_VCXX=B:/Xilinx/Vitis/2024.2/vcxx
XILINX_VERSION_DEFAULT=2024.2
XILINX_VERSION_VITIS=2024.2
XILINX_VITIS=B:/Xilinx\Vitis\2024.2
XILINX_VITIS_GIT=B:/Xilinx/Vivado/2024.2\tps\win64\git-2.45.0\bin
XILINX_VITIS_HLS_ENCAPSULATED=1
XILINX_VITIS_VERSION=Vitis v2024.2 (64-bit)
XILINX_VIVADO=B:/Xilinx/Vivado/2024.2
XILINX_VIVADO_HLS=B:/Xilinx/Vivado/2024.2
XIL_CHECK_TCL_DEBUG=False
XIL_NO_OVERRIDE=0
XIL_SUPPRESS_OVERRIDE_WARNINGS=1
XVREDIST=B:/Xilinx/Vitis/2024.2\tps\win64\xvcredist.exe
_RDI_BINROOT=B:\Xilinx\Vitis\2024.2\bin
_RDI_CWD=D:\Clouds\Dropbox\Vivado_Project\Final\ZCU104\Vitis_HLS\hls_component
_RDI_DONT_SET_XILINX_AS_PATH=True
_RDI_VERSION_PROG=vitis-run
_valid=False
XILINX_CD_CONNECT_ID=50139
XILINX_CD_SESSION=48619d3a-f2be-4731-8c12-3ef299fe7c47


VITIS-RUN command line:
------------------------------------------
B:/Xilinx/Vitis/2024.2/bin/unwrapped/win64.o/vitis-run.exe --mode hls --csim --config D:\Clouds\Dropbox\Vivado_Project\Final\ZCU104\Vitis_HLS\hls_component\hls_config.cfg --work_dir sha256_top 

FINAL PROGRAM OPTIONS
--config D:\Clouds\Dropbox\Vivado_Project\Final\ZCU104\Vitis_HLS\hls_component\hls_config.cfg
--csim
--hls.flow_target vivado
--hls.package.output.format ip_catalog
--hls.package.output.syn false
--hls.syn.file D:/Clouds/Dropbox/Vivado_Project/Final/ZCU104/Vitis_HLS/src/sha256.c
--hls.syn.file D:/Clouds/Dropbox/Vivado_Project/Final/ZCU104/Vitis_HLS/src/sha256.h
--hls.syn.file D:/Clouds/Dropbox/Vivado_Project/Final/ZCU104/Vitis_HLS/src/sha256_top.c
--hls.syn.top sha256_top
--hls.tb.file D:/Clouds/Dropbox/Vivado_Project/Final/ZCU104/Vitis_HLS/src/sha256_test.c
--mode hls
--part xczu7ev-ffvc1156-2-e
--work_dir sha256_top

PARSED COMMAND LINE OPTIONS
--mode hls 
--csim 
--config D:\Clouds\Dropbox\Vivado_Project\Final\ZCU104\Vitis_HLS\hls_component\hls_config.cfg 
--work_dir sha256_top 

PARSED CONFIG FILE (1) OPTIONS
file: D:\Clouds\Dropbox\Vivado_Project\Final\ZCU104\Vitis_HLS\hls_component\hls_config.cfg
part xczu7ev-ffvc1156-2-e 
hls.flow_target vivado 
hls.package.output.format ip_catalog 
hls.package.output.syn false 
hls.syn.top sha256_top 
hls.syn.file D:/Clouds/Dropbox/Vivado_Project/Final/ZCU104/Vitis_HLS/src/sha256.c 
hls.syn.file D:/Clouds/Dropbox/Vivado_Project/Final/ZCU104/Vitis_HLS/src/sha256.h 
hls.syn.file D:/Clouds/Dropbox/Vivado_Project/Final/ZCU104/Vitis_HLS/src/sha256_top.c 
hls.tb.file D:/Clouds/Dropbox/Vivado_Project/Final/ZCU104/Vitis_HLS/src/sha256_test.c 


==========================================
new:  steps log generated by v++ for new launch 
timestamp: 09 Jun 2025 13:30:55

------------------------------------------
V++ command line :
------------------------------------------
B:/Xilinx/Vitis/2024.2/bin/unwrapped/win64.o/v++.exe -c --mode hls --config D:\Clouds\Dropbox\Vivado_Project\Final\ZCU104\Vitis_HLS\hls_component\hls_config.cfg --work_dir sha256_top 
  Options from -O    : 
  Options from *.ini : 
  Options from Hw Platform : 

==========================================
new:  steps log generated by v++ for new launch 
timestamp: 09 Jun 2025 13:31:35

------------------------------------------
VITIS-RUN command line :
------------------------------------------
B:/Xilinx/Vitis/2024.2/bin/unwrapped/win64.o/vitis-run.exe --mode hls --cosim --config D:\Clouds\Dropbox\Vivado_Project\Final\ZCU104\Vitis_HLS\hls_component\hls_config.cfg --work_dir sha256_top 
  Options from -O    : 
  Options from *.ini : 
  Options from Hw Platform : 

==========================================
new:  steps log generated by v++ for new launch 
timestamp: 09 Jun 2025 13:32:58

------------------------------------------
VITIS-RUN command line :
------------------------------------------
B:/Xilinx/Vitis/2024.2/bin/unwrapped/win64.o/vitis-run.exe --mode hls --package --config D:\Clouds\Dropbox\Vivado_Project\Final\ZCU104\Vitis_HLS\hls_component\hls_config.cfg --work_dir sha256_top 
  Options from -O    : 
  Options from *.ini : 
  Options from Hw Platform : 

==========================================
new:  steps log generated by v++ for new launch 
timestamp: 09 Jun 2025 13:33:46
