06/09/25 13:30:53: Running xcd server. This server was built by gradle.
06/09/25 13:30:53: Server was asked to start on port: '50139'
06/09/25 13:30:53: Server is using token UUID: 'd8aef19f-e61f-4d9f-992e-e53a641f5416'
06/09/25 13:30:53: SESSION_MGR: creating session with session uuid: '6d04a3e9-ade5-4ab9-8d63-1f78fcd2ec76' and name 'default'
06/09/25 13:30:53: Attempting to start server on port '50139'
06/09/25 13:30:53: Running Dispatch Server
06/09/25 13:30:53: Version 2.2.0
06/09/25 13:30:55: Dispatch Server: Accepted socket connection from client
06/09/25 13:30:55: Starting Socket connection
06/09/25 13:30:55: EXCHANGE_TOKEN received, server token: d8aef19f-e61f-4d9f-992e-e53a641f5416, passed token: d8aef19f-e61f-4d9f-992e-e53a641f5416
06/09/25 13:30:55: DISPATCH_HANDLER: Adding handler from function makeHandler in library xv_system_diagram
06/09/25 13:30:55: SESSION_MGR: creating session with session uuid: '48619d3a-f2be-4731-8c12-3ef299fe7c47' and name 'vitis-run_compile_sha256_top'
06/09/25 13:30:55: KERNEL_SVC: creating session with uuid: '48619d3a-f2be-4731-8c12-3ef299fe7c47' and name 'vitis-run_compile_sha256_top'
06/09/25 13:30:55: GUIDANCE_SMGR: creating guidance session with uuid: '48619d3a-f2be-4731-8c12-3ef299fe7c47' and name 'vitis-run_compile_sha256_top'
06/09/25 13:30:55: SYSTEM_DIAGRAM: creating session with uuid: '48619d3a-f2be-4731-8c12-3ef299fe7c47' and name 'vitis-run_compile_sha256_top'
06/09/25 13:31:00: Dispatch Server: Accepted socket connection from client
06/09/25 13:31:00: Starting Socket connection
06/09/25 13:31:04: SESSION_MGR: closing session for UUID '48619d3a-f2be-4731-8c12-3ef299fe7c47' with name 'vitis-run_compile_sha256_top'
06/09/25 13:31:04: KERNEL_SVC: closing session for UUID '48619d3a-f2be-4731-8c12-3ef299fe7c47' with name 'vitis-run_compile_sha256_top'
06/09/25 13:31:04: GUIDANCE_SMGR: closing session for UUID '48619d3a-f2be-4731-8c12-3ef299fe7c47' with name 'vitis-run_compile_sha256_top'
06/09/25 13:31:04: SYSTEM_DIAGRAM: closing session for UUID '48619d3a-f2be-4731-8c12-3ef299fe7c47' with name 'vitis-run_compile_sha256_top'
06/09/25 13:31:04: STOP_SERVER received, server token: d8aef19f-e61f-4d9f-992e-e53a641f5416, passed token: d8aef19f-e61f-4d9f-992e-e53a641f5416
06/09/25 13:31:04: Socket received request to stop server.
06/09/25 13:31:04: Dispatch Server: do_await_stop
06/09/25 13:31:04: SERVER: destructor for server bound to port 50139
06/09/25 13:31:33: Running xcd server. This server was built by gradle.
06/09/25 13:31:33: Server was asked to start on port: '50228'
06/09/25 13:31:33: Server is using token UUID: 'a3866b67-26e4-40d1-b5bc-beb5b412916f'
06/09/25 13:31:33: SESSION_MGR: creating session with session uuid: '6d04a3e9-ade5-4ab9-8d63-1f78fcd2ec76' and name 'default'
06/09/25 13:31:33: Attempting to start server on port '50228'
06/09/25 13:31:33: Running Dispatch Server
06/09/25 13:31:33: Version 2.2.0
06/09/25 13:31:34: Dispatch Server: Accepted socket connection from client
06/09/25 13:31:34: Starting Socket connection
06/09/25 13:31:34: EXCHANGE_TOKEN received, server token: a3866b67-26e4-40d1-b5bc-beb5b412916f, passed token: a3866b67-26e4-40d1-b5bc-beb5b412916f
06/09/25 13:31:35: DISPATCH_HANDLER: Adding handler from function makeHandler in library xv_system_diagram
06/09/25 13:31:35: SESSION_MGR: creating session with session uuid: '7ec6bec7-cf85-4bd2-9c19-65a87473a85f' and name 'v++_compile_sha256_top'
06/09/25 13:31:35: KERNEL_SVC: creating session with uuid: '7ec6bec7-cf85-4bd2-9c19-65a87473a85f' and name 'v++_compile_sha256_top'
06/09/25 13:31:35: GUIDANCE_SMGR: creating guidance session with uuid: '7ec6bec7-cf85-4bd2-9c19-65a87473a85f' and name 'v++_compile_sha256_top'
06/09/25 13:31:35: SYSTEM_DIAGRAM: creating session with uuid: '7ec6bec7-cf85-4bd2-9c19-65a87473a85f' and name 'v++_compile_sha256_top'
06/09/25 13:31:40: Dispatch Server: Accepted socket connection from client
06/09/25 13:31:40: Starting Socket connection
06/09/25 13:32:06: SESSION_MGR: closing session for UUID '7ec6bec7-cf85-4bd2-9c19-65a87473a85f' with name 'v++_compile_sha256_top'
06/09/25 13:32:06: KERNEL_SVC: closing session for UUID '7ec6bec7-cf85-4bd2-9c19-65a87473a85f' with name 'v++_compile_sha256_top'
06/09/25 13:32:06: GUIDANCE_SMGR: closing session for UUID '7ec6bec7-cf85-4bd2-9c19-65a87473a85f' with name 'v++_compile_sha256_top'
06/09/25 13:32:07: SYSTEM_DIAGRAM: closing session for UUID '7ec6bec7-cf85-4bd2-9c19-65a87473a85f' with name 'v++_compile_sha256_top'
06/09/25 13:32:07: STOP_SERVER received, server token: a3866b67-26e4-40d1-b5bc-beb5b412916f, passed token: a3866b67-26e4-40d1-b5bc-beb5b412916f
06/09/25 13:32:07: Socket received request to stop server.
06/09/25 13:32:07: Dispatch Server: do_await_stop
06/09/25 13:32:07: SERVER: destructor for server bound to port 50228
06/09/25 13:32:56: Running xcd server. This server was built by gradle.
06/09/25 13:32:56: Server was asked to start on port: '50341'
06/09/25 13:32:56: Server is using token UUID: '7c86e336-dcd0-4629-a265-bb8edac295f8'
06/09/25 13:32:56: SESSION_MGR: creating session with session uuid: '6d04a3e9-ade5-4ab9-8d63-1f78fcd2ec76' and name 'default'
06/09/25 13:32:56: Attempting to start server on port '50341'
06/09/25 13:32:56: Running Dispatch Server
06/09/25 13:32:56: Version 2.2.0
06/09/25 13:32:57: Dispatch Server: Accepted socket connection from client
06/09/25 13:32:57: Starting Socket connection
06/09/25 13:32:57: EXCHANGE_TOKEN received, server token: 7c86e336-dcd0-4629-a265-bb8edac295f8, passed token: 7c86e336-dcd0-4629-a265-bb8edac295f8
06/09/25 13:32:58: DISPATCH_HANDLER: Adding handler from function makeHandler in library xv_system_diagram
06/09/25 13:32:58: SESSION_MGR: creating session with session uuid: '015f2e5e-1062-429a-b906-f6902a5c8814' and name 'vitis-run_compile_sha256_top'
06/09/25 13:32:58: KERNEL_SVC: creating session with uuid: '015f2e5e-1062-429a-b906-f6902a5c8814' and name 'vitis-run_compile_sha256_top'
06/09/25 13:32:58: GUIDANCE_SMGR: creating guidance session with uuid: '015f2e5e-1062-429a-b906-f6902a5c8814' and name 'vitis-run_compile_sha256_top'
06/09/25 13:32:58: SYSTEM_DIAGRAM: creating session with uuid: '015f2e5e-1062-429a-b906-f6902a5c8814' and name 'vitis-run_compile_sha256_top'
06/09/25 13:33:03: Dispatch Server: Accepted socket connection from client
06/09/25 13:33:03: Starting Socket connection
06/09/25 13:33:37: SESSION_MGR: closing session for UUID '015f2e5e-1062-429a-b906-f6902a5c8814' with name 'vitis-run_compile_sha256_top'
06/09/25 13:33:37: KERNEL_SVC: closing session for UUID '015f2e5e-1062-429a-b906-f6902a5c8814' with name 'vitis-run_compile_sha256_top'
06/09/25 13:33:37: GUIDANCE_SMGR: closing session for UUID '015f2e5e-1062-429a-b906-f6902a5c8814' with name 'vitis-run_compile_sha256_top'
06/09/25 13:33:37: SYSTEM_DIAGRAM: closing session for UUID '015f2e5e-1062-429a-b906-f6902a5c8814' with name 'vitis-run_compile_sha256_top'
06/09/25 13:33:37: STOP_SERVER received, server token: 7c86e336-dcd0-4629-a265-bb8edac295f8, passed token: 7c86e336-dcd0-4629-a265-bb8edac295f8
06/09/25 13:33:37: Socket received request to stop server.
06/09/25 13:33:37: Dispatch Server: do_await_stop
06/09/25 13:33:37: SERVER: destructor for server bound to port 50341
06/09/25 13:33:44: Running xcd server. This server was built by gradle.
06/09/25 13:33:44: Server was asked to start on port: '50440'
06/09/25 13:33:44: Server is using token UUID: '8383a592-76bb-40de-be85-d9f640b558a2'
06/09/25 13:33:44: SESSION_MGR: creating session with session uuid: '6d04a3e9-ade5-4ab9-8d63-1f78fcd2ec76' and name 'default'
06/09/25 13:33:44: Attempting to start server on port '50440'
06/09/25 13:33:44: Running Dispatch Server
06/09/25 13:33:44: Version 2.2.0
06/09/25 13:33:46: Dispatch Server: Accepted socket connection from client
06/09/25 13:33:46: Starting Socket connection
06/09/25 13:33:46: EXCHANGE_TOKEN received, server token: 8383a592-76bb-40de-be85-d9f640b558a2, passed token: 8383a592-76bb-40de-be85-d9f640b558a2
06/09/25 13:33:46: DISPATCH_HANDLER: Adding handler from function makeHandler in library xv_system_diagram
06/09/25 13:33:46: SESSION_MGR: creating session with session uuid: '37c73767-9544-4b87-b1e6-e4b5ccb913b9' and name 'vitis-run_compile_sha256_top'
06/09/25 13:33:46: KERNEL_SVC: creating session with uuid: '37c73767-9544-4b87-b1e6-e4b5ccb913b9' and name 'vitis-run_compile_sha256_top'
06/09/25 13:33:46: GUIDANCE_SMGR: creating guidance session with uuid: '37c73767-9544-4b87-b1e6-e4b5ccb913b9' and name 'vitis-run_compile_sha256_top'
06/09/25 13:33:46: SYSTEM_DIAGRAM: creating session with uuid: '37c73767-9544-4b87-b1e6-e4b5ccb913b9' and name 'vitis-run_compile_sha256_top'
06/09/25 13:33:51: Dispatch Server: Accepted socket connection from client
06/09/25 13:33:51: Starting Socket connection
06/09/25 13:34:02: SESSION_MGR: closing session for UUID '37c73767-9544-4b87-b1e6-e4b5ccb913b9' with name 'vitis-run_compile_sha256_top'
06/09/25 13:34:02: KERNEL_SVC: closing session for UUID '37c73767-9544-4b87-b1e6-e4b5ccb913b9' with name 'vitis-run_compile_sha256_top'
06/09/25 13:34:02: GUIDANCE_SMGR: closing session for UUID '37c73767-9544-4b87-b1e6-e4b5ccb913b9' with name 'vitis-run_compile_sha256_top'
06/09/25 13:34:02: SYSTEM_DIAGRAM: closing session for UUID '37c73767-9544-4b87-b1e6-e4b5ccb913b9' with name 'vitis-run_compile_sha256_top'
06/09/25 13:34:02: STOP_SERVER received, server token: 8383a592-76bb-40de-be85-d9f640b558a2, passed token: 8383a592-76bb-40de-be85-d9f640b558a2
06/09/25 13:34:02: Socket received request to stop server.
06/09/25 13:34:02: Dispatch Server: do_await_stop
06/09/25 13:34:02: SERVER: destructor for server bound to port 50440
