

================================================================
== Vitis HLS Report for 'sha256_top_Pipeline_VITIS_LOOP_52_4'
================================================================
* Date:           Mon Jun  9 16:12:56 2025

* Version:        2024.2 (Build 5238294 on Nov  8 2024)
* Project:        sha256_top
* Solution:       hls (Vivado IP Flow Target)
* Product family: zynq
* Target device:  xc7z020-clg484-1


================================================================
== Performance Estimates
================================================================
+ Timing: 
    * Summary: 
    +--------+----------+----------+------------+
    |  Clock |  Target  | Estimated| Uncertainty|
    +--------+----------+----------+------------+
    |ap_clk  |  10.00 ns|  5.046 ns|     2.70 ns|
    +--------+----------+----------+------------+

+ Latency: 
    * Summary: 
    +---------+---------+----------+----------+-----+-----+------------------------------------------------+
    |  Latency (cycles) |  Latency (absolute) |  Interval |                    Pipeline                    |
    |   min   |   max   |    min   |    max   | min | max |                      Type                      |
    +---------+---------+----------+----------+-----+-----+------------------------------------------------+
    |       66|       66|  0.660 us|  0.660 us|   65|   65|  loop auto-rewind stp (delay=0 clock cycles(s))|
    +---------+---------+----------+----------+-----+-----+------------------------------------------------+

    + Detail: 
        * Instance: 
        N/A

        * Loop: 
        +-------------------+---------+---------+----------+-----------+-----------+------+----------+
        |                   |  Latency (cycles) | Iteration|  Initiation Interval  | Trip |          |
        |     Loop Name     |   min   |   max   |  Latency |  achieved |   target  | Count| Pipelined|
        +-------------------+---------+---------+----------+-----------+-----------+------+----------+
        |- VITIS_LOOP_52_4  |       64|       64|         1|          1|          1|    64|       yes|
        +-------------------+---------+---------+----------+-----------+-----------+------+----------+

============================================================
+ Verbose Summary: Synthesis Manager
============================================================
InlineROM: 1
ExposeGlobal: 0
============================================================
+ Verbose Summary: CDFG Model
============================================================
IsTopModel: 0
ResetActiveHigh: 1
IsCombinational: 0
IsDatapathOnly: 0
HasWiredReturn: 1
HasMFsm: 2
HasVarLatency: 1
IsPipeline: 0
IsRtlPipelined: 0
IsInstanceOverlapped: 0
IsDontTouch: 0
HasImplIP: 0
IsGatedGlobalClock: 0

+ Individual pipeline summary: 
  * Pipeline-0: initiation interval (II) = 1, depth = 1


============================================================
+ Verbose Summary: Schedule
============================================================
* Number of FSM states : 1
* Pipeline : 1
  Pipeline-0 : II = 1, D = 1, States = { 1 }
* Dataflow Pipeline: 0

* FSM state transitions: 
1 --> 

* FSM state operations: 

State 1 <SV = 0> <Delay = 5.04>
ST_1 : Operation 4 [1/1] (0.00ns)   --->   "%i_2 = alloca i32 1" [../src/sha256_top.c:52]   --->   Operation 4 'alloca' 'i_2' <Predicate = true> <Delay = 0.00>
ST_1 : Operation 5 [1/1] (0.00ns)   --->   "%in_data_62_load_read = read i8 @_ssdm_op_Read.ap_auto.i8, i8 %in_data_62_load"   --->   Operation 5 'read' 'in_data_62_load_read' <Predicate = true> <Delay = 0.00>
ST_1 : Operation 6 [1/1] (0.00ns)   --->   "%in_data_61_load_read = read i8 @_ssdm_op_Read.ap_auto.i8, i8 %in_data_61_load"   --->   Operation 6 'read' 'in_data_61_load_read' <Predicate = true> <Delay = 0.00>
ST_1 : Operation 7 [1/1] (0.00ns)   --->   "%in_data_60_load_read = read i8 @_ssdm_op_Read.ap_auto.i8, i8 %in_data_60_load"   --->   Operation 7 'read' 'in_data_60_load_read' <Predicate = true> <Delay = 0.00>
ST_1 : Operation 8 [1/1] (0.00ns)   --->   "%in_data_59_load_read = read i8 @_ssdm_op_Read.ap_auto.i8, i8 %in_data_59_load"   --->   Operation 8 'read' 'in_data_59_load_read' <Predicate = true> <Delay = 0.00>
ST_1 : Operation 9 [1/1] (0.00ns)   --->   "%in_data_58_load_read = read i8 @_ssdm_op_Read.ap_auto.i8, i8 %in_data_58_load"   --->   Operation 9 'read' 'in_data_58_load_read' <Predicate = true> <Delay = 0.00>
ST_1 : Operation 10 [1/1] (0.00ns)   --->   "%in_data_57_load_read = read i8 @_ssdm_op_Read.ap_auto.i8, i8 %in_data_57_load"   --->   Operation 10 'read' 'in_data_57_load_read' <Predicate = true> <Delay = 0.00>
ST_1 : Operation 11 [1/1] (0.00ns)   --->   "%in_data_56_load_read = read i8 @_ssdm_op_Read.ap_auto.i8, i8 %in_data_56_load"   --->   Operation 11 'read' 'in_data_56_load_read' <Predicate = true> <Delay = 0.00>
ST_1 : Operation 12 [1/1] (0.00ns)   --->   "%in_data_55_load_read = read i8 @_ssdm_op_Read.ap_auto.i8, i8 %in_data_55_load"   --->   Operation 12 'read' 'in_data_55_load_read' <Predicate = true> <Delay = 0.00>
ST_1 : Operation 13 [1/1] (0.00ns)   --->   "%in_data_54_load_read = read i8 @_ssdm_op_Read.ap_auto.i8, i8 %in_data_54_load"   --->   Operation 13 'read' 'in_data_54_load_read' <Predicate = true> <Delay = 0.00>
ST_1 : Operation 14 [1/1] (0.00ns)   --->   "%in_data_53_load_read = read i8 @_ssdm_op_Read.ap_auto.i8, i8 %in_data_53_load"   --->   Operation 14 'read' 'in_data_53_load_read' <Predicate = true> <Delay = 0.00>
ST_1 : Operation 15 [1/1] (0.00ns)   --->   "%in_data_52_load_read = read i8 @_ssdm_op_Read.ap_auto.i8, i8 %in_data_52_load"   --->   Operation 15 'read' 'in_data_52_load_read' <Predicate = true> <Delay = 0.00>
ST_1 : Operation 16 [1/1] (0.00ns)   --->   "%in_data_51_load_read = read i8 @_ssdm_op_Read.ap_auto.i8, i8 %in_data_51_load"   --->   Operation 16 'read' 'in_data_51_load_read' <Predicate = true> <Delay = 0.00>
ST_1 : Operation 17 [1/1] (0.00ns)   --->   "%in_data_50_load_read = read i8 @_ssdm_op_Read.ap_auto.i8, i8 %in_data_50_load"   --->   Operation 17 'read' 'in_data_50_load_read' <Predicate = true> <Delay = 0.00>
ST_1 : Operation 18 [1/1] (0.00ns)   --->   "%in_data_49_load_read = read i8 @_ssdm_op_Read.ap_auto.i8, i8 %in_data_49_load"   --->   Operation 18 'read' 'in_data_49_load_read' <Predicate = true> <Delay = 0.00>
ST_1 : Operation 19 [1/1] (0.00ns)   --->   "%in_data_48_load_read = read i8 @_ssdm_op_Read.ap_auto.i8, i8 %in_data_48_load"   --->   Operation 19 'read' 'in_data_48_load_read' <Predicate = true> <Delay = 0.00>
ST_1 : Operation 20 [1/1] (0.00ns)   --->   "%in_data_47_load_read = read i8 @_ssdm_op_Read.ap_auto.i8, i8 %in_data_47_load"   --->   Operation 20 'read' 'in_data_47_load_read' <Predicate = true> <Delay = 0.00>
ST_1 : Operation 21 [1/1] (0.00ns)   --->   "%in_data_46_load_read = read i8 @_ssdm_op_Read.ap_auto.i8, i8 %in_data_46_load"   --->   Operation 21 'read' 'in_data_46_load_read' <Predicate = true> <Delay = 0.00>
ST_1 : Operation 22 [1/1] (0.00ns)   --->   "%in_data_45_load_read = read i8 @_ssdm_op_Read.ap_auto.i8, i8 %in_data_45_load"   --->   Operation 22 'read' 'in_data_45_load_read' <Predicate = true> <Delay = 0.00>
ST_1 : Operation 23 [1/1] (0.00ns)   --->   "%in_data_44_load_read = read i8 @_ssdm_op_Read.ap_auto.i8, i8 %in_data_44_load"   --->   Operation 23 'read' 'in_data_44_load_read' <Predicate = true> <Delay = 0.00>
ST_1 : Operation 24 [1/1] (0.00ns)   --->   "%in_data_43_load_read = read i8 @_ssdm_op_Read.ap_auto.i8, i8 %in_data_43_load"   --->   Operation 24 'read' 'in_data_43_load_read' <Predicate = true> <Delay = 0.00>
ST_1 : Operation 25 [1/1] (0.00ns)   --->   "%in_data_42_load_read = read i8 @_ssdm_op_Read.ap_auto.i8, i8 %in_data_42_load"   --->   Operation 25 'read' 'in_data_42_load_read' <Predicate = true> <Delay = 0.00>
ST_1 : Operation 26 [1/1] (0.00ns)   --->   "%in_data_41_load_read = read i8 @_ssdm_op_Read.ap_auto.i8, i8 %in_data_41_load"   --->   Operation 26 'read' 'in_data_41_load_read' <Predicate = true> <Delay = 0.00>
ST_1 : Operation 27 [1/1] (0.00ns)   --->   "%in_data_40_load_read = read i8 @_ssdm_op_Read.ap_auto.i8, i8 %in_data_40_load"   --->   Operation 27 'read' 'in_data_40_load_read' <Predicate = true> <Delay = 0.00>
ST_1 : Operation 28 [1/1] (0.00ns)   --->   "%in_data_39_load_read = read i8 @_ssdm_op_Read.ap_auto.i8, i8 %in_data_39_load"   --->   Operation 28 'read' 'in_data_39_load_read' <Predicate = true> <Delay = 0.00>
ST_1 : Operation 29 [1/1] (0.00ns)   --->   "%in_data_38_load_read = read i8 @_ssdm_op_Read.ap_auto.i8, i8 %in_data_38_load"   --->   Operation 29 'read' 'in_data_38_load_read' <Predicate = true> <Delay = 0.00>
ST_1 : Operation 30 [1/1] (0.00ns)   --->   "%in_data_37_load_read = read i8 @_ssdm_op_Read.ap_auto.i8, i8 %in_data_37_load"   --->   Operation 30 'read' 'in_data_37_load_read' <Predicate = true> <Delay = 0.00>
ST_1 : Operation 31 [1/1] (0.00ns)   --->   "%in_data_36_load_read = read i8 @_ssdm_op_Read.ap_auto.i8, i8 %in_data_36_load"   --->   Operation 31 'read' 'in_data_36_load_read' <Predicate = true> <Delay = 0.00>
ST_1 : Operation 32 [1/1] (0.00ns)   --->   "%in_data_35_load_read = read i8 @_ssdm_op_Read.ap_auto.i8, i8 %in_data_35_load"   --->   Operation 32 'read' 'in_data_35_load_read' <Predicate = true> <Delay = 0.00>
ST_1 : Operation 33 [1/1] (0.00ns)   --->   "%in_data_34_load_read = read i8 @_ssdm_op_Read.ap_auto.i8, i8 %in_data_34_load"   --->   Operation 33 'read' 'in_data_34_load_read' <Predicate = true> <Delay = 0.00>
ST_1 : Operation 34 [1/1] (0.00ns)   --->   "%in_data_33_load_read = read i8 @_ssdm_op_Read.ap_auto.i8, i8 %in_data_33_load"   --->   Operation 34 'read' 'in_data_33_load_read' <Predicate = true> <Delay = 0.00>
ST_1 : Operation 35 [1/1] (0.00ns)   --->   "%in_data_32_load_read = read i8 @_ssdm_op_Read.ap_auto.i8, i8 %in_data_32_load"   --->   Operation 35 'read' 'in_data_32_load_read' <Predicate = true> <Delay = 0.00>
ST_1 : Operation 36 [1/1] (0.00ns)   --->   "%in_data_31_load_read = read i8 @_ssdm_op_Read.ap_auto.i8, i8 %in_data_31_load"   --->   Operation 36 'read' 'in_data_31_load_read' <Predicate = true> <Delay = 0.00>
ST_1 : Operation 37 [1/1] (0.00ns)   --->   "%in_data_30_load_read = read i8 @_ssdm_op_Read.ap_auto.i8, i8 %in_data_30_load"   --->   Operation 37 'read' 'in_data_30_load_read' <Predicate = true> <Delay = 0.00>
ST_1 : Operation 38 [1/1] (0.00ns)   --->   "%in_data_29_load_read = read i8 @_ssdm_op_Read.ap_auto.i8, i8 %in_data_29_load"   --->   Operation 38 'read' 'in_data_29_load_read' <Predicate = true> <Delay = 0.00>
ST_1 : Operation 39 [1/1] (0.00ns)   --->   "%in_data_28_load_read = read i8 @_ssdm_op_Read.ap_auto.i8, i8 %in_data_28_load"   --->   Operation 39 'read' 'in_data_28_load_read' <Predicate = true> <Delay = 0.00>
ST_1 : Operation 40 [1/1] (0.00ns)   --->   "%in_data_27_load_read = read i8 @_ssdm_op_Read.ap_auto.i8, i8 %in_data_27_load"   --->   Operation 40 'read' 'in_data_27_load_read' <Predicate = true> <Delay = 0.00>
ST_1 : Operation 41 [1/1] (0.00ns)   --->   "%in_data_26_load_read = read i8 @_ssdm_op_Read.ap_auto.i8, i8 %in_data_26_load"   --->   Operation 41 'read' 'in_data_26_load_read' <Predicate = true> <Delay = 0.00>
ST_1 : Operation 42 [1/1] (0.00ns)   --->   "%in_data_25_load_read = read i8 @_ssdm_op_Read.ap_auto.i8, i8 %in_data_25_load"   --->   Operation 42 'read' 'in_data_25_load_read' <Predicate = true> <Delay = 0.00>
ST_1 : Operation 43 [1/1] (0.00ns)   --->   "%in_data_24_load_read = read i8 @_ssdm_op_Read.ap_auto.i8, i8 %in_data_24_load"   --->   Operation 43 'read' 'in_data_24_load_read' <Predicate = true> <Delay = 0.00>
ST_1 : Operation 44 [1/1] (0.00ns)   --->   "%in_data_23_load_read = read i8 @_ssdm_op_Read.ap_auto.i8, i8 %in_data_23_load"   --->   Operation 44 'read' 'in_data_23_load_read' <Predicate = true> <Delay = 0.00>
ST_1 : Operation 45 [1/1] (0.00ns)   --->   "%in_data_22_load_read = read i8 @_ssdm_op_Read.ap_auto.i8, i8 %in_data_22_load"   --->   Operation 45 'read' 'in_data_22_load_read' <Predicate = true> <Delay = 0.00>
ST_1 : Operation 46 [1/1] (0.00ns)   --->   "%in_data_21_load_read = read i8 @_ssdm_op_Read.ap_auto.i8, i8 %in_data_21_load"   --->   Operation 46 'read' 'in_data_21_load_read' <Predicate = true> <Delay = 0.00>
ST_1 : Operation 47 [1/1] (0.00ns)   --->   "%in_data_20_load_read = read i8 @_ssdm_op_Read.ap_auto.i8, i8 %in_data_20_load"   --->   Operation 47 'read' 'in_data_20_load_read' <Predicate = true> <Delay = 0.00>
ST_1 : Operation 48 [1/1] (0.00ns)   --->   "%in_data_19_load_read = read i8 @_ssdm_op_Read.ap_auto.i8, i8 %in_data_19_load"   --->   Operation 48 'read' 'in_data_19_load_read' <Predicate = true> <Delay = 0.00>
ST_1 : Operation 49 [1/1] (0.00ns)   --->   "%in_data_18_load_read = read i8 @_ssdm_op_Read.ap_auto.i8, i8 %in_data_18_load"   --->   Operation 49 'read' 'in_data_18_load_read' <Predicate = true> <Delay = 0.00>
ST_1 : Operation 50 [1/1] (0.00ns)   --->   "%in_data_17_load_read = read i8 @_ssdm_op_Read.ap_auto.i8, i8 %in_data_17_load"   --->   Operation 50 'read' 'in_data_17_load_read' <Predicate = true> <Delay = 0.00>
ST_1 : Operation 51 [1/1] (0.00ns)   --->   "%in_data_16_load_read = read i8 @_ssdm_op_Read.ap_auto.i8, i8 %in_data_16_load"   --->   Operation 51 'read' 'in_data_16_load_read' <Predicate = true> <Delay = 0.00>
ST_1 : Operation 52 [1/1] (0.00ns)   --->   "%in_data_15_load_read = read i8 @_ssdm_op_Read.ap_auto.i8, i8 %in_data_15_load"   --->   Operation 52 'read' 'in_data_15_load_read' <Predicate = true> <Delay = 0.00>
ST_1 : Operation 53 [1/1] (0.00ns)   --->   "%in_data_14_load_read = read i8 @_ssdm_op_Read.ap_auto.i8, i8 %in_data_14_load"   --->   Operation 53 'read' 'in_data_14_load_read' <Predicate = true> <Delay = 0.00>
ST_1 : Operation 54 [1/1] (0.00ns)   --->   "%in_data_13_load_read = read i8 @_ssdm_op_Read.ap_auto.i8, i8 %in_data_13_load"   --->   Operation 54 'read' 'in_data_13_load_read' <Predicate = true> <Delay = 0.00>
ST_1 : Operation 55 [1/1] (0.00ns)   --->   "%in_data_12_load_read = read i8 @_ssdm_op_Read.ap_auto.i8, i8 %in_data_12_load"   --->   Operation 55 'read' 'in_data_12_load_read' <Predicate = true> <Delay = 0.00>
ST_1 : Operation 56 [1/1] (0.00ns)   --->   "%in_data_11_load_read = read i8 @_ssdm_op_Read.ap_auto.i8, i8 %in_data_11_load"   --->   Operation 56 'read' 'in_data_11_load_read' <Predicate = true> <Delay = 0.00>
ST_1 : Operation 57 [1/1] (0.00ns)   --->   "%in_data_10_load_read = read i8 @_ssdm_op_Read.ap_auto.i8, i8 %in_data_10_load"   --->   Operation 57 'read' 'in_data_10_load_read' <Predicate = true> <Delay = 0.00>
ST_1 : Operation 58 [1/1] (0.00ns)   --->   "%in_data_9_load_read = read i8 @_ssdm_op_Read.ap_auto.i8, i8 %in_data_9_load"   --->   Operation 58 'read' 'in_data_9_load_read' <Predicate = true> <Delay = 0.00>
ST_1 : Operation 59 [1/1] (0.00ns)   --->   "%in_data_8_load_read = read i8 @_ssdm_op_Read.ap_auto.i8, i8 %in_data_8_load"   --->   Operation 59 'read' 'in_data_8_load_read' <Predicate = true> <Delay = 0.00>
ST_1 : Operation 60 [1/1] (0.00ns)   --->   "%in_data_7_load_read = read i8 @_ssdm_op_Read.ap_auto.i8, i8 %in_data_7_load"   --->   Operation 60 'read' 'in_data_7_load_read' <Predicate = true> <Delay = 0.00>
ST_1 : Operation 61 [1/1] (0.00ns)   --->   "%in_data_6_load_read = read i8 @_ssdm_op_Read.ap_auto.i8, i8 %in_data_6_load"   --->   Operation 61 'read' 'in_data_6_load_read' <Predicate = true> <Delay = 0.00>
ST_1 : Operation 62 [1/1] (0.00ns)   --->   "%in_data_5_load_read = read i8 @_ssdm_op_Read.ap_auto.i8, i8 %in_data_5_load"   --->   Operation 62 'read' 'in_data_5_load_read' <Predicate = true> <Delay = 0.00>
ST_1 : Operation 63 [1/1] (0.00ns)   --->   "%in_data_4_load_read = read i8 @_ssdm_op_Read.ap_auto.i8, i8 %in_data_4_load"   --->   Operation 63 'read' 'in_data_4_load_read' <Predicate = true> <Delay = 0.00>
ST_1 : Operation 64 [1/1] (0.00ns)   --->   "%in_data_3_load_read = read i8 @_ssdm_op_Read.ap_auto.i8, i8 %in_data_3_load"   --->   Operation 64 'read' 'in_data_3_load_read' <Predicate = true> <Delay = 0.00>
ST_1 : Operation 65 [1/1] (0.00ns)   --->   "%in_data_2_load_read = read i8 @_ssdm_op_Read.ap_auto.i8, i8 %in_data_2_load"   --->   Operation 65 'read' 'in_data_2_load_read' <Predicate = true> <Delay = 0.00>
ST_1 : Operation 66 [1/1] (0.00ns)   --->   "%in_data_1_load_read = read i8 @_ssdm_op_Read.ap_auto.i8, i8 %in_data_1_load"   --->   Operation 66 'read' 'in_data_1_load_read' <Predicate = true> <Delay = 0.00>
ST_1 : Operation 67 [1/1] (0.00ns)   --->   "%in_data_load_read = read i8 @_ssdm_op_Read.ap_auto.i8, i8 %in_data_load"   --->   Operation 67 'read' 'in_data_load_read' <Predicate = true> <Delay = 0.00>
ST_1 : Operation 68 [1/1] (0.00ns)   --->   "%in_data_63_load_read = read i8 @_ssdm_op_Read.ap_auto.i8, i8 %in_data_63_load"   --->   Operation 68 'read' 'in_data_63_load_read' <Predicate = true> <Delay = 0.00>
ST_1 : Operation 69 [1/1] (1.58ns)   --->   "%store_ln0 = store i8 %in_data_63_load_read, i8 %in_data_191_out"   --->   Operation 69 'store' 'store_ln0' <Predicate = true> <Delay = 1.58>
ST_1 : Operation 70 [1/1] (1.58ns)   --->   "%store_ln0 = store i8 %in_data_load_read, i8 %in_data_190_out"   --->   Operation 70 'store' 'store_ln0' <Predicate = true> <Delay = 1.58>
ST_1 : Operation 71 [1/1] (1.58ns)   --->   "%store_ln0 = store i8 %in_data_1_load_read, i8 %in_data_189_out"   --->   Operation 71 'store' 'store_ln0' <Predicate = true> <Delay = 1.58>
ST_1 : Operation 72 [1/1] (1.58ns)   --->   "%store_ln0 = store i8 %in_data_2_load_read, i8 %in_data_188_out"   --->   Operation 72 'store' 'store_ln0' <Predicate = true> <Delay = 1.58>
ST_1 : Operation 73 [1/1] (1.58ns)   --->   "%store_ln0 = store i8 %in_data_3_load_read, i8 %in_data_187_out"   --->   Operation 73 'store' 'store_ln0' <Predicate = true> <Delay = 1.58>
ST_1 : Operation 74 [1/1] (1.58ns)   --->   "%store_ln0 = store i8 %in_data_4_load_read, i8 %in_data_186_out"   --->   Operation 74 'store' 'store_ln0' <Predicate = true> <Delay = 1.58>
ST_1 : Operation 75 [1/1] (1.58ns)   --->   "%store_ln0 = store i8 %in_data_5_load_read, i8 %in_data_185_out"   --->   Operation 75 'store' 'store_ln0' <Predicate = true> <Delay = 1.58>
ST_1 : Operation 76 [1/1] (1.58ns)   --->   "%store_ln0 = store i8 %in_data_6_load_read, i8 %in_data_184_out"   --->   Operation 76 'store' 'store_ln0' <Predicate = true> <Delay = 1.58>
ST_1 : Operation 77 [1/1] (1.58ns)   --->   "%store_ln0 = store i8 %in_data_7_load_read, i8 %in_data_183_out"   --->   Operation 77 'store' 'store_ln0' <Predicate = true> <Delay = 1.58>
ST_1 : Operation 78 [1/1] (1.58ns)   --->   "%store_ln0 = store i8 %in_data_8_load_read, i8 %in_data_182_out"   --->   Operation 78 'store' 'store_ln0' <Predicate = true> <Delay = 1.58>
ST_1 : Operation 79 [1/1] (1.58ns)   --->   "%store_ln0 = store i8 %in_data_9_load_read, i8 %in_data_181_out"   --->   Operation 79 'store' 'store_ln0' <Predicate = true> <Delay = 1.58>
ST_1 : Operation 80 [1/1] (1.58ns)   --->   "%store_ln0 = store i8 %in_data_10_load_read, i8 %in_data_180_out"   --->   Operation 80 'store' 'store_ln0' <Predicate = true> <Delay = 1.58>
ST_1 : Operation 81 [1/1] (1.58ns)   --->   "%store_ln0 = store i8 %in_data_11_load_read, i8 %in_data_179_out"   --->   Operation 81 'store' 'store_ln0' <Predicate = true> <Delay = 1.58>
ST_1 : Operation 82 [1/1] (1.58ns)   --->   "%store_ln0 = store i8 %in_data_12_load_read, i8 %in_data_178_out"   --->   Operation 82 'store' 'store_ln0' <Predicate = true> <Delay = 1.58>
ST_1 : Operation 83 [1/1] (1.58ns)   --->   "%store_ln0 = store i8 %in_data_13_load_read, i8 %in_data_177_out"   --->   Operation 83 'store' 'store_ln0' <Predicate = true> <Delay = 1.58>
ST_1 : Operation 84 [1/1] (1.58ns)   --->   "%store_ln0 = store i8 %in_data_14_load_read, i8 %in_data_176_out"   --->   Operation 84 'store' 'store_ln0' <Predicate = true> <Delay = 1.58>
ST_1 : Operation 85 [1/1] (1.58ns)   --->   "%store_ln0 = store i8 %in_data_15_load_read, i8 %in_data_175_out"   --->   Operation 85 'store' 'store_ln0' <Predicate = true> <Delay = 1.58>
ST_1 : Operation 86 [1/1] (1.58ns)   --->   "%store_ln0 = store i8 %in_data_16_load_read, i8 %in_data_174_out"   --->   Operation 86 'store' 'store_ln0' <Predicate = true> <Delay = 1.58>
ST_1 : Operation 87 [1/1] (1.58ns)   --->   "%store_ln0 = store i8 %in_data_17_load_read, i8 %in_data_173_out"   --->   Operation 87 'store' 'store_ln0' <Predicate = true> <Delay = 1.58>
ST_1 : Operation 88 [1/1] (1.58ns)   --->   "%store_ln0 = store i8 %in_data_18_load_read, i8 %in_data_172_out"   --->   Operation 88 'store' 'store_ln0' <Predicate = true> <Delay = 1.58>
ST_1 : Operation 89 [1/1] (1.58ns)   --->   "%store_ln0 = store i8 %in_data_19_load_read, i8 %in_data_171_out"   --->   Operation 89 'store' 'store_ln0' <Predicate = true> <Delay = 1.58>
ST_1 : Operation 90 [1/1] (1.58ns)   --->   "%store_ln0 = store i8 %in_data_20_load_read, i8 %in_data_170_out"   --->   Operation 90 'store' 'store_ln0' <Predicate = true> <Delay = 1.58>
ST_1 : Operation 91 [1/1] (1.58ns)   --->   "%store_ln0 = store i8 %in_data_21_load_read, i8 %in_data_169_out"   --->   Operation 91 'store' 'store_ln0' <Predicate = true> <Delay = 1.58>
ST_1 : Operation 92 [1/1] (1.58ns)   --->   "%store_ln0 = store i8 %in_data_22_load_read, i8 %in_data_168_out"   --->   Operation 92 'store' 'store_ln0' <Predicate = true> <Delay = 1.58>
ST_1 : Operation 93 [1/1] (1.58ns)   --->   "%store_ln0 = store i8 %in_data_23_load_read, i8 %in_data_167_out"   --->   Operation 93 'store' 'store_ln0' <Predicate = true> <Delay = 1.58>
ST_1 : Operation 94 [1/1] (1.58ns)   --->   "%store_ln0 = store i8 %in_data_24_load_read, i8 %in_data_166_out"   --->   Operation 94 'store' 'store_ln0' <Predicate = true> <Delay = 1.58>
ST_1 : Operation 95 [1/1] (1.58ns)   --->   "%store_ln0 = store i8 %in_data_25_load_read, i8 %in_data_165_out"   --->   Operation 95 'store' 'store_ln0' <Predicate = true> <Delay = 1.58>
ST_1 : Operation 96 [1/1] (1.58ns)   --->   "%store_ln0 = store i8 %in_data_26_load_read, i8 %in_data_164_out"   --->   Operation 96 'store' 'store_ln0' <Predicate = true> <Delay = 1.58>
ST_1 : Operation 97 [1/1] (1.58ns)   --->   "%store_ln0 = store i8 %in_data_27_load_read, i8 %in_data_163_out"   --->   Operation 97 'store' 'store_ln0' <Predicate = true> <Delay = 1.58>
ST_1 : Operation 98 [1/1] (1.58ns)   --->   "%store_ln0 = store i8 %in_data_28_load_read, i8 %in_data_162_out"   --->   Operation 98 'store' 'store_ln0' <Predicate = true> <Delay = 1.58>
ST_1 : Operation 99 [1/1] (1.58ns)   --->   "%store_ln0 = store i8 %in_data_29_load_read, i8 %in_data_161_out"   --->   Operation 99 'store' 'store_ln0' <Predicate = true> <Delay = 1.58>
ST_1 : Operation 100 [1/1] (1.58ns)   --->   "%store_ln0 = store i8 %in_data_30_load_read, i8 %in_data_160_out"   --->   Operation 100 'store' 'store_ln0' <Predicate = true> <Delay = 1.58>
ST_1 : Operation 101 [1/1] (1.58ns)   --->   "%store_ln0 = store i8 %in_data_31_load_read, i8 %in_data_159_out"   --->   Operation 101 'store' 'store_ln0' <Predicate = true> <Delay = 1.58>
ST_1 : Operation 102 [1/1] (1.58ns)   --->   "%store_ln0 = store i8 %in_data_32_load_read, i8 %in_data_158_out"   --->   Operation 102 'store' 'store_ln0' <Predicate = true> <Delay = 1.58>
ST_1 : Operation 103 [1/1] (1.58ns)   --->   "%store_ln0 = store i8 %in_data_33_load_read, i8 %in_data_157_out"   --->   Operation 103 'store' 'store_ln0' <Predicate = true> <Delay = 1.58>
ST_1 : Operation 104 [1/1] (1.58ns)   --->   "%store_ln0 = store i8 %in_data_34_load_read, i8 %in_data_156_out"   --->   Operation 104 'store' 'store_ln0' <Predicate = true> <Delay = 1.58>
ST_1 : Operation 105 [1/1] (1.58ns)   --->   "%store_ln0 = store i8 %in_data_35_load_read, i8 %in_data_155_out"   --->   Operation 105 'store' 'store_ln0' <Predicate = true> <Delay = 1.58>
ST_1 : Operation 106 [1/1] (1.58ns)   --->   "%store_ln0 = store i8 %in_data_36_load_read, i8 %in_data_154_out"   --->   Operation 106 'store' 'store_ln0' <Predicate = true> <Delay = 1.58>
ST_1 : Operation 107 [1/1] (1.58ns)   --->   "%store_ln0 = store i8 %in_data_37_load_read, i8 %in_data_153_out"   --->   Operation 107 'store' 'store_ln0' <Predicate = true> <Delay = 1.58>
ST_1 : Operation 108 [1/1] (1.58ns)   --->   "%store_ln0 = store i8 %in_data_38_load_read, i8 %in_data_152_out"   --->   Operation 108 'store' 'store_ln0' <Predicate = true> <Delay = 1.58>
ST_1 : Operation 109 [1/1] (1.58ns)   --->   "%store_ln0 = store i8 %in_data_39_load_read, i8 %in_data_151_out"   --->   Operation 109 'store' 'store_ln0' <Predicate = true> <Delay = 1.58>
ST_1 : Operation 110 [1/1] (1.58ns)   --->   "%store_ln0 = store i8 %in_data_40_load_read, i8 %in_data_150_out"   --->   Operation 110 'store' 'store_ln0' <Predicate = true> <Delay = 1.58>
ST_1 : Operation 111 [1/1] (1.58ns)   --->   "%store_ln0 = store i8 %in_data_41_load_read, i8 %in_data_149_out"   --->   Operation 111 'store' 'store_ln0' <Predicate = true> <Delay = 1.58>
ST_1 : Operation 112 [1/1] (1.58ns)   --->   "%store_ln0 = store i8 %in_data_42_load_read, i8 %in_data_148_out"   --->   Operation 112 'store' 'store_ln0' <Predicate = true> <Delay = 1.58>
ST_1 : Operation 113 [1/1] (1.58ns)   --->   "%store_ln0 = store i8 %in_data_43_load_read, i8 %in_data_147_out"   --->   Operation 113 'store' 'store_ln0' <Predicate = true> <Delay = 1.58>
ST_1 : Operation 114 [1/1] (1.58ns)   --->   "%store_ln0 = store i8 %in_data_44_load_read, i8 %in_data_146_out"   --->   Operation 114 'store' 'store_ln0' <Predicate = true> <Delay = 1.58>
ST_1 : Operation 115 [1/1] (1.58ns)   --->   "%store_ln0 = store i8 %in_data_45_load_read, i8 %in_data_145_out"   --->   Operation 115 'store' 'store_ln0' <Predicate = true> <Delay = 1.58>
ST_1 : Operation 116 [1/1] (1.58ns)   --->   "%store_ln0 = store i8 %in_data_46_load_read, i8 %in_data_144_out"   --->   Operation 116 'store' 'store_ln0' <Predicate = true> <Delay = 1.58>
ST_1 : Operation 117 [1/1] (1.58ns)   --->   "%store_ln0 = store i8 %in_data_47_load_read, i8 %in_data_143_out"   --->   Operation 117 'store' 'store_ln0' <Predicate = true> <Delay = 1.58>
ST_1 : Operation 118 [1/1] (1.58ns)   --->   "%store_ln0 = store i8 %in_data_48_load_read, i8 %in_data_142_out"   --->   Operation 118 'store' 'store_ln0' <Predicate = true> <Delay = 1.58>
ST_1 : Operation 119 [1/1] (1.58ns)   --->   "%store_ln0 = store i8 %in_data_49_load_read, i8 %in_data_141_out"   --->   Operation 119 'store' 'store_ln0' <Predicate = true> <Delay = 1.58>
ST_1 : Operation 120 [1/1] (1.58ns)   --->   "%store_ln0 = store i8 %in_data_50_load_read, i8 %in_data_140_out"   --->   Operation 120 'store' 'store_ln0' <Predicate = true> <Delay = 1.58>
ST_1 : Operation 121 [1/1] (1.58ns)   --->   "%store_ln0 = store i8 %in_data_51_load_read, i8 %in_data_139_out"   --->   Operation 121 'store' 'store_ln0' <Predicate = true> <Delay = 1.58>
ST_1 : Operation 122 [1/1] (1.58ns)   --->   "%store_ln0 = store i8 %in_data_52_load_read, i8 %in_data_138_out"   --->   Operation 122 'store' 'store_ln0' <Predicate = true> <Delay = 1.58>
ST_1 : Operation 123 [1/1] (1.58ns)   --->   "%store_ln0 = store i8 %in_data_53_load_read, i8 %in_data_137_out"   --->   Operation 123 'store' 'store_ln0' <Predicate = true> <Delay = 1.58>
ST_1 : Operation 124 [1/1] (1.58ns)   --->   "%store_ln0 = store i8 %in_data_54_load_read, i8 %in_data_136_out"   --->   Operation 124 'store' 'store_ln0' <Predicate = true> <Delay = 1.58>
ST_1 : Operation 125 [1/1] (1.58ns)   --->   "%store_ln0 = store i8 %in_data_55_load_read, i8 %in_data_135_out"   --->   Operation 125 'store' 'store_ln0' <Predicate = true> <Delay = 1.58>
ST_1 : Operation 126 [1/1] (1.58ns)   --->   "%store_ln0 = store i8 %in_data_56_load_read, i8 %in_data_134_out"   --->   Operation 126 'store' 'store_ln0' <Predicate = true> <Delay = 1.58>
ST_1 : Operation 127 [1/1] (1.58ns)   --->   "%store_ln0 = store i8 %in_data_57_load_read, i8 %in_data_133_out"   --->   Operation 127 'store' 'store_ln0' <Predicate = true> <Delay = 1.58>
ST_1 : Operation 128 [1/1] (1.58ns)   --->   "%store_ln0 = store i8 %in_data_58_load_read, i8 %in_data_132_out"   --->   Operation 128 'store' 'store_ln0' <Predicate = true> <Delay = 1.58>
ST_1 : Operation 129 [1/1] (1.58ns)   --->   "%store_ln0 = store i8 %in_data_59_load_read, i8 %in_data_131_out"   --->   Operation 129 'store' 'store_ln0' <Predicate = true> <Delay = 1.58>
ST_1 : Operation 130 [1/1] (1.58ns)   --->   "%store_ln0 = store i8 %in_data_60_load_read, i8 %in_data_130_out"   --->   Operation 130 'store' 'store_ln0' <Predicate = true> <Delay = 1.58>
ST_1 : Operation 131 [1/1] (1.58ns)   --->   "%store_ln0 = store i8 %in_data_61_load_read, i8 %in_data_129_out"   --->   Operation 131 'store' 'store_ln0' <Predicate = true> <Delay = 1.58>
ST_1 : Operation 132 [1/1] (1.58ns)   --->   "%store_ln0 = store i8 %in_data_62_load_read, i8 %in_data_128_out"   --->   Operation 132 'store' 'store_ln0' <Predicate = true> <Delay = 1.58>
ST_1 : Operation 133 [1/1] (1.58ns)   --->   "%store_ln52 = store i7 0, i7 %i_2" [../src/sha256_top.c:52]   --->   Operation 133 'store' 'store_ln52' <Predicate = true> <Delay = 1.58>
ST_1 : Operation 134 [1/1] (0.00ns)   --->   "%br_ln0 = br void %for.inc65"   --->   Operation 134 'br' 'br_ln0' <Predicate = true> <Delay = 0.00>
ST_1 : Operation 135 [1/1] (0.00ns)   --->   "%i = load i7 %i_2" [../src/sha256_top.c:52]   --->   Operation 135 'load' 'i' <Predicate = true> <Delay = 0.00>
ST_1 : Operation 136 [1/1] (1.87ns)   --->   "%icmp_ln52 = icmp_eq  i7 %i, i7 64" [../src/sha256_top.c:52]   --->   Operation 136 'icmp' 'icmp_ln52' <Predicate = true> <Delay = 1.87> <CoreInst = "Cmp">   --->   Core 9 'Cmp' <Latency = 0> <II = 1> <Delay = 1.87> <FuncUnit> <Opcode : 'seteq' 'setne' 'setle' 'setge' 'setlt' 'setgt'> <InPorts = 2> <OutPorts = 1>
ST_1 : Operation 137 [1/1] (1.87ns)   --->   "%add_ln52 = add i7 %i, i7 1" [../src/sha256_top.c:52]   --->   Operation 137 'add' 'add_ln52' <Predicate = true> <Delay = 1.87> <CoreInst = "Adder">   --->   Core 1 'Adder' <Latency = 0> <II = 1> <Delay = 1.87> <FuncUnit> <Opcode : 'add' 'sub'> <InPorts = 2> <OutPorts = 1>
ST_1 : Operation 138 [1/1] (0.00ns)   --->   "%br_ln52 = br i1 %icmp_ln52, void %for.inc65.split, void %for.end67.exitStub" [../src/sha256_top.c:52]   --->   Operation 138 'br' 'br_ln52' <Predicate = true> <Delay = 0.00>
ST_1 : Operation 139 [1/1] (0.00ns)   --->   "%trunc_ln52 = trunc i7 %i" [../src/sha256_top.c:52]   --->   Operation 139 'trunc' 'trunc_ln52' <Predicate = (!icmp_ln52)> <Delay = 0.00>
ST_1 : Operation 140 [1/1] (0.00ns)   --->   "%specpipeline_ln52 = specpipeline void @_ssdm_op_SpecPipeline, i32 4294967295, i32 0, i32 0, i32 0, void @empty_0" [../src/sha256_top.c:52]   --->   Operation 140 'specpipeline' 'specpipeline_ln52' <Predicate = (!icmp_ln52)> <Delay = 0.00>
ST_1 : Operation 141 [1/1] (0.00ns)   --->   "%speclooptripcount_ln52 = speclooptripcount void @_ssdm_op_SpecLoopTripCount, i64 64, i64 64, i64 64" [../src/sha256_top.c:52]   --->   Operation 141 'speclooptripcount' 'speclooptripcount_ln52' <Predicate = (!icmp_ln52)> <Delay = 0.00>
ST_1 : Operation 142 [1/1] (0.00ns)   --->   "%specloopname_ln52 = specloopname void @_ssdm_op_SpecLoopName, void @empty_8" [../src/sha256_top.c:52]   --->   Operation 142 'specloopname' 'specloopname_ln52' <Predicate = (!icmp_ln52)> <Delay = 0.00>
ST_1 : Operation 143 [1/1] (1.82ns)   --->   "%switch_ln52 = switch i6 %trunc_ln52, void %arrayidx64.case.63, i6 0, void %arrayidx64.case.0, i6 1, void %arrayidx64.case.1, i6 2, void %arrayidx64.case.2, i6 3, void %arrayidx64.case.3, i6 4, void %arrayidx64.case.4, i6 5, void %arrayidx64.case.5, i6 6, void %arrayidx64.case.6, i6 7, void %arrayidx64.case.7, i6 8, void %arrayidx64.case.8, i6 9, void %arrayidx64.case.9, i6 10, void %arrayidx64.case.10, i6 11, void %arrayidx64.case.11, i6 12, void %arrayidx64.case.12, i6 13, void %arrayidx64.case.13, i6 14, void %arrayidx64.case.14, i6 15, void %arrayidx64.case.15, i6 16, void %arrayidx64.case.16, i6 17, void %arrayidx64.case.17, i6 18, void %arrayidx64.case.18, i6 19, void %arrayidx64.case.19, i6 20, void %arrayidx64.case.20, i6 21, void %arrayidx64.case.21, i6 22, void %arrayidx64.case.22, i6 23, void %arrayidx64.case.23, i6 24, void %arrayidx64.case.24, i6 25, void %arrayidx64.case.25, i6 26, void %arrayidx64.case.26, i6 27, void %arrayidx64.case.27, i6 28, void %arrayidx64.case.28, i6 29, void %arrayidx64.case.29, i6 30, void %arrayidx64.case.30, i6 31, void %arrayidx64.case.31, i6 32, void %arrayidx64.case.32, i6 33, void %arrayidx64.case.33, i6 34, void %arrayidx64.case.34, i6 35, void %arrayidx64.case.35, i6 36, void %arrayidx64.case.36, i6 37, void %arrayidx64.case.37, i6 38, void %arrayidx64.case.38, i6 39, void %arrayidx64.case.39, i6 40, void %arrayidx64.case.40, i6 41, void %arrayidx64.case.41, i6 42, void %arrayidx64.case.42, i6 43, void %arrayidx64.case.43, i6 44, void %arrayidx64.case.44, i6 45, void %arrayidx64.case.45, i6 46, void %arrayidx64.case.46, i6 47, void %arrayidx64.case.47, i6 48, void %arrayidx64.case.48, i6 49, void %arrayidx64.case.49, i6 50, void %arrayidx64.case.50, i6 51, void %arrayidx64.case.51, i6 52, void %arrayidx64.case.52, i6 53, void %arrayidx64.case.53, i6 54, void %arrayidx64.case.54, i6 55, void %arrayidx64.case.55, i6 56, void %arrayidx64.case.56, i6 57, void %arrayidx64.case.57, i6 58, void %arrayidx64.case.58, i6 59, void %arrayidx64.case.59, i6 60, void %arrayidx64.case.60, i6 61, void %arrayidx64.case.61, i6 62, void %for.inc65.split.arrayidx64.exit_crit_edge" [../src/sha256_top.c:52]   --->   Operation 143 'switch' 'switch_ln52' <Predicate = (!icmp_ln52)> <Delay = 1.82>
ST_1 : Operation 144 [1/1] (1.58ns)   --->   "%store_ln0 = store i8 0, i8 %in_data_128_out"   --->   Operation 144 'store' 'store_ln0' <Predicate = (!icmp_ln52 & trunc_ln52 == 62)> <Delay = 1.58>
ST_1 : Operation 145 [1/1] (0.00ns)   --->   "%br_ln52 = br void %arrayidx64.exit" [../src/sha256_top.c:52]   --->   Operation 145 'br' 'br_ln52' <Predicate = (!icmp_ln52 & trunc_ln52 == 62)> <Delay = 0.00>
ST_1 : Operation 146 [1/1] (1.58ns)   --->   "%store_ln0 = store i8 0, i8 %in_data_129_out"   --->   Operation 146 'store' 'store_ln0' <Predicate = (!icmp_ln52 & trunc_ln52 == 61)> <Delay = 1.58>
ST_1 : Operation 147 [1/1] (0.00ns)   --->   "%br_ln52 = br void %arrayidx64.exit" [../src/sha256_top.c:52]   --->   Operation 147 'br' 'br_ln52' <Predicate = (!icmp_ln52 & trunc_ln52 == 61)> <Delay = 0.00>
ST_1 : Operation 148 [1/1] (1.58ns)   --->   "%store_ln0 = store i8 0, i8 %in_data_130_out"   --->   Operation 148 'store' 'store_ln0' <Predicate = (!icmp_ln52 & trunc_ln52 == 60)> <Delay = 1.58>
ST_1 : Operation 149 [1/1] (0.00ns)   --->   "%br_ln52 = br void %arrayidx64.exit" [../src/sha256_top.c:52]   --->   Operation 149 'br' 'br_ln52' <Predicate = (!icmp_ln52 & trunc_ln52 == 60)> <Delay = 0.00>
ST_1 : Operation 150 [1/1] (1.58ns)   --->   "%store_ln0 = store i8 0, i8 %in_data_131_out"   --->   Operation 150 'store' 'store_ln0' <Predicate = (!icmp_ln52 & trunc_ln52 == 59)> <Delay = 1.58>
ST_1 : Operation 151 [1/1] (0.00ns)   --->   "%br_ln52 = br void %arrayidx64.exit" [../src/sha256_top.c:52]   --->   Operation 151 'br' 'br_ln52' <Predicate = (!icmp_ln52 & trunc_ln52 == 59)> <Delay = 0.00>
ST_1 : Operation 152 [1/1] (1.58ns)   --->   "%store_ln0 = store i8 0, i8 %in_data_132_out"   --->   Operation 152 'store' 'store_ln0' <Predicate = (!icmp_ln52 & trunc_ln52 == 58)> <Delay = 1.58>
ST_1 : Operation 153 [1/1] (0.00ns)   --->   "%br_ln52 = br void %arrayidx64.exit" [../src/sha256_top.c:52]   --->   Operation 153 'br' 'br_ln52' <Predicate = (!icmp_ln52 & trunc_ln52 == 58)> <Delay = 0.00>
ST_1 : Operation 154 [1/1] (1.58ns)   --->   "%store_ln0 = store i8 0, i8 %in_data_133_out"   --->   Operation 154 'store' 'store_ln0' <Predicate = (!icmp_ln52 & trunc_ln52 == 57)> <Delay = 1.58>
ST_1 : Operation 155 [1/1] (0.00ns)   --->   "%br_ln52 = br void %arrayidx64.exit" [../src/sha256_top.c:52]   --->   Operation 155 'br' 'br_ln52' <Predicate = (!icmp_ln52 & trunc_ln52 == 57)> <Delay = 0.00>
ST_1 : Operation 156 [1/1] (1.58ns)   --->   "%store_ln0 = store i8 0, i8 %in_data_134_out"   --->   Operation 156 'store' 'store_ln0' <Predicate = (!icmp_ln52 & trunc_ln52 == 56)> <Delay = 1.58>
ST_1 : Operation 157 [1/1] (0.00ns)   --->   "%br_ln52 = br void %arrayidx64.exit" [../src/sha256_top.c:52]   --->   Operation 157 'br' 'br_ln52' <Predicate = (!icmp_ln52 & trunc_ln52 == 56)> <Delay = 0.00>
ST_1 : Operation 158 [1/1] (1.58ns)   --->   "%store_ln0 = store i8 0, i8 %in_data_135_out"   --->   Operation 158 'store' 'store_ln0' <Predicate = (!icmp_ln52 & trunc_ln52 == 55)> <Delay = 1.58>
ST_1 : Operation 159 [1/1] (0.00ns)   --->   "%br_ln52 = br void %arrayidx64.exit" [../src/sha256_top.c:52]   --->   Operation 159 'br' 'br_ln52' <Predicate = (!icmp_ln52 & trunc_ln52 == 55)> <Delay = 0.00>
ST_1 : Operation 160 [1/1] (1.58ns)   --->   "%store_ln0 = store i8 0, i8 %in_data_136_out"   --->   Operation 160 'store' 'store_ln0' <Predicate = (!icmp_ln52 & trunc_ln52 == 54)> <Delay = 1.58>
ST_1 : Operation 161 [1/1] (0.00ns)   --->   "%br_ln52 = br void %arrayidx64.exit" [../src/sha256_top.c:52]   --->   Operation 161 'br' 'br_ln52' <Predicate = (!icmp_ln52 & trunc_ln52 == 54)> <Delay = 0.00>
ST_1 : Operation 162 [1/1] (1.58ns)   --->   "%store_ln0 = store i8 0, i8 %in_data_137_out"   --->   Operation 162 'store' 'store_ln0' <Predicate = (!icmp_ln52 & trunc_ln52 == 53)> <Delay = 1.58>
ST_1 : Operation 163 [1/1] (0.00ns)   --->   "%br_ln52 = br void %arrayidx64.exit" [../src/sha256_top.c:52]   --->   Operation 163 'br' 'br_ln52' <Predicate = (!icmp_ln52 & trunc_ln52 == 53)> <Delay = 0.00>
ST_1 : Operation 164 [1/1] (1.58ns)   --->   "%store_ln0 = store i8 0, i8 %in_data_138_out"   --->   Operation 164 'store' 'store_ln0' <Predicate = (!icmp_ln52 & trunc_ln52 == 52)> <Delay = 1.58>
ST_1 : Operation 165 [1/1] (0.00ns)   --->   "%br_ln52 = br void %arrayidx64.exit" [../src/sha256_top.c:52]   --->   Operation 165 'br' 'br_ln52' <Predicate = (!icmp_ln52 & trunc_ln52 == 52)> <Delay = 0.00>
ST_1 : Operation 166 [1/1] (1.58ns)   --->   "%store_ln0 = store i8 0, i8 %in_data_139_out"   --->   Operation 166 'store' 'store_ln0' <Predicate = (!icmp_ln52 & trunc_ln52 == 51)> <Delay = 1.58>
ST_1 : Operation 167 [1/1] (0.00ns)   --->   "%br_ln52 = br void %arrayidx64.exit" [../src/sha256_top.c:52]   --->   Operation 167 'br' 'br_ln52' <Predicate = (!icmp_ln52 & trunc_ln52 == 51)> <Delay = 0.00>
ST_1 : Operation 168 [1/1] (1.58ns)   --->   "%store_ln0 = store i8 0, i8 %in_data_140_out"   --->   Operation 168 'store' 'store_ln0' <Predicate = (!icmp_ln52 & trunc_ln52 == 50)> <Delay = 1.58>
ST_1 : Operation 169 [1/1] (0.00ns)   --->   "%br_ln52 = br void %arrayidx64.exit" [../src/sha256_top.c:52]   --->   Operation 169 'br' 'br_ln52' <Predicate = (!icmp_ln52 & trunc_ln52 == 50)> <Delay = 0.00>
ST_1 : Operation 170 [1/1] (1.58ns)   --->   "%store_ln0 = store i8 0, i8 %in_data_141_out"   --->   Operation 170 'store' 'store_ln0' <Predicate = (!icmp_ln52 & trunc_ln52 == 49)> <Delay = 1.58>
ST_1 : Operation 171 [1/1] (0.00ns)   --->   "%br_ln52 = br void %arrayidx64.exit" [../src/sha256_top.c:52]   --->   Operation 171 'br' 'br_ln52' <Predicate = (!icmp_ln52 & trunc_ln52 == 49)> <Delay = 0.00>
ST_1 : Operation 172 [1/1] (1.58ns)   --->   "%store_ln0 = store i8 0, i8 %in_data_142_out"   --->   Operation 172 'store' 'store_ln0' <Predicate = (!icmp_ln52 & trunc_ln52 == 48)> <Delay = 1.58>
ST_1 : Operation 173 [1/1] (0.00ns)   --->   "%br_ln52 = br void %arrayidx64.exit" [../src/sha256_top.c:52]   --->   Operation 173 'br' 'br_ln52' <Predicate = (!icmp_ln52 & trunc_ln52 == 48)> <Delay = 0.00>
ST_1 : Operation 174 [1/1] (1.58ns)   --->   "%store_ln0 = store i8 0, i8 %in_data_143_out"   --->   Operation 174 'store' 'store_ln0' <Predicate = (!icmp_ln52 & trunc_ln52 == 47)> <Delay = 1.58>
ST_1 : Operation 175 [1/1] (0.00ns)   --->   "%br_ln52 = br void %arrayidx64.exit" [../src/sha256_top.c:52]   --->   Operation 175 'br' 'br_ln52' <Predicate = (!icmp_ln52 & trunc_ln52 == 47)> <Delay = 0.00>
ST_1 : Operation 176 [1/1] (1.58ns)   --->   "%store_ln0 = store i8 0, i8 %in_data_144_out"   --->   Operation 176 'store' 'store_ln0' <Predicate = (!icmp_ln52 & trunc_ln52 == 46)> <Delay = 1.58>
ST_1 : Operation 177 [1/1] (0.00ns)   --->   "%br_ln52 = br void %arrayidx64.exit" [../src/sha256_top.c:52]   --->   Operation 177 'br' 'br_ln52' <Predicate = (!icmp_ln52 & trunc_ln52 == 46)> <Delay = 0.00>
ST_1 : Operation 178 [1/1] (1.58ns)   --->   "%store_ln0 = store i8 0, i8 %in_data_145_out"   --->   Operation 178 'store' 'store_ln0' <Predicate = (!icmp_ln52 & trunc_ln52 == 45)> <Delay = 1.58>
ST_1 : Operation 179 [1/1] (0.00ns)   --->   "%br_ln52 = br void %arrayidx64.exit" [../src/sha256_top.c:52]   --->   Operation 179 'br' 'br_ln52' <Predicate = (!icmp_ln52 & trunc_ln52 == 45)> <Delay = 0.00>
ST_1 : Operation 180 [1/1] (1.58ns)   --->   "%store_ln0 = store i8 0, i8 %in_data_146_out"   --->   Operation 180 'store' 'store_ln0' <Predicate = (!icmp_ln52 & trunc_ln52 == 44)> <Delay = 1.58>
ST_1 : Operation 181 [1/1] (0.00ns)   --->   "%br_ln52 = br void %arrayidx64.exit" [../src/sha256_top.c:52]   --->   Operation 181 'br' 'br_ln52' <Predicate = (!icmp_ln52 & trunc_ln52 == 44)> <Delay = 0.00>
ST_1 : Operation 182 [1/1] (1.58ns)   --->   "%store_ln0 = store i8 0, i8 %in_data_147_out"   --->   Operation 182 'store' 'store_ln0' <Predicate = (!icmp_ln52 & trunc_ln52 == 43)> <Delay = 1.58>
ST_1 : Operation 183 [1/1] (0.00ns)   --->   "%br_ln52 = br void %arrayidx64.exit" [../src/sha256_top.c:52]   --->   Operation 183 'br' 'br_ln52' <Predicate = (!icmp_ln52 & trunc_ln52 == 43)> <Delay = 0.00>
ST_1 : Operation 184 [1/1] (1.58ns)   --->   "%store_ln0 = store i8 0, i8 %in_data_148_out"   --->   Operation 184 'store' 'store_ln0' <Predicate = (!icmp_ln52 & trunc_ln52 == 42)> <Delay = 1.58>
ST_1 : Operation 185 [1/1] (0.00ns)   --->   "%br_ln52 = br void %arrayidx64.exit" [../src/sha256_top.c:52]   --->   Operation 185 'br' 'br_ln52' <Predicate = (!icmp_ln52 & trunc_ln52 == 42)> <Delay = 0.00>
ST_1 : Operation 186 [1/1] (1.58ns)   --->   "%store_ln0 = store i8 0, i8 %in_data_149_out"   --->   Operation 186 'store' 'store_ln0' <Predicate = (!icmp_ln52 & trunc_ln52 == 41)> <Delay = 1.58>
ST_1 : Operation 187 [1/1] (0.00ns)   --->   "%br_ln52 = br void %arrayidx64.exit" [../src/sha256_top.c:52]   --->   Operation 187 'br' 'br_ln52' <Predicate = (!icmp_ln52 & trunc_ln52 == 41)> <Delay = 0.00>
ST_1 : Operation 188 [1/1] (1.58ns)   --->   "%store_ln0 = store i8 0, i8 %in_data_150_out"   --->   Operation 188 'store' 'store_ln0' <Predicate = (!icmp_ln52 & trunc_ln52 == 40)> <Delay = 1.58>
ST_1 : Operation 189 [1/1] (0.00ns)   --->   "%br_ln52 = br void %arrayidx64.exit" [../src/sha256_top.c:52]   --->   Operation 189 'br' 'br_ln52' <Predicate = (!icmp_ln52 & trunc_ln52 == 40)> <Delay = 0.00>
ST_1 : Operation 190 [1/1] (1.58ns)   --->   "%store_ln0 = store i8 0, i8 %in_data_151_out"   --->   Operation 190 'store' 'store_ln0' <Predicate = (!icmp_ln52 & trunc_ln52 == 39)> <Delay = 1.58>
ST_1 : Operation 191 [1/1] (0.00ns)   --->   "%br_ln52 = br void %arrayidx64.exit" [../src/sha256_top.c:52]   --->   Operation 191 'br' 'br_ln52' <Predicate = (!icmp_ln52 & trunc_ln52 == 39)> <Delay = 0.00>
ST_1 : Operation 192 [1/1] (1.58ns)   --->   "%store_ln0 = store i8 0, i8 %in_data_152_out"   --->   Operation 192 'store' 'store_ln0' <Predicate = (!icmp_ln52 & trunc_ln52 == 38)> <Delay = 1.58>
ST_1 : Operation 193 [1/1] (0.00ns)   --->   "%br_ln52 = br void %arrayidx64.exit" [../src/sha256_top.c:52]   --->   Operation 193 'br' 'br_ln52' <Predicate = (!icmp_ln52 & trunc_ln52 == 38)> <Delay = 0.00>
ST_1 : Operation 194 [1/1] (1.58ns)   --->   "%store_ln0 = store i8 0, i8 %in_data_153_out"   --->   Operation 194 'store' 'store_ln0' <Predicate = (!icmp_ln52 & trunc_ln52 == 37)> <Delay = 1.58>
ST_1 : Operation 195 [1/1] (0.00ns)   --->   "%br_ln52 = br void %arrayidx64.exit" [../src/sha256_top.c:52]   --->   Operation 195 'br' 'br_ln52' <Predicate = (!icmp_ln52 & trunc_ln52 == 37)> <Delay = 0.00>
ST_1 : Operation 196 [1/1] (1.58ns)   --->   "%store_ln0 = store i8 0, i8 %in_data_154_out"   --->   Operation 196 'store' 'store_ln0' <Predicate = (!icmp_ln52 & trunc_ln52 == 36)> <Delay = 1.58>
ST_1 : Operation 197 [1/1] (0.00ns)   --->   "%br_ln52 = br void %arrayidx64.exit" [../src/sha256_top.c:52]   --->   Operation 197 'br' 'br_ln52' <Predicate = (!icmp_ln52 & trunc_ln52 == 36)> <Delay = 0.00>
ST_1 : Operation 198 [1/1] (1.58ns)   --->   "%store_ln0 = store i8 0, i8 %in_data_155_out"   --->   Operation 198 'store' 'store_ln0' <Predicate = (!icmp_ln52 & trunc_ln52 == 35)> <Delay = 1.58>
ST_1 : Operation 199 [1/1] (0.00ns)   --->   "%br_ln52 = br void %arrayidx64.exit" [../src/sha256_top.c:52]   --->   Operation 199 'br' 'br_ln52' <Predicate = (!icmp_ln52 & trunc_ln52 == 35)> <Delay = 0.00>
ST_1 : Operation 200 [1/1] (1.58ns)   --->   "%store_ln0 = store i8 0, i8 %in_data_156_out"   --->   Operation 200 'store' 'store_ln0' <Predicate = (!icmp_ln52 & trunc_ln52 == 34)> <Delay = 1.58>
ST_1 : Operation 201 [1/1] (0.00ns)   --->   "%br_ln52 = br void %arrayidx64.exit" [../src/sha256_top.c:52]   --->   Operation 201 'br' 'br_ln52' <Predicate = (!icmp_ln52 & trunc_ln52 == 34)> <Delay = 0.00>
ST_1 : Operation 202 [1/1] (1.58ns)   --->   "%store_ln0 = store i8 0, i8 %in_data_157_out"   --->   Operation 202 'store' 'store_ln0' <Predicate = (!icmp_ln52 & trunc_ln52 == 33)> <Delay = 1.58>
ST_1 : Operation 203 [1/1] (0.00ns)   --->   "%br_ln52 = br void %arrayidx64.exit" [../src/sha256_top.c:52]   --->   Operation 203 'br' 'br_ln52' <Predicate = (!icmp_ln52 & trunc_ln52 == 33)> <Delay = 0.00>
ST_1 : Operation 204 [1/1] (1.58ns)   --->   "%store_ln0 = store i8 0, i8 %in_data_158_out"   --->   Operation 204 'store' 'store_ln0' <Predicate = (!icmp_ln52 & trunc_ln52 == 32)> <Delay = 1.58>
ST_1 : Operation 205 [1/1] (0.00ns)   --->   "%br_ln52 = br void %arrayidx64.exit" [../src/sha256_top.c:52]   --->   Operation 205 'br' 'br_ln52' <Predicate = (!icmp_ln52 & trunc_ln52 == 32)> <Delay = 0.00>
ST_1 : Operation 206 [1/1] (1.58ns)   --->   "%store_ln0 = store i8 0, i8 %in_data_159_out"   --->   Operation 206 'store' 'store_ln0' <Predicate = (!icmp_ln52 & trunc_ln52 == 31)> <Delay = 1.58>
ST_1 : Operation 207 [1/1] (0.00ns)   --->   "%br_ln52 = br void %arrayidx64.exit" [../src/sha256_top.c:52]   --->   Operation 207 'br' 'br_ln52' <Predicate = (!icmp_ln52 & trunc_ln52 == 31)> <Delay = 0.00>
ST_1 : Operation 208 [1/1] (1.58ns)   --->   "%store_ln0 = store i8 0, i8 %in_data_160_out"   --->   Operation 208 'store' 'store_ln0' <Predicate = (!icmp_ln52 & trunc_ln52 == 30)> <Delay = 1.58>
ST_1 : Operation 209 [1/1] (0.00ns)   --->   "%br_ln52 = br void %arrayidx64.exit" [../src/sha256_top.c:52]   --->   Operation 209 'br' 'br_ln52' <Predicate = (!icmp_ln52 & trunc_ln52 == 30)> <Delay = 0.00>
ST_1 : Operation 210 [1/1] (1.58ns)   --->   "%store_ln0 = store i8 0, i8 %in_data_161_out"   --->   Operation 210 'store' 'store_ln0' <Predicate = (!icmp_ln52 & trunc_ln52 == 29)> <Delay = 1.58>
ST_1 : Operation 211 [1/1] (0.00ns)   --->   "%br_ln52 = br void %arrayidx64.exit" [../src/sha256_top.c:52]   --->   Operation 211 'br' 'br_ln52' <Predicate = (!icmp_ln52 & trunc_ln52 == 29)> <Delay = 0.00>
ST_1 : Operation 212 [1/1] (1.58ns)   --->   "%store_ln0 = store i8 0, i8 %in_data_162_out"   --->   Operation 212 'store' 'store_ln0' <Predicate = (!icmp_ln52 & trunc_ln52 == 28)> <Delay = 1.58>
ST_1 : Operation 213 [1/1] (0.00ns)   --->   "%br_ln52 = br void %arrayidx64.exit" [../src/sha256_top.c:52]   --->   Operation 213 'br' 'br_ln52' <Predicate = (!icmp_ln52 & trunc_ln52 == 28)> <Delay = 0.00>
ST_1 : Operation 214 [1/1] (1.58ns)   --->   "%store_ln0 = store i8 0, i8 %in_data_163_out"   --->   Operation 214 'store' 'store_ln0' <Predicate = (!icmp_ln52 & trunc_ln52 == 27)> <Delay = 1.58>
ST_1 : Operation 215 [1/1] (0.00ns)   --->   "%br_ln52 = br void %arrayidx64.exit" [../src/sha256_top.c:52]   --->   Operation 215 'br' 'br_ln52' <Predicate = (!icmp_ln52 & trunc_ln52 == 27)> <Delay = 0.00>
ST_1 : Operation 216 [1/1] (1.58ns)   --->   "%store_ln0 = store i8 0, i8 %in_data_164_out"   --->   Operation 216 'store' 'store_ln0' <Predicate = (!icmp_ln52 & trunc_ln52 == 26)> <Delay = 1.58>
ST_1 : Operation 217 [1/1] (0.00ns)   --->   "%br_ln52 = br void %arrayidx64.exit" [../src/sha256_top.c:52]   --->   Operation 217 'br' 'br_ln52' <Predicate = (!icmp_ln52 & trunc_ln52 == 26)> <Delay = 0.00>
ST_1 : Operation 218 [1/1] (1.58ns)   --->   "%store_ln0 = store i8 0, i8 %in_data_165_out"   --->   Operation 218 'store' 'store_ln0' <Predicate = (!icmp_ln52 & trunc_ln52 == 25)> <Delay = 1.58>
ST_1 : Operation 219 [1/1] (0.00ns)   --->   "%br_ln52 = br void %arrayidx64.exit" [../src/sha256_top.c:52]   --->   Operation 219 'br' 'br_ln52' <Predicate = (!icmp_ln52 & trunc_ln52 == 25)> <Delay = 0.00>
ST_1 : Operation 220 [1/1] (1.58ns)   --->   "%store_ln0 = store i8 0, i8 %in_data_166_out"   --->   Operation 220 'store' 'store_ln0' <Predicate = (!icmp_ln52 & trunc_ln52 == 24)> <Delay = 1.58>
ST_1 : Operation 221 [1/1] (0.00ns)   --->   "%br_ln52 = br void %arrayidx64.exit" [../src/sha256_top.c:52]   --->   Operation 221 'br' 'br_ln52' <Predicate = (!icmp_ln52 & trunc_ln52 == 24)> <Delay = 0.00>
ST_1 : Operation 222 [1/1] (1.58ns)   --->   "%store_ln0 = store i8 0, i8 %in_data_167_out"   --->   Operation 222 'store' 'store_ln0' <Predicate = (!icmp_ln52 & trunc_ln52 == 23)> <Delay = 1.58>
ST_1 : Operation 223 [1/1] (0.00ns)   --->   "%br_ln52 = br void %arrayidx64.exit" [../src/sha256_top.c:52]   --->   Operation 223 'br' 'br_ln52' <Predicate = (!icmp_ln52 & trunc_ln52 == 23)> <Delay = 0.00>
ST_1 : Operation 224 [1/1] (1.58ns)   --->   "%store_ln0 = store i8 0, i8 %in_data_168_out"   --->   Operation 224 'store' 'store_ln0' <Predicate = (!icmp_ln52 & trunc_ln52 == 22)> <Delay = 1.58>
ST_1 : Operation 225 [1/1] (0.00ns)   --->   "%br_ln52 = br void %arrayidx64.exit" [../src/sha256_top.c:52]   --->   Operation 225 'br' 'br_ln52' <Predicate = (!icmp_ln52 & trunc_ln52 == 22)> <Delay = 0.00>
ST_1 : Operation 226 [1/1] (1.58ns)   --->   "%store_ln0 = store i8 0, i8 %in_data_169_out"   --->   Operation 226 'store' 'store_ln0' <Predicate = (!icmp_ln52 & trunc_ln52 == 21)> <Delay = 1.58>
ST_1 : Operation 227 [1/1] (0.00ns)   --->   "%br_ln52 = br void %arrayidx64.exit" [../src/sha256_top.c:52]   --->   Operation 227 'br' 'br_ln52' <Predicate = (!icmp_ln52 & trunc_ln52 == 21)> <Delay = 0.00>
ST_1 : Operation 228 [1/1] (1.58ns)   --->   "%store_ln0 = store i8 0, i8 %in_data_170_out"   --->   Operation 228 'store' 'store_ln0' <Predicate = (!icmp_ln52 & trunc_ln52 == 20)> <Delay = 1.58>
ST_1 : Operation 229 [1/1] (0.00ns)   --->   "%br_ln52 = br void %arrayidx64.exit" [../src/sha256_top.c:52]   --->   Operation 229 'br' 'br_ln52' <Predicate = (!icmp_ln52 & trunc_ln52 == 20)> <Delay = 0.00>
ST_1 : Operation 230 [1/1] (1.58ns)   --->   "%store_ln0 = store i8 0, i8 %in_data_171_out"   --->   Operation 230 'store' 'store_ln0' <Predicate = (!icmp_ln52 & trunc_ln52 == 19)> <Delay = 1.58>
ST_1 : Operation 231 [1/1] (0.00ns)   --->   "%br_ln52 = br void %arrayidx64.exit" [../src/sha256_top.c:52]   --->   Operation 231 'br' 'br_ln52' <Predicate = (!icmp_ln52 & trunc_ln52 == 19)> <Delay = 0.00>
ST_1 : Operation 232 [1/1] (1.58ns)   --->   "%store_ln0 = store i8 0, i8 %in_data_172_out"   --->   Operation 232 'store' 'store_ln0' <Predicate = (!icmp_ln52 & trunc_ln52 == 18)> <Delay = 1.58>
ST_1 : Operation 233 [1/1] (0.00ns)   --->   "%br_ln52 = br void %arrayidx64.exit" [../src/sha256_top.c:52]   --->   Operation 233 'br' 'br_ln52' <Predicate = (!icmp_ln52 & trunc_ln52 == 18)> <Delay = 0.00>
ST_1 : Operation 234 [1/1] (1.58ns)   --->   "%store_ln0 = store i8 0, i8 %in_data_173_out"   --->   Operation 234 'store' 'store_ln0' <Predicate = (!icmp_ln52 & trunc_ln52 == 17)> <Delay = 1.58>
ST_1 : Operation 235 [1/1] (0.00ns)   --->   "%br_ln52 = br void %arrayidx64.exit" [../src/sha256_top.c:52]   --->   Operation 235 'br' 'br_ln52' <Predicate = (!icmp_ln52 & trunc_ln52 == 17)> <Delay = 0.00>
ST_1 : Operation 236 [1/1] (1.58ns)   --->   "%store_ln0 = store i8 0, i8 %in_data_174_out"   --->   Operation 236 'store' 'store_ln0' <Predicate = (!icmp_ln52 & trunc_ln52 == 16)> <Delay = 1.58>
ST_1 : Operation 237 [1/1] (0.00ns)   --->   "%br_ln52 = br void %arrayidx64.exit" [../src/sha256_top.c:52]   --->   Operation 237 'br' 'br_ln52' <Predicate = (!icmp_ln52 & trunc_ln52 == 16)> <Delay = 0.00>
ST_1 : Operation 238 [1/1] (1.58ns)   --->   "%store_ln0 = store i8 0, i8 %in_data_175_out"   --->   Operation 238 'store' 'store_ln0' <Predicate = (!icmp_ln52 & trunc_ln52 == 15)> <Delay = 1.58>
ST_1 : Operation 239 [1/1] (0.00ns)   --->   "%br_ln52 = br void %arrayidx64.exit" [../src/sha256_top.c:52]   --->   Operation 239 'br' 'br_ln52' <Predicate = (!icmp_ln52 & trunc_ln52 == 15)> <Delay = 0.00>
ST_1 : Operation 240 [1/1] (1.58ns)   --->   "%store_ln0 = store i8 0, i8 %in_data_176_out"   --->   Operation 240 'store' 'store_ln0' <Predicate = (!icmp_ln52 & trunc_ln52 == 14)> <Delay = 1.58>
ST_1 : Operation 241 [1/1] (0.00ns)   --->   "%br_ln52 = br void %arrayidx64.exit" [../src/sha256_top.c:52]   --->   Operation 241 'br' 'br_ln52' <Predicate = (!icmp_ln52 & trunc_ln52 == 14)> <Delay = 0.00>
ST_1 : Operation 242 [1/1] (1.58ns)   --->   "%store_ln0 = store i8 0, i8 %in_data_177_out"   --->   Operation 242 'store' 'store_ln0' <Predicate = (!icmp_ln52 & trunc_ln52 == 13)> <Delay = 1.58>
ST_1 : Operation 243 [1/1] (0.00ns)   --->   "%br_ln52 = br void %arrayidx64.exit" [../src/sha256_top.c:52]   --->   Operation 243 'br' 'br_ln52' <Predicate = (!icmp_ln52 & trunc_ln52 == 13)> <Delay = 0.00>
ST_1 : Operation 244 [1/1] (1.58ns)   --->   "%store_ln0 = store i8 0, i8 %in_data_178_out"   --->   Operation 244 'store' 'store_ln0' <Predicate = (!icmp_ln52 & trunc_ln52 == 12)> <Delay = 1.58>
ST_1 : Operation 245 [1/1] (0.00ns)   --->   "%br_ln52 = br void %arrayidx64.exit" [../src/sha256_top.c:52]   --->   Operation 245 'br' 'br_ln52' <Predicate = (!icmp_ln52 & trunc_ln52 == 12)> <Delay = 0.00>
ST_1 : Operation 246 [1/1] (1.58ns)   --->   "%store_ln0 = store i8 0, i8 %in_data_179_out"   --->   Operation 246 'store' 'store_ln0' <Predicate = (!icmp_ln52 & trunc_ln52 == 11)> <Delay = 1.58>
ST_1 : Operation 247 [1/1] (0.00ns)   --->   "%br_ln52 = br void %arrayidx64.exit" [../src/sha256_top.c:52]   --->   Operation 247 'br' 'br_ln52' <Predicate = (!icmp_ln52 & trunc_ln52 == 11)> <Delay = 0.00>
ST_1 : Operation 248 [1/1] (1.58ns)   --->   "%store_ln0 = store i8 0, i8 %in_data_180_out"   --->   Operation 248 'store' 'store_ln0' <Predicate = (!icmp_ln52 & trunc_ln52 == 10)> <Delay = 1.58>
ST_1 : Operation 249 [1/1] (0.00ns)   --->   "%br_ln52 = br void %arrayidx64.exit" [../src/sha256_top.c:52]   --->   Operation 249 'br' 'br_ln52' <Predicate = (!icmp_ln52 & trunc_ln52 == 10)> <Delay = 0.00>
ST_1 : Operation 250 [1/1] (1.58ns)   --->   "%store_ln0 = store i8 0, i8 %in_data_181_out"   --->   Operation 250 'store' 'store_ln0' <Predicate = (!icmp_ln52 & trunc_ln52 == 9)> <Delay = 1.58>
ST_1 : Operation 251 [1/1] (0.00ns)   --->   "%br_ln52 = br void %arrayidx64.exit" [../src/sha256_top.c:52]   --->   Operation 251 'br' 'br_ln52' <Predicate = (!icmp_ln52 & trunc_ln52 == 9)> <Delay = 0.00>
ST_1 : Operation 252 [1/1] (1.58ns)   --->   "%store_ln0 = store i8 0, i8 %in_data_182_out"   --->   Operation 252 'store' 'store_ln0' <Predicate = (!icmp_ln52 & trunc_ln52 == 8)> <Delay = 1.58>
ST_1 : Operation 253 [1/1] (0.00ns)   --->   "%br_ln52 = br void %arrayidx64.exit" [../src/sha256_top.c:52]   --->   Operation 253 'br' 'br_ln52' <Predicate = (!icmp_ln52 & trunc_ln52 == 8)> <Delay = 0.00>
ST_1 : Operation 254 [1/1] (1.58ns)   --->   "%store_ln0 = store i8 0, i8 %in_data_183_out"   --->   Operation 254 'store' 'store_ln0' <Predicate = (!icmp_ln52 & trunc_ln52 == 7)> <Delay = 1.58>
ST_1 : Operation 255 [1/1] (0.00ns)   --->   "%br_ln52 = br void %arrayidx64.exit" [../src/sha256_top.c:52]   --->   Operation 255 'br' 'br_ln52' <Predicate = (!icmp_ln52 & trunc_ln52 == 7)> <Delay = 0.00>
ST_1 : Operation 256 [1/1] (1.58ns)   --->   "%store_ln0 = store i8 0, i8 %in_data_184_out"   --->   Operation 256 'store' 'store_ln0' <Predicate = (!icmp_ln52 & trunc_ln52 == 6)> <Delay = 1.58>
ST_1 : Operation 257 [1/1] (0.00ns)   --->   "%br_ln52 = br void %arrayidx64.exit" [../src/sha256_top.c:52]   --->   Operation 257 'br' 'br_ln52' <Predicate = (!icmp_ln52 & trunc_ln52 == 6)> <Delay = 0.00>
ST_1 : Operation 258 [1/1] (1.58ns)   --->   "%store_ln0 = store i8 0, i8 %in_data_185_out"   --->   Operation 258 'store' 'store_ln0' <Predicate = (!icmp_ln52 & trunc_ln52 == 5)> <Delay = 1.58>
ST_1 : Operation 259 [1/1] (0.00ns)   --->   "%br_ln52 = br void %arrayidx64.exit" [../src/sha256_top.c:52]   --->   Operation 259 'br' 'br_ln52' <Predicate = (!icmp_ln52 & trunc_ln52 == 5)> <Delay = 0.00>
ST_1 : Operation 260 [1/1] (1.58ns)   --->   "%store_ln0 = store i8 0, i8 %in_data_186_out"   --->   Operation 260 'store' 'store_ln0' <Predicate = (!icmp_ln52 & trunc_ln52 == 4)> <Delay = 1.58>
ST_1 : Operation 261 [1/1] (0.00ns)   --->   "%br_ln52 = br void %arrayidx64.exit" [../src/sha256_top.c:52]   --->   Operation 261 'br' 'br_ln52' <Predicate = (!icmp_ln52 & trunc_ln52 == 4)> <Delay = 0.00>
ST_1 : Operation 262 [1/1] (1.58ns)   --->   "%store_ln0 = store i8 0, i8 %in_data_187_out"   --->   Operation 262 'store' 'store_ln0' <Predicate = (!icmp_ln52 & trunc_ln52 == 3)> <Delay = 1.58>
ST_1 : Operation 263 [1/1] (0.00ns)   --->   "%br_ln52 = br void %arrayidx64.exit" [../src/sha256_top.c:52]   --->   Operation 263 'br' 'br_ln52' <Predicate = (!icmp_ln52 & trunc_ln52 == 3)> <Delay = 0.00>
ST_1 : Operation 264 [1/1] (1.58ns)   --->   "%store_ln0 = store i8 0, i8 %in_data_188_out"   --->   Operation 264 'store' 'store_ln0' <Predicate = (!icmp_ln52 & trunc_ln52 == 2)> <Delay = 1.58>
ST_1 : Operation 265 [1/1] (0.00ns)   --->   "%br_ln52 = br void %arrayidx64.exit" [../src/sha256_top.c:52]   --->   Operation 265 'br' 'br_ln52' <Predicate = (!icmp_ln52 & trunc_ln52 == 2)> <Delay = 0.00>
ST_1 : Operation 266 [1/1] (1.58ns)   --->   "%store_ln0 = store i8 0, i8 %in_data_189_out"   --->   Operation 266 'store' 'store_ln0' <Predicate = (!icmp_ln52 & trunc_ln52 == 1)> <Delay = 1.58>
ST_1 : Operation 267 [1/1] (0.00ns)   --->   "%br_ln52 = br void %arrayidx64.exit" [../src/sha256_top.c:52]   --->   Operation 267 'br' 'br_ln52' <Predicate = (!icmp_ln52 & trunc_ln52 == 1)> <Delay = 0.00>
ST_1 : Operation 268 [1/1] (1.58ns)   --->   "%store_ln0 = store i8 0, i8 %in_data_190_out"   --->   Operation 268 'store' 'store_ln0' <Predicate = (!icmp_ln52 & trunc_ln52 == 0)> <Delay = 1.58>
ST_1 : Operation 269 [1/1] (0.00ns)   --->   "%br_ln52 = br void %arrayidx64.exit" [../src/sha256_top.c:52]   --->   Operation 269 'br' 'br_ln52' <Predicate = (!icmp_ln52 & trunc_ln52 == 0)> <Delay = 0.00>
ST_1 : Operation 270 [1/1] (1.58ns)   --->   "%store_ln0 = store i8 0, i8 %in_data_191_out"   --->   Operation 270 'store' 'store_ln0' <Predicate = (!icmp_ln52 & trunc_ln52 == 63)> <Delay = 1.58>
ST_1 : Operation 271 [1/1] (0.00ns)   --->   "%br_ln52 = br void %arrayidx64.exit" [../src/sha256_top.c:52]   --->   Operation 271 'br' 'br_ln52' <Predicate = (!icmp_ln52 & trunc_ln52 == 63)> <Delay = 0.00>
ST_1 : Operation 272 [1/1] (1.58ns)   --->   "%store_ln52 = store i7 %add_ln52, i7 %i_2" [../src/sha256_top.c:52]   --->   Operation 272 'store' 'store_ln52' <Predicate = (!icmp_ln52)> <Delay = 1.58>
ST_1 : Operation 273 [1/1] (0.00ns)   --->   "%br_ln52 = br void %for.inc65" [../src/sha256_top.c:52]   --->   Operation 273 'br' 'br_ln52' <Predicate = (!icmp_ln52)> <Delay = 0.00>
ST_1 : Operation 274 [1/1] (1.58ns)   --->   "%ret_ln0 = ret"   --->   Operation 274 'ret' 'ret_ln0' <Predicate = (icmp_ln52)> <Delay = 1.58>


============================================================
+ Verbose Summary: Timing violations
============================================================
Target clock period: 10.000ns, clock uncertainty: 2.700ns.

 <State 1>: 5.046ns
The critical path consists of the following:
	'store' operation 0 bit ('store_ln52', ../src/sha256_top.c:52) of constant 0 on local variable 'i', ../src/sha256_top.c:52 [258]  (1.588 ns)
	'load' operation 7 bit ('i', ../src/sha256_top.c:52) on local variable 'i', ../src/sha256_top.c:52 [261]  (0.000 ns)
	'add' operation 7 bit ('add_ln52', ../src/sha256_top.c:52) [263]  (1.870 ns)
	'store' operation 0 bit ('store_ln52', ../src/sha256_top.c:52) of variable 'add_ln52', ../src/sha256_top.c:52 on local variable 'i', ../src/sha256_top.c:52 [464]  (1.588 ns)


============================================================
+ Verbose Summary: Binding
============================================================
N/A
* FSMD analyzer results:
  - Output states:
 - Input state : 
  - Chain level:
	State 1


============================================================
+ Verbose Summary: Datapath Resource usage 
============================================================
N/A
