

================================================================
== Vitis HLS Report for 'sha256_final_Pipeline_VITIS_LOOP_111_3'
================================================================
* Date:           Mon Jun  9 16:12:54 2025

* Version:        2024.2 (Build 5238294 on Nov  8 2024)
* Project:        sha256_top
* Solution:       hls (Vivado IP Flow Target)
* Product family: zynq
* Target device:  xc7z020-clg484-1


================================================================
== Performance Estimates
================================================================
+ Timing: 
    * Summary: 
    +--------+----------+----------+------------+
    |  Clock |  Target  | Estimated| Uncertainty|
    +--------+----------+----------+------------+
    |ap_clk  |  10.00 ns|  5.001 ns|     2.70 ns|
    +--------+----------+----------+------------+

+ Latency: 
    * Summary: 
    +---------+---------+----------+----------+-----+-----+------------------------------------------------+
    |  Latency (cycles) |  Latency (absolute) |  Interval |                    Pipeline                    |
    |   min   |   max   |    min   |    max   | min | max |                      Type                      |
    +---------+---------+----------+----------+-----+-----+------------------------------------------------+
    |       58|       58|  0.580 us|  0.580 us|   57|   57|  loop auto-rewind stp (delay=0 clock cycles(s))|
    +---------+---------+----------+----------+-----+-----+------------------------------------------------+

    + Detail: 
        * Instance: 
        N/A

        * Loop: 
        +--------------------+---------+---------+----------+-----------+-----------+------+----------+
        |                    |  Latency (cycles) | Iteration|  Initiation Interval  | Trip |          |
        |      Loop Name     |   min   |   max   |  Latency |  achieved |   target  | Count| Pipelined|
        +--------------------+---------+---------+----------+-----------+-----------+------+----------+
        |- VITIS_LOOP_111_3  |       56|       56|         1|          1|          1|    56|       yes|
        +--------------------+---------+---------+----------+-----------+-----------+------+----------+

============================================================
+ Verbose Summary: Synthesis Manager
============================================================
InlineROM: 1
ExposeGlobal: 0
============================================================
+ Verbose Summary: CDFG Model
============================================================
IsTopModel: 0
ResetActiveHigh: 1
IsCombinational: 0
IsDatapathOnly: 0
HasWiredReturn: 1
HasMFsm: 2
HasVarLatency: 1
IsPipeline: 0
IsRtlPipelined: 0
IsInstanceOverlapped: 0
IsDontTouch: 0
HasImplIP: 0
IsGatedGlobalClock: 0

+ Individual pipeline summary: 
  * Pipeline-0: initiation interval (II) = 1, depth = 1


============================================================
+ Verbose Summary: Schedule
============================================================
* Number of FSM states : 1
* Pipeline : 1
  Pipeline-0 : II = 1, D = 1, States = { 1 }
* Dataflow Pipeline: 0

* FSM state transitions: 
1 --> 

* FSM state operations: 

State 1 <SV = 0> <Delay = 5.00>
ST_1 : Operation 4 [1/1] (0.00ns)   --->   "%j = alloca i32 1" [../src/sha256.c:98]   --->   Operation 4 'alloca' 'j' <Predicate = true> <Delay = 0.00>
ST_1 : Operation 5 [1/1] (1.58ns)   --->   "%store_ln98 = store i6 0, i6 %j" [../src/sha256.c:98]   --->   Operation 5 'store' 'store_ln98' <Predicate = true> <Delay = 1.58>
ST_1 : Operation 6 [1/1] (0.00ns)   --->   "%br_ln0 = br void %for.inc"   --->   Operation 6 'br' 'br_ln0' <Predicate = true> <Delay = 0.00>
ST_1 : Operation 7 [1/1] (0.00ns)   --->   "%j_1 = load i6 %j" [../src/sha256.c:111]   --->   Operation 7 'load' 'j_1' <Predicate = true> <Delay = 0.00>
ST_1 : Operation 8 [1/1] (1.82ns)   --->   "%icmp_ln111 = icmp_eq  i6 %j_1, i6 56" [../src/sha256.c:111]   --->   Operation 8 'icmp' 'icmp_ln111' <Predicate = true> <Delay = 1.82> <CoreInst = "Cmp">   --->   Core 9 'Cmp' <Latency = 0> <II = 1> <Delay = 1.82> <FuncUnit> <Opcode : 'seteq' 'setne' 'setle' 'setge' 'setlt' 'setgt'> <InPorts = 2> <OutPorts = 1>
ST_1 : Operation 9 [1/1] (1.82ns)   --->   "%add_ln111 = add i6 %j_1, i6 1" [../src/sha256.c:111]   --->   Operation 9 'add' 'add_ln111' <Predicate = true> <Delay = 1.82> <CoreInst = "Adder">   --->   Core 1 'Adder' <Latency = 0> <II = 1> <Delay = 1.82> <FuncUnit> <Opcode : 'add' 'sub'> <InPorts = 2> <OutPorts = 1>
ST_1 : Operation 10 [1/1] (0.00ns)   --->   "%br_ln111 = br i1 %icmp_ln111, void %for.inc.split, void %if.end.loopexit.exitStub" [../src/sha256.c:111]   --->   Operation 10 'br' 'br_ln111' <Predicate = true> <Delay = 0.00>
ST_1 : Operation 11 [1/1] (0.00ns)   --->   "%specpipeline_ln98 = specpipeline void @_ssdm_op_SpecPipeline, i32 4294967295, i32 0, i32 0, i32 0, void @empty_0" [../src/sha256.c:98]   --->   Operation 11 'specpipeline' 'specpipeline_ln98' <Predicate = (!icmp_ln111)> <Delay = 0.00>
ST_1 : Operation 12 [1/1] (0.00ns)   --->   "%speclooptripcount_ln98 = speclooptripcount void @_ssdm_op_SpecLoopTripCount, i64 56, i64 56, i64 56" [../src/sha256.c:98]   --->   Operation 12 'speclooptripcount' 'speclooptripcount_ln98' <Predicate = (!icmp_ln111)> <Delay = 0.00>
ST_1 : Operation 13 [1/1] (0.00ns)   --->   "%specloopname_ln111 = specloopname void @_ssdm_op_SpecLoopName, void @empty_12" [../src/sha256.c:111]   --->   Operation 13 'specloopname' 'specloopname_ln111' <Predicate = (!icmp_ln111)> <Delay = 0.00>
ST_1 : Operation 14 [1/1] (1.82ns)   --->   "%switch_ln111 = switch i6 %j_1, void %arrayidx177.case.55, i6 0, void %arrayidx177.case.0, i6 1, void %arrayidx177.case.1, i6 2, void %arrayidx177.case.2, i6 3, void %arrayidx177.case.3, i6 4, void %arrayidx177.case.4, i6 5, void %arrayidx177.case.5, i6 6, void %arrayidx177.case.6, i6 7, void %arrayidx177.case.7, i6 8, void %arrayidx177.case.8, i6 9, void %arrayidx177.case.9, i6 10, void %arrayidx177.case.10, i6 11, void %arrayidx177.case.11, i6 12, void %arrayidx177.case.12, i6 13, void %arrayidx177.case.13, i6 14, void %arrayidx177.case.14, i6 15, void %arrayidx177.case.15, i6 16, void %arrayidx177.case.16, i6 17, void %arrayidx177.case.17, i6 18, void %arrayidx177.case.18, i6 19, void %arrayidx177.case.19, i6 20, void %arrayidx177.case.20, i6 21, void %arrayidx177.case.21, i6 22, void %arrayidx177.case.22, i6 23, void %arrayidx177.case.23, i6 24, void %arrayidx177.case.24, i6 25, void %arrayidx177.case.25, i6 26, void %arrayidx177.case.26, i6 27, void %arrayidx177.case.27, i6 28, void %arrayidx177.case.28, i6 29, void %arrayidx177.case.29, i6 30, void %arrayidx177.case.30, i6 31, void %arrayidx177.case.31, i6 32, void %arrayidx177.case.32, i6 33, void %arrayidx177.case.33, i6 34, void %arrayidx177.case.34, i6 35, void %arrayidx177.case.35, i6 36, void %arrayidx177.case.36, i6 37, void %arrayidx177.case.37, i6 38, void %arrayidx177.case.38, i6 39, void %arrayidx177.case.39, i6 40, void %arrayidx177.case.40, i6 41, void %arrayidx177.case.41, i6 42, void %arrayidx177.case.42, i6 43, void %arrayidx177.case.43, i6 44, void %arrayidx177.case.44, i6 45, void %arrayidx177.case.45, i6 46, void %arrayidx177.case.46, i6 47, void %arrayidx177.case.47, i6 48, void %arrayidx177.case.48, i6 49, void %arrayidx177.case.49, i6 50, void %arrayidx177.case.50, i6 51, void %arrayidx177.case.51, i6 52, void %arrayidx177.case.52, i6 53, void %arrayidx177.case.53, i6 54, void %arrayidx177.case.54" [../src/sha256.c:111]   --->   Operation 14 'switch' 'switch_ln111' <Predicate = (!icmp_ln111)> <Delay = 1.82>
ST_1 : Operation 15 [1/1] (0.00ns)   --->   "%write_ln111 = write void @_ssdm_op_Write.ap_auto.i8P0A, i8 %in_data_54, i8 0" [../src/sha256.c:111]   --->   Operation 15 'write' 'write_ln111' <Predicate = (!icmp_ln111 & j_1 == 54)> <Delay = 0.00>
ST_1 : Operation 16 [1/1] (0.00ns)   --->   "%br_ln111 = br void %arrayidx177.exit" [../src/sha256.c:111]   --->   Operation 16 'br' 'br_ln111' <Predicate = (!icmp_ln111 & j_1 == 54)> <Delay = 0.00>
ST_1 : Operation 17 [1/1] (0.00ns)   --->   "%write_ln111 = write void @_ssdm_op_Write.ap_auto.i8P0A, i8 %in_data_53, i8 0" [../src/sha256.c:111]   --->   Operation 17 'write' 'write_ln111' <Predicate = (!icmp_ln111 & j_1 == 53)> <Delay = 0.00>
ST_1 : Operation 18 [1/1] (0.00ns)   --->   "%br_ln111 = br void %arrayidx177.exit" [../src/sha256.c:111]   --->   Operation 18 'br' 'br_ln111' <Predicate = (!icmp_ln111 & j_1 == 53)> <Delay = 0.00>
ST_1 : Operation 19 [1/1] (0.00ns)   --->   "%write_ln111 = write void @_ssdm_op_Write.ap_auto.i8P0A, i8 %in_data_52, i8 0" [../src/sha256.c:111]   --->   Operation 19 'write' 'write_ln111' <Predicate = (!icmp_ln111 & j_1 == 52)> <Delay = 0.00>
ST_1 : Operation 20 [1/1] (0.00ns)   --->   "%br_ln111 = br void %arrayidx177.exit" [../src/sha256.c:111]   --->   Operation 20 'br' 'br_ln111' <Predicate = (!icmp_ln111 & j_1 == 52)> <Delay = 0.00>
ST_1 : Operation 21 [1/1] (0.00ns)   --->   "%write_ln111 = write void @_ssdm_op_Write.ap_auto.i8P0A, i8 %in_data_51, i8 0" [../src/sha256.c:111]   --->   Operation 21 'write' 'write_ln111' <Predicate = (!icmp_ln111 & j_1 == 51)> <Delay = 0.00>
ST_1 : Operation 22 [1/1] (0.00ns)   --->   "%br_ln111 = br void %arrayidx177.exit" [../src/sha256.c:111]   --->   Operation 22 'br' 'br_ln111' <Predicate = (!icmp_ln111 & j_1 == 51)> <Delay = 0.00>
ST_1 : Operation 23 [1/1] (0.00ns)   --->   "%write_ln111 = write void @_ssdm_op_Write.ap_auto.i8P0A, i8 %in_data_50, i8 0" [../src/sha256.c:111]   --->   Operation 23 'write' 'write_ln111' <Predicate = (!icmp_ln111 & j_1 == 50)> <Delay = 0.00>
ST_1 : Operation 24 [1/1] (0.00ns)   --->   "%br_ln111 = br void %arrayidx177.exit" [../src/sha256.c:111]   --->   Operation 24 'br' 'br_ln111' <Predicate = (!icmp_ln111 & j_1 == 50)> <Delay = 0.00>
ST_1 : Operation 25 [1/1] (0.00ns)   --->   "%write_ln111 = write void @_ssdm_op_Write.ap_auto.i8P0A, i8 %in_data_49, i8 0" [../src/sha256.c:111]   --->   Operation 25 'write' 'write_ln111' <Predicate = (!icmp_ln111 & j_1 == 49)> <Delay = 0.00>
ST_1 : Operation 26 [1/1] (0.00ns)   --->   "%br_ln111 = br void %arrayidx177.exit" [../src/sha256.c:111]   --->   Operation 26 'br' 'br_ln111' <Predicate = (!icmp_ln111 & j_1 == 49)> <Delay = 0.00>
ST_1 : Operation 27 [1/1] (0.00ns)   --->   "%write_ln111 = write void @_ssdm_op_Write.ap_auto.i8P0A, i8 %in_data_48, i8 0" [../src/sha256.c:111]   --->   Operation 27 'write' 'write_ln111' <Predicate = (!icmp_ln111 & j_1 == 48)> <Delay = 0.00>
ST_1 : Operation 28 [1/1] (0.00ns)   --->   "%br_ln111 = br void %arrayidx177.exit" [../src/sha256.c:111]   --->   Operation 28 'br' 'br_ln111' <Predicate = (!icmp_ln111 & j_1 == 48)> <Delay = 0.00>
ST_1 : Operation 29 [1/1] (0.00ns)   --->   "%write_ln111 = write void @_ssdm_op_Write.ap_auto.i8P0A, i8 %in_data_47, i8 0" [../src/sha256.c:111]   --->   Operation 29 'write' 'write_ln111' <Predicate = (!icmp_ln111 & j_1 == 47)> <Delay = 0.00>
ST_1 : Operation 30 [1/1] (0.00ns)   --->   "%br_ln111 = br void %arrayidx177.exit" [../src/sha256.c:111]   --->   Operation 30 'br' 'br_ln111' <Predicate = (!icmp_ln111 & j_1 == 47)> <Delay = 0.00>
ST_1 : Operation 31 [1/1] (0.00ns)   --->   "%write_ln111 = write void @_ssdm_op_Write.ap_auto.i8P0A, i8 %in_data_46, i8 0" [../src/sha256.c:111]   --->   Operation 31 'write' 'write_ln111' <Predicate = (!icmp_ln111 & j_1 == 46)> <Delay = 0.00>
ST_1 : Operation 32 [1/1] (0.00ns)   --->   "%br_ln111 = br void %arrayidx177.exit" [../src/sha256.c:111]   --->   Operation 32 'br' 'br_ln111' <Predicate = (!icmp_ln111 & j_1 == 46)> <Delay = 0.00>
ST_1 : Operation 33 [1/1] (0.00ns)   --->   "%write_ln111 = write void @_ssdm_op_Write.ap_auto.i8P0A, i8 %in_data_45, i8 0" [../src/sha256.c:111]   --->   Operation 33 'write' 'write_ln111' <Predicate = (!icmp_ln111 & j_1 == 45)> <Delay = 0.00>
ST_1 : Operation 34 [1/1] (0.00ns)   --->   "%br_ln111 = br void %arrayidx177.exit" [../src/sha256.c:111]   --->   Operation 34 'br' 'br_ln111' <Predicate = (!icmp_ln111 & j_1 == 45)> <Delay = 0.00>
ST_1 : Operation 35 [1/1] (0.00ns)   --->   "%write_ln111 = write void @_ssdm_op_Write.ap_auto.i8P0A, i8 %in_data_44, i8 0" [../src/sha256.c:111]   --->   Operation 35 'write' 'write_ln111' <Predicate = (!icmp_ln111 & j_1 == 44)> <Delay = 0.00>
ST_1 : Operation 36 [1/1] (0.00ns)   --->   "%br_ln111 = br void %arrayidx177.exit" [../src/sha256.c:111]   --->   Operation 36 'br' 'br_ln111' <Predicate = (!icmp_ln111 & j_1 == 44)> <Delay = 0.00>
ST_1 : Operation 37 [1/1] (0.00ns)   --->   "%write_ln111 = write void @_ssdm_op_Write.ap_auto.i8P0A, i8 %in_data_43, i8 0" [../src/sha256.c:111]   --->   Operation 37 'write' 'write_ln111' <Predicate = (!icmp_ln111 & j_1 == 43)> <Delay = 0.00>
ST_1 : Operation 38 [1/1] (0.00ns)   --->   "%br_ln111 = br void %arrayidx177.exit" [../src/sha256.c:111]   --->   Operation 38 'br' 'br_ln111' <Predicate = (!icmp_ln111 & j_1 == 43)> <Delay = 0.00>
ST_1 : Operation 39 [1/1] (0.00ns)   --->   "%write_ln111 = write void @_ssdm_op_Write.ap_auto.i8P0A, i8 %in_data_42, i8 0" [../src/sha256.c:111]   --->   Operation 39 'write' 'write_ln111' <Predicate = (!icmp_ln111 & j_1 == 42)> <Delay = 0.00>
ST_1 : Operation 40 [1/1] (0.00ns)   --->   "%br_ln111 = br void %arrayidx177.exit" [../src/sha256.c:111]   --->   Operation 40 'br' 'br_ln111' <Predicate = (!icmp_ln111 & j_1 == 42)> <Delay = 0.00>
ST_1 : Operation 41 [1/1] (0.00ns)   --->   "%write_ln111 = write void @_ssdm_op_Write.ap_auto.i8P0A, i8 %in_data_41, i8 0" [../src/sha256.c:111]   --->   Operation 41 'write' 'write_ln111' <Predicate = (!icmp_ln111 & j_1 == 41)> <Delay = 0.00>
ST_1 : Operation 42 [1/1] (0.00ns)   --->   "%br_ln111 = br void %arrayidx177.exit" [../src/sha256.c:111]   --->   Operation 42 'br' 'br_ln111' <Predicate = (!icmp_ln111 & j_1 == 41)> <Delay = 0.00>
ST_1 : Operation 43 [1/1] (0.00ns)   --->   "%write_ln111 = write void @_ssdm_op_Write.ap_auto.i8P0A, i8 %in_data_40, i8 0" [../src/sha256.c:111]   --->   Operation 43 'write' 'write_ln111' <Predicate = (!icmp_ln111 & j_1 == 40)> <Delay = 0.00>
ST_1 : Operation 44 [1/1] (0.00ns)   --->   "%br_ln111 = br void %arrayidx177.exit" [../src/sha256.c:111]   --->   Operation 44 'br' 'br_ln111' <Predicate = (!icmp_ln111 & j_1 == 40)> <Delay = 0.00>
ST_1 : Operation 45 [1/1] (0.00ns)   --->   "%write_ln111 = write void @_ssdm_op_Write.ap_auto.i8P0A, i8 %in_data_39, i8 0" [../src/sha256.c:111]   --->   Operation 45 'write' 'write_ln111' <Predicate = (!icmp_ln111 & j_1 == 39)> <Delay = 0.00>
ST_1 : Operation 46 [1/1] (0.00ns)   --->   "%br_ln111 = br void %arrayidx177.exit" [../src/sha256.c:111]   --->   Operation 46 'br' 'br_ln111' <Predicate = (!icmp_ln111 & j_1 == 39)> <Delay = 0.00>
ST_1 : Operation 47 [1/1] (0.00ns)   --->   "%write_ln111 = write void @_ssdm_op_Write.ap_auto.i8P0A, i8 %in_data_38, i8 0" [../src/sha256.c:111]   --->   Operation 47 'write' 'write_ln111' <Predicate = (!icmp_ln111 & j_1 == 38)> <Delay = 0.00>
ST_1 : Operation 48 [1/1] (0.00ns)   --->   "%br_ln111 = br void %arrayidx177.exit" [../src/sha256.c:111]   --->   Operation 48 'br' 'br_ln111' <Predicate = (!icmp_ln111 & j_1 == 38)> <Delay = 0.00>
ST_1 : Operation 49 [1/1] (0.00ns)   --->   "%write_ln111 = write void @_ssdm_op_Write.ap_auto.i8P0A, i8 %in_data_37, i8 0" [../src/sha256.c:111]   --->   Operation 49 'write' 'write_ln111' <Predicate = (!icmp_ln111 & j_1 == 37)> <Delay = 0.00>
ST_1 : Operation 50 [1/1] (0.00ns)   --->   "%br_ln111 = br void %arrayidx177.exit" [../src/sha256.c:111]   --->   Operation 50 'br' 'br_ln111' <Predicate = (!icmp_ln111 & j_1 == 37)> <Delay = 0.00>
ST_1 : Operation 51 [1/1] (0.00ns)   --->   "%write_ln111 = write void @_ssdm_op_Write.ap_auto.i8P0A, i8 %in_data_36, i8 0" [../src/sha256.c:111]   --->   Operation 51 'write' 'write_ln111' <Predicate = (!icmp_ln111 & j_1 == 36)> <Delay = 0.00>
ST_1 : Operation 52 [1/1] (0.00ns)   --->   "%br_ln111 = br void %arrayidx177.exit" [../src/sha256.c:111]   --->   Operation 52 'br' 'br_ln111' <Predicate = (!icmp_ln111 & j_1 == 36)> <Delay = 0.00>
ST_1 : Operation 53 [1/1] (0.00ns)   --->   "%write_ln111 = write void @_ssdm_op_Write.ap_auto.i8P0A, i8 %in_data_35, i8 0" [../src/sha256.c:111]   --->   Operation 53 'write' 'write_ln111' <Predicate = (!icmp_ln111 & j_1 == 35)> <Delay = 0.00>
ST_1 : Operation 54 [1/1] (0.00ns)   --->   "%br_ln111 = br void %arrayidx177.exit" [../src/sha256.c:111]   --->   Operation 54 'br' 'br_ln111' <Predicate = (!icmp_ln111 & j_1 == 35)> <Delay = 0.00>
ST_1 : Operation 55 [1/1] (0.00ns)   --->   "%write_ln111 = write void @_ssdm_op_Write.ap_auto.i8P0A, i8 %in_data_34, i8 0" [../src/sha256.c:111]   --->   Operation 55 'write' 'write_ln111' <Predicate = (!icmp_ln111 & j_1 == 34)> <Delay = 0.00>
ST_1 : Operation 56 [1/1] (0.00ns)   --->   "%br_ln111 = br void %arrayidx177.exit" [../src/sha256.c:111]   --->   Operation 56 'br' 'br_ln111' <Predicate = (!icmp_ln111 & j_1 == 34)> <Delay = 0.00>
ST_1 : Operation 57 [1/1] (0.00ns)   --->   "%write_ln111 = write void @_ssdm_op_Write.ap_auto.i8P0A, i8 %in_data_33, i8 0" [../src/sha256.c:111]   --->   Operation 57 'write' 'write_ln111' <Predicate = (!icmp_ln111 & j_1 == 33)> <Delay = 0.00>
ST_1 : Operation 58 [1/1] (0.00ns)   --->   "%br_ln111 = br void %arrayidx177.exit" [../src/sha256.c:111]   --->   Operation 58 'br' 'br_ln111' <Predicate = (!icmp_ln111 & j_1 == 33)> <Delay = 0.00>
ST_1 : Operation 59 [1/1] (0.00ns)   --->   "%write_ln111 = write void @_ssdm_op_Write.ap_auto.i8P0A, i8 %in_data_32, i8 0" [../src/sha256.c:111]   --->   Operation 59 'write' 'write_ln111' <Predicate = (!icmp_ln111 & j_1 == 32)> <Delay = 0.00>
ST_1 : Operation 60 [1/1] (0.00ns)   --->   "%br_ln111 = br void %arrayidx177.exit" [../src/sha256.c:111]   --->   Operation 60 'br' 'br_ln111' <Predicate = (!icmp_ln111 & j_1 == 32)> <Delay = 0.00>
ST_1 : Operation 61 [1/1] (0.00ns)   --->   "%write_ln111 = write void @_ssdm_op_Write.ap_auto.i8P0A, i8 %in_data_31, i8 0" [../src/sha256.c:111]   --->   Operation 61 'write' 'write_ln111' <Predicate = (!icmp_ln111 & j_1 == 31)> <Delay = 0.00>
ST_1 : Operation 62 [1/1] (0.00ns)   --->   "%br_ln111 = br void %arrayidx177.exit" [../src/sha256.c:111]   --->   Operation 62 'br' 'br_ln111' <Predicate = (!icmp_ln111 & j_1 == 31)> <Delay = 0.00>
ST_1 : Operation 63 [1/1] (0.00ns)   --->   "%write_ln111 = write void @_ssdm_op_Write.ap_auto.i8P0A, i8 %in_data_30, i8 0" [../src/sha256.c:111]   --->   Operation 63 'write' 'write_ln111' <Predicate = (!icmp_ln111 & j_1 == 30)> <Delay = 0.00>
ST_1 : Operation 64 [1/1] (0.00ns)   --->   "%br_ln111 = br void %arrayidx177.exit" [../src/sha256.c:111]   --->   Operation 64 'br' 'br_ln111' <Predicate = (!icmp_ln111 & j_1 == 30)> <Delay = 0.00>
ST_1 : Operation 65 [1/1] (0.00ns)   --->   "%write_ln111 = write void @_ssdm_op_Write.ap_auto.i8P0A, i8 %in_data_29, i8 0" [../src/sha256.c:111]   --->   Operation 65 'write' 'write_ln111' <Predicate = (!icmp_ln111 & j_1 == 29)> <Delay = 0.00>
ST_1 : Operation 66 [1/1] (0.00ns)   --->   "%br_ln111 = br void %arrayidx177.exit" [../src/sha256.c:111]   --->   Operation 66 'br' 'br_ln111' <Predicate = (!icmp_ln111 & j_1 == 29)> <Delay = 0.00>
ST_1 : Operation 67 [1/1] (0.00ns)   --->   "%write_ln111 = write void @_ssdm_op_Write.ap_auto.i8P0A, i8 %in_data_28, i8 0" [../src/sha256.c:111]   --->   Operation 67 'write' 'write_ln111' <Predicate = (!icmp_ln111 & j_1 == 28)> <Delay = 0.00>
ST_1 : Operation 68 [1/1] (0.00ns)   --->   "%br_ln111 = br void %arrayidx177.exit" [../src/sha256.c:111]   --->   Operation 68 'br' 'br_ln111' <Predicate = (!icmp_ln111 & j_1 == 28)> <Delay = 0.00>
ST_1 : Operation 69 [1/1] (0.00ns)   --->   "%write_ln111 = write void @_ssdm_op_Write.ap_auto.i8P0A, i8 %in_data_27, i8 0" [../src/sha256.c:111]   --->   Operation 69 'write' 'write_ln111' <Predicate = (!icmp_ln111 & j_1 == 27)> <Delay = 0.00>
ST_1 : Operation 70 [1/1] (0.00ns)   --->   "%br_ln111 = br void %arrayidx177.exit" [../src/sha256.c:111]   --->   Operation 70 'br' 'br_ln111' <Predicate = (!icmp_ln111 & j_1 == 27)> <Delay = 0.00>
ST_1 : Operation 71 [1/1] (0.00ns)   --->   "%write_ln111 = write void @_ssdm_op_Write.ap_auto.i8P0A, i8 %in_data_26, i8 0" [../src/sha256.c:111]   --->   Operation 71 'write' 'write_ln111' <Predicate = (!icmp_ln111 & j_1 == 26)> <Delay = 0.00>
ST_1 : Operation 72 [1/1] (0.00ns)   --->   "%br_ln111 = br void %arrayidx177.exit" [../src/sha256.c:111]   --->   Operation 72 'br' 'br_ln111' <Predicate = (!icmp_ln111 & j_1 == 26)> <Delay = 0.00>
ST_1 : Operation 73 [1/1] (0.00ns)   --->   "%write_ln111 = write void @_ssdm_op_Write.ap_auto.i8P0A, i8 %in_data_25, i8 0" [../src/sha256.c:111]   --->   Operation 73 'write' 'write_ln111' <Predicate = (!icmp_ln111 & j_1 == 25)> <Delay = 0.00>
ST_1 : Operation 74 [1/1] (0.00ns)   --->   "%br_ln111 = br void %arrayidx177.exit" [../src/sha256.c:111]   --->   Operation 74 'br' 'br_ln111' <Predicate = (!icmp_ln111 & j_1 == 25)> <Delay = 0.00>
ST_1 : Operation 75 [1/1] (0.00ns)   --->   "%write_ln111 = write void @_ssdm_op_Write.ap_auto.i8P0A, i8 %in_data_24, i8 0" [../src/sha256.c:111]   --->   Operation 75 'write' 'write_ln111' <Predicate = (!icmp_ln111 & j_1 == 24)> <Delay = 0.00>
ST_1 : Operation 76 [1/1] (0.00ns)   --->   "%br_ln111 = br void %arrayidx177.exit" [../src/sha256.c:111]   --->   Operation 76 'br' 'br_ln111' <Predicate = (!icmp_ln111 & j_1 == 24)> <Delay = 0.00>
ST_1 : Operation 77 [1/1] (0.00ns)   --->   "%write_ln111 = write void @_ssdm_op_Write.ap_auto.i8P0A, i8 %in_data_23, i8 0" [../src/sha256.c:111]   --->   Operation 77 'write' 'write_ln111' <Predicate = (!icmp_ln111 & j_1 == 23)> <Delay = 0.00>
ST_1 : Operation 78 [1/1] (0.00ns)   --->   "%br_ln111 = br void %arrayidx177.exit" [../src/sha256.c:111]   --->   Operation 78 'br' 'br_ln111' <Predicate = (!icmp_ln111 & j_1 == 23)> <Delay = 0.00>
ST_1 : Operation 79 [1/1] (0.00ns)   --->   "%write_ln111 = write void @_ssdm_op_Write.ap_auto.i8P0A, i8 %in_data_22, i8 0" [../src/sha256.c:111]   --->   Operation 79 'write' 'write_ln111' <Predicate = (!icmp_ln111 & j_1 == 22)> <Delay = 0.00>
ST_1 : Operation 80 [1/1] (0.00ns)   --->   "%br_ln111 = br void %arrayidx177.exit" [../src/sha256.c:111]   --->   Operation 80 'br' 'br_ln111' <Predicate = (!icmp_ln111 & j_1 == 22)> <Delay = 0.00>
ST_1 : Operation 81 [1/1] (0.00ns)   --->   "%write_ln111 = write void @_ssdm_op_Write.ap_auto.i8P0A, i8 %in_data_21, i8 0" [../src/sha256.c:111]   --->   Operation 81 'write' 'write_ln111' <Predicate = (!icmp_ln111 & j_1 == 21)> <Delay = 0.00>
ST_1 : Operation 82 [1/1] (0.00ns)   --->   "%br_ln111 = br void %arrayidx177.exit" [../src/sha256.c:111]   --->   Operation 82 'br' 'br_ln111' <Predicate = (!icmp_ln111 & j_1 == 21)> <Delay = 0.00>
ST_1 : Operation 83 [1/1] (0.00ns)   --->   "%write_ln111 = write void @_ssdm_op_Write.ap_auto.i8P0A, i8 %in_data_20, i8 0" [../src/sha256.c:111]   --->   Operation 83 'write' 'write_ln111' <Predicate = (!icmp_ln111 & j_1 == 20)> <Delay = 0.00>
ST_1 : Operation 84 [1/1] (0.00ns)   --->   "%br_ln111 = br void %arrayidx177.exit" [../src/sha256.c:111]   --->   Operation 84 'br' 'br_ln111' <Predicate = (!icmp_ln111 & j_1 == 20)> <Delay = 0.00>
ST_1 : Operation 85 [1/1] (0.00ns)   --->   "%write_ln111 = write void @_ssdm_op_Write.ap_auto.i8P0A, i8 %in_data_19, i8 0" [../src/sha256.c:111]   --->   Operation 85 'write' 'write_ln111' <Predicate = (!icmp_ln111 & j_1 == 19)> <Delay = 0.00>
ST_1 : Operation 86 [1/1] (0.00ns)   --->   "%br_ln111 = br void %arrayidx177.exit" [../src/sha256.c:111]   --->   Operation 86 'br' 'br_ln111' <Predicate = (!icmp_ln111 & j_1 == 19)> <Delay = 0.00>
ST_1 : Operation 87 [1/1] (0.00ns)   --->   "%write_ln111 = write void @_ssdm_op_Write.ap_auto.i8P0A, i8 %in_data_18, i8 0" [../src/sha256.c:111]   --->   Operation 87 'write' 'write_ln111' <Predicate = (!icmp_ln111 & j_1 == 18)> <Delay = 0.00>
ST_1 : Operation 88 [1/1] (0.00ns)   --->   "%br_ln111 = br void %arrayidx177.exit" [../src/sha256.c:111]   --->   Operation 88 'br' 'br_ln111' <Predicate = (!icmp_ln111 & j_1 == 18)> <Delay = 0.00>
ST_1 : Operation 89 [1/1] (0.00ns)   --->   "%write_ln111 = write void @_ssdm_op_Write.ap_auto.i8P0A, i8 %in_data_17, i8 0" [../src/sha256.c:111]   --->   Operation 89 'write' 'write_ln111' <Predicate = (!icmp_ln111 & j_1 == 17)> <Delay = 0.00>
ST_1 : Operation 90 [1/1] (0.00ns)   --->   "%br_ln111 = br void %arrayidx177.exit" [../src/sha256.c:111]   --->   Operation 90 'br' 'br_ln111' <Predicate = (!icmp_ln111 & j_1 == 17)> <Delay = 0.00>
ST_1 : Operation 91 [1/1] (0.00ns)   --->   "%write_ln111 = write void @_ssdm_op_Write.ap_auto.i8P0A, i8 %in_data_16, i8 0" [../src/sha256.c:111]   --->   Operation 91 'write' 'write_ln111' <Predicate = (!icmp_ln111 & j_1 == 16)> <Delay = 0.00>
ST_1 : Operation 92 [1/1] (0.00ns)   --->   "%br_ln111 = br void %arrayidx177.exit" [../src/sha256.c:111]   --->   Operation 92 'br' 'br_ln111' <Predicate = (!icmp_ln111 & j_1 == 16)> <Delay = 0.00>
ST_1 : Operation 93 [1/1] (0.00ns)   --->   "%write_ln111 = write void @_ssdm_op_Write.ap_auto.i8P0A, i8 %in_data_15, i8 0" [../src/sha256.c:111]   --->   Operation 93 'write' 'write_ln111' <Predicate = (!icmp_ln111 & j_1 == 15)> <Delay = 0.00>
ST_1 : Operation 94 [1/1] (0.00ns)   --->   "%br_ln111 = br void %arrayidx177.exit" [../src/sha256.c:111]   --->   Operation 94 'br' 'br_ln111' <Predicate = (!icmp_ln111 & j_1 == 15)> <Delay = 0.00>
ST_1 : Operation 95 [1/1] (0.00ns)   --->   "%write_ln111 = write void @_ssdm_op_Write.ap_auto.i8P0A, i8 %in_data_14, i8 0" [../src/sha256.c:111]   --->   Operation 95 'write' 'write_ln111' <Predicate = (!icmp_ln111 & j_1 == 14)> <Delay = 0.00>
ST_1 : Operation 96 [1/1] (0.00ns)   --->   "%br_ln111 = br void %arrayidx177.exit" [../src/sha256.c:111]   --->   Operation 96 'br' 'br_ln111' <Predicate = (!icmp_ln111 & j_1 == 14)> <Delay = 0.00>
ST_1 : Operation 97 [1/1] (0.00ns)   --->   "%write_ln111 = write void @_ssdm_op_Write.ap_auto.i8P0A, i8 %in_data_13, i8 0" [../src/sha256.c:111]   --->   Operation 97 'write' 'write_ln111' <Predicate = (!icmp_ln111 & j_1 == 13)> <Delay = 0.00>
ST_1 : Operation 98 [1/1] (0.00ns)   --->   "%br_ln111 = br void %arrayidx177.exit" [../src/sha256.c:111]   --->   Operation 98 'br' 'br_ln111' <Predicate = (!icmp_ln111 & j_1 == 13)> <Delay = 0.00>
ST_1 : Operation 99 [1/1] (0.00ns)   --->   "%write_ln111 = write void @_ssdm_op_Write.ap_auto.i8P0A, i8 %in_data_12, i8 0" [../src/sha256.c:111]   --->   Operation 99 'write' 'write_ln111' <Predicate = (!icmp_ln111 & j_1 == 12)> <Delay = 0.00>
ST_1 : Operation 100 [1/1] (0.00ns)   --->   "%br_ln111 = br void %arrayidx177.exit" [../src/sha256.c:111]   --->   Operation 100 'br' 'br_ln111' <Predicate = (!icmp_ln111 & j_1 == 12)> <Delay = 0.00>
ST_1 : Operation 101 [1/1] (0.00ns)   --->   "%write_ln111 = write void @_ssdm_op_Write.ap_auto.i8P0A, i8 %in_data_11, i8 0" [../src/sha256.c:111]   --->   Operation 101 'write' 'write_ln111' <Predicate = (!icmp_ln111 & j_1 == 11)> <Delay = 0.00>
ST_1 : Operation 102 [1/1] (0.00ns)   --->   "%br_ln111 = br void %arrayidx177.exit" [../src/sha256.c:111]   --->   Operation 102 'br' 'br_ln111' <Predicate = (!icmp_ln111 & j_1 == 11)> <Delay = 0.00>
ST_1 : Operation 103 [1/1] (0.00ns)   --->   "%write_ln111 = write void @_ssdm_op_Write.ap_auto.i8P0A, i8 %in_data_10, i8 0" [../src/sha256.c:111]   --->   Operation 103 'write' 'write_ln111' <Predicate = (!icmp_ln111 & j_1 == 10)> <Delay = 0.00>
ST_1 : Operation 104 [1/1] (0.00ns)   --->   "%br_ln111 = br void %arrayidx177.exit" [../src/sha256.c:111]   --->   Operation 104 'br' 'br_ln111' <Predicate = (!icmp_ln111 & j_1 == 10)> <Delay = 0.00>
ST_1 : Operation 105 [1/1] (0.00ns)   --->   "%write_ln111 = write void @_ssdm_op_Write.ap_auto.i8P0A, i8 %in_data_9, i8 0" [../src/sha256.c:111]   --->   Operation 105 'write' 'write_ln111' <Predicate = (!icmp_ln111 & j_1 == 9)> <Delay = 0.00>
ST_1 : Operation 106 [1/1] (0.00ns)   --->   "%br_ln111 = br void %arrayidx177.exit" [../src/sha256.c:111]   --->   Operation 106 'br' 'br_ln111' <Predicate = (!icmp_ln111 & j_1 == 9)> <Delay = 0.00>
ST_1 : Operation 107 [1/1] (0.00ns)   --->   "%write_ln111 = write void @_ssdm_op_Write.ap_auto.i8P0A, i8 %in_data_8, i8 0" [../src/sha256.c:111]   --->   Operation 107 'write' 'write_ln111' <Predicate = (!icmp_ln111 & j_1 == 8)> <Delay = 0.00>
ST_1 : Operation 108 [1/1] (0.00ns)   --->   "%br_ln111 = br void %arrayidx177.exit" [../src/sha256.c:111]   --->   Operation 108 'br' 'br_ln111' <Predicate = (!icmp_ln111 & j_1 == 8)> <Delay = 0.00>
ST_1 : Operation 109 [1/1] (0.00ns)   --->   "%write_ln111 = write void @_ssdm_op_Write.ap_auto.i8P0A, i8 %in_data_7, i8 0" [../src/sha256.c:111]   --->   Operation 109 'write' 'write_ln111' <Predicate = (!icmp_ln111 & j_1 == 7)> <Delay = 0.00>
ST_1 : Operation 110 [1/1] (0.00ns)   --->   "%br_ln111 = br void %arrayidx177.exit" [../src/sha256.c:111]   --->   Operation 110 'br' 'br_ln111' <Predicate = (!icmp_ln111 & j_1 == 7)> <Delay = 0.00>
ST_1 : Operation 111 [1/1] (0.00ns)   --->   "%write_ln111 = write void @_ssdm_op_Write.ap_auto.i8P0A, i8 %in_data_6, i8 0" [../src/sha256.c:111]   --->   Operation 111 'write' 'write_ln111' <Predicate = (!icmp_ln111 & j_1 == 6)> <Delay = 0.00>
ST_1 : Operation 112 [1/1] (0.00ns)   --->   "%br_ln111 = br void %arrayidx177.exit" [../src/sha256.c:111]   --->   Operation 112 'br' 'br_ln111' <Predicate = (!icmp_ln111 & j_1 == 6)> <Delay = 0.00>
ST_1 : Operation 113 [1/1] (0.00ns)   --->   "%write_ln111 = write void @_ssdm_op_Write.ap_auto.i8P0A, i8 %in_data_5, i8 0" [../src/sha256.c:111]   --->   Operation 113 'write' 'write_ln111' <Predicate = (!icmp_ln111 & j_1 == 5)> <Delay = 0.00>
ST_1 : Operation 114 [1/1] (0.00ns)   --->   "%br_ln111 = br void %arrayidx177.exit" [../src/sha256.c:111]   --->   Operation 114 'br' 'br_ln111' <Predicate = (!icmp_ln111 & j_1 == 5)> <Delay = 0.00>
ST_1 : Operation 115 [1/1] (0.00ns)   --->   "%write_ln111 = write void @_ssdm_op_Write.ap_auto.i8P0A, i8 %in_data_4, i8 0" [../src/sha256.c:111]   --->   Operation 115 'write' 'write_ln111' <Predicate = (!icmp_ln111 & j_1 == 4)> <Delay = 0.00>
ST_1 : Operation 116 [1/1] (0.00ns)   --->   "%br_ln111 = br void %arrayidx177.exit" [../src/sha256.c:111]   --->   Operation 116 'br' 'br_ln111' <Predicate = (!icmp_ln111 & j_1 == 4)> <Delay = 0.00>
ST_1 : Operation 117 [1/1] (0.00ns)   --->   "%write_ln111 = write void @_ssdm_op_Write.ap_auto.i8P0A, i8 %in_data_3, i8 0" [../src/sha256.c:111]   --->   Operation 117 'write' 'write_ln111' <Predicate = (!icmp_ln111 & j_1 == 3)> <Delay = 0.00>
ST_1 : Operation 118 [1/1] (0.00ns)   --->   "%br_ln111 = br void %arrayidx177.exit" [../src/sha256.c:111]   --->   Operation 118 'br' 'br_ln111' <Predicate = (!icmp_ln111 & j_1 == 3)> <Delay = 0.00>
ST_1 : Operation 119 [1/1] (0.00ns)   --->   "%write_ln111 = write void @_ssdm_op_Write.ap_auto.i8P0A, i8 %in_data_2, i8 0" [../src/sha256.c:111]   --->   Operation 119 'write' 'write_ln111' <Predicate = (!icmp_ln111 & j_1 == 2)> <Delay = 0.00>
ST_1 : Operation 120 [1/1] (0.00ns)   --->   "%br_ln111 = br void %arrayidx177.exit" [../src/sha256.c:111]   --->   Operation 120 'br' 'br_ln111' <Predicate = (!icmp_ln111 & j_1 == 2)> <Delay = 0.00>
ST_1 : Operation 121 [1/1] (0.00ns)   --->   "%write_ln111 = write void @_ssdm_op_Write.ap_auto.i8P0A, i8 %in_data_1, i8 0" [../src/sha256.c:111]   --->   Operation 121 'write' 'write_ln111' <Predicate = (!icmp_ln111 & j_1 == 1)> <Delay = 0.00>
ST_1 : Operation 122 [1/1] (0.00ns)   --->   "%br_ln111 = br void %arrayidx177.exit" [../src/sha256.c:111]   --->   Operation 122 'br' 'br_ln111' <Predicate = (!icmp_ln111 & j_1 == 1)> <Delay = 0.00>
ST_1 : Operation 123 [1/1] (0.00ns)   --->   "%write_ln111 = write void @_ssdm_op_Write.ap_auto.i8P0A, i8 %in_data_0, i8 0" [../src/sha256.c:111]   --->   Operation 123 'write' 'write_ln111' <Predicate = (!icmp_ln111 & j_1 == 0)> <Delay = 0.00>
ST_1 : Operation 124 [1/1] (0.00ns)   --->   "%br_ln111 = br void %arrayidx177.exit" [../src/sha256.c:111]   --->   Operation 124 'br' 'br_ln111' <Predicate = (!icmp_ln111 & j_1 == 0)> <Delay = 0.00>
ST_1 : Operation 125 [1/1] (0.00ns)   --->   "%write_ln111 = write void @_ssdm_op_Write.ap_auto.i8P0A, i8 %in_data_55, i8 0" [../src/sha256.c:111]   --->   Operation 125 'write' 'write_ln111' <Predicate = (!icmp_ln111 & j_1 == 63) | (!icmp_ln111 & j_1 == 62) | (!icmp_ln111 & j_1 == 61) | (!icmp_ln111 & j_1 == 60) | (!icmp_ln111 & j_1 == 59) | (!icmp_ln111 & j_1 == 58) | (!icmp_ln111 & j_1 == 57) | (!icmp_ln111 & j_1 == 55)> <Delay = 0.00>
ST_1 : Operation 126 [1/1] (0.00ns)   --->   "%br_ln111 = br void %arrayidx177.exit" [../src/sha256.c:111]   --->   Operation 126 'br' 'br_ln111' <Predicate = (!icmp_ln111 & j_1 == 63) | (!icmp_ln111 & j_1 == 62) | (!icmp_ln111 & j_1 == 61) | (!icmp_ln111 & j_1 == 60) | (!icmp_ln111 & j_1 == 59) | (!icmp_ln111 & j_1 == 58) | (!icmp_ln111 & j_1 == 57) | (!icmp_ln111 & j_1 == 55)> <Delay = 0.00>
ST_1 : Operation 127 [1/1] (1.58ns)   --->   "%store_ln98 = store i6 %add_ln111, i6 %j" [../src/sha256.c:98]   --->   Operation 127 'store' 'store_ln98' <Predicate = (!icmp_ln111)> <Delay = 1.58>
ST_1 : Operation 128 [1/1] (0.00ns)   --->   "%br_ln111 = br void %for.inc" [../src/sha256.c:111]   --->   Operation 128 'br' 'br_ln111' <Predicate = (!icmp_ln111)> <Delay = 0.00>
ST_1 : Operation 129 [1/1] (1.58ns)   --->   "%ret_ln0 = ret"   --->   Operation 129 'ret' 'ret_ln0' <Predicate = (icmp_ln111)> <Delay = 1.58>


============================================================
+ Verbose Summary: Timing violations
============================================================
Target clock period: 10.000ns, clock uncertainty: 2.700ns.

 <State 1>: 5.001ns
The critical path consists of the following:
	'store' operation 0 bit ('store_ln98', ../src/sha256.c:98) of constant 0 on local variable 'j', ../src/sha256.c:98 [58]  (1.588 ns)
	'load' operation 6 bit ('j', ../src/sha256.c:111) on local variable 'j', ../src/sha256.c:98 [61]  (0.000 ns)
	'icmp' operation 1 bit ('icmp_ln111', ../src/sha256.c:111) [62]  (1.825 ns)
	'store' operation 0 bit ('store_ln98', ../src/sha256.c:98) of variable 'add_ln111', ../src/sha256.c:111 on local variable 'j', ../src/sha256.c:98 [239]  (1.588 ns)


============================================================
+ Verbose Summary: Binding
============================================================
N/A
* FSMD analyzer results:
  - Output states:
 - Input state : 
  - Chain level:
	State 1


============================================================
+ Verbose Summary: Datapath Resource usage 
============================================================
N/A
